ERROR:358:cannot find symbol\n  symbol\d   method getIndexMenu()\n  location\d variable iDMark of type com.girlkun.models.player.IDMark
ERROR:371:cannot find symbol\n  symbol\d   method getIndexMenu()\n  location\d variable iDMark of type com.girlkun.models.player.IDMark
ERROR:445:cannot find symbol\n  symbol\d   method getIndexMenu()\n  location\d variable iDMark of type com.girlkun.models.player.IDMark
ERROR:661:cannot find symbol\n  symbol\d   method getIndexMenu()\n  location\d variable iDMark of type com.girlkun.models.player.IDMark
ERROR:690:cannot find symbol\n  symbol\d   method getIndexMenu()\n  location\d variable iDMark of type com.girlkun.models.player.IDMark
ERROR:719:cannot find symbol\n  symbol\d   method getIndexMenu()\n  location\d variable iDMark of type com.girlkun.models.player.IDMark
ERROR:795:cannot find symbol\n  symbol\d   method getIndexMenu()\n  location\d variable iDMark of type com.girlkun.models.player.IDMark
ERROR:811:cannot find symbol\n  symbol\d   method getIndexMenu()\n  location\d variable iDMark of type com.girlkun.models.player.IDMark
ERROR:835:cannot find symbol\n  symbol\d   method getIndexMenu()\n  location\d variable iDMark of type com.girlkun.models.player.IDMark
ERROR:858:cannot find symbol\n  symbol\d   method getIndexMenu()\n  location\d variable iDMark of type com.girlkun.models.player.IDMark
ERROR:882:cannot find symbol\n  symbol\d   method getIndexMenu()\n  location\d variable iDMark of type com.girlkun.models.player.IDMark
ERROR:954:cannot find symbol\n  symbol\d   method getIndexMenu()\n  location\d variable iDMark of type com.girlkun.models.player.IDMark
ERROR:1001:cannot find symbol\n  symbol\d   method getIndexMenu()\n  location\d variable iDMark of type com.girlkun.models.player.IDMark
ERROR:1013:cannot find symbol\n  symbol\d   method getIndexMenu()\n  location\d variable iDMark of type com.girlkun.models.player.IDMark
ERROR:1027:cannot find symbol\n  symbol\d   method getIndexMenu()\n  location\d variable iDMark of type com.girlkun.models.player.IDMark
ERROR:1031:cannot find symbol\n  symbol\d   method getIndexMenu()\n  location\d variable iDMark of type com.girlkun.models.player.IDMark
ERROR:1136:cannot find symbol\n  symbol\d   method getIndexMenu()\n  location\d variable iDMark of type com.girlkun.models.player.IDMark
ERROR:1203:cannot find symbol\n  symbol\d   method setIndexMenu(int)\n  location\d variable iDMark of type com.girlkun.models.player.IDMark
ERROR:1327:cannot find symbol\n  symbol\d   method getIndexMenu()\n  location\d variable iDMark of type com.girlkun.models.player.IDMark
ERROR:1333:cannot find symbol\n  symbol\d   method getIndexMenu()\n  location\d variable iDMark of type com.girlkun.models.player.IDMark
ERROR:1415:cannot find symbol\n  symbol\d   method getIndexMenu()\n  location\d variable iDMark of type com.girlkun.models.player.IDMark
ERROR:1462:cannot find symbol\n  symbol\d   method getIndexMenu()\n  location\d variable iDMark of type com.girlkun.models.player.IDMark
ERROR:1597:cannot find symbol\n  symbol\d   method getIndexMenu()\n  location\d variable iDMark of type com.girlkun.models.player.IDMark
ERROR:1617:cannot find symbol\n  symbol\d   method getIndexMenu()\n  location\d variable iDMark of type com.girlkun.models.player.IDMark
ERROR:1630:cannot find symbol\n  symbol\d   method getIndexMenu()\n  location\d variable iDMark of type com.girlkun.models.player.IDMark
ERROR:1660:cannot find symbol\n  symbol\d   method getLastTimeOpen()\n  location\d variable doanhTrai of type com.girlkun.models.map.doanhtrai.DoanhTrai
ERROR:1702:cannot find symbol\n  symbol\d   method getIndexMenu()\n  location\d variable iDMark of type com.girlkun.models.player.IDMark
ERROR:1742:cannot find symbol\n  symbol\d   method getIndexMenu()\n  location\d variable iDMark of type com.girlkun.models.player.IDMark
ERROR:1846:cannot find symbol\n  symbol\d   method getIndexMenu()\n  location\d variable iDMark of type com.girlkun.models.player.IDMark
ERROR:1864:cannot find symbol\n  symbol\d   method getIndexMenu()\n  location\d variable iDMark of type com.girlkun.models.player.IDMark
ERROR:1966:cannot find symbol\n  symbol\d   method getIndexMenu()\n  location\d variable iDMark of type com.girlkun.models.player.IDMark
ERROR:1978:cannot find symbol\n  symbol\d   method setTypeChangeMap(int)\n  location\d variable iDMark of type com.girlkun.models.player.IDMark
ERROR:1999:cannot find symbol\n  symbol\d   method isHoldBlackBall()\n  location\d variable iDMark of type com.girlkun.models.player.IDMark
ERROR:2004:cannot find symbol\n  symbol\d   method isHoldBlackBall()\n  location\d variable iDMark of type com.girlkun.models.player.IDMark
ERROR:2016:cannot find symbol\n  symbol\d   method getIndexMenu()\n  location\d variable iDMark of type com.girlkun.models.player.IDMark
ERROR:2026:cannot find symbol\n  symbol\d   method getIndexMenu()\n  location\d variable iDMark of type com.girlkun.models.player.IDMark
ERROR:2034:cannot find symbol\n  symbol\d   method getIndexMenu()\n  location\d variable iDMark of type com.girlkun.models.player.IDMark
ERROR:2166:cannot find symbol\n  symbol\d   method getIndexMenu()\n  location\d variable iDMark of type com.girlkun.models.player.IDMark
ERROR:2224:cannot find symbol\n  symbol\d   method getIndexMenu()\n  location\d variable iDMark of type com.girlkun.models.player.IDMark
ERROR:2292:cannot find symbol\n  symbol\d   method getIndexMenu()\n  location\d variable iDMark of type com.girlkun.models.player.IDMark
ERROR:2302:cannot find symbol\n  symbol\d   method getIndexMenu()\n  location\d variable iDMark of type com.girlkun.models.player.IDMark
ERROR:2370:cannot find symbol\n  symbol\d   method getIndexMenu()\n  location\d variable iDMark of type com.girlkun.models.player.IDMark
ERROR:2415:cannot find symbol\n  symbol\d   method getIndexMenu()\n  location\d variable iDMark of type com.girlkun.models.player.IDMark
ERROR:2520:cannot find symbol\n  symbol\d   method getIndexMenu()\n  location\d variable iDMark of type com.girlkun.models.player.IDMark
ERROR:2530:cannot find symbol\n  symbol\d   method getIndexMenu()\n  location\d variable iDMark of type com.girlkun.models.player.IDMark
ERROR:2549:cannot find symbol\n  symbol\d   method getIndexMenu()\n  location\d variable iDMark of type com.girlkun.models.player.IDMark
ERROR:2698:cannot find symbol\n  symbol\d   method getIndexMenu()\n  location\d variable iDMark of type com.girlkun.models.player.IDMark
ERROR:2710:cannot find symbol\n  symbol\d   method getIndexMenu()\n  location\d variable iDMark of type com.girlkun.models.player.IDMark
ERROR:2715:cannot find symbol\n  symbol\d   method getIndexMenu()\n  location\d variable iDMark of type com.girlkun.models.player.IDMark
ERROR:2720:cannot find symbol\n  symbol\d   method getIndexMenu()\n  location\d variable iDMark of type com.girlkun.models.player.IDMark
ERROR:2731:cannot find symbol\n  symbol\d   method getIndexMenu()\n  location\d variable iDMark of type com.girlkun.models.player.IDMark
ERROR:2786:cannot find symbol\n  symbol\d   method getIndexMenu()\n  location\d variable iDMark of type com.girlkun.models.player.IDMark
ERROR:2795:cannot find symbol\n  symbol\d   method getIndexMenu()\n  location\d variable iDMark of type com.girlkun.models.player.IDMark
ERROR:2802:cannot find symbol\n  symbol\d   method getIndexMenu()\n  location\d variable iDMark of type com.girlkun.models.player.IDMark
ERROR:2854:cannot find symbol\n  symbol\d   method getIdItemUpTop()\n  location\d variable iDMark of type com.girlkun.models.player.IDMark
ERROR:2855:cannot find symbol\n  symbol\d   method getIdItemUpTop()\n  location\d variable iDMark of type com.girlkun.models.player.IDMark
ERROR:2872:cannot find symbol\n  symbol\d   method setIdItemUpTop(int)\n  location\d variable iDMark of type com.girlkun.models.player.IDMark
