ERROR:3:package com.arriety.card does not exist
ERROR:4:package com.arriety.card does not exist
ERROR:5:package com.girlkun.database does not exist
ERROR:6:package com.girlkun.result does not exist
ERROR:14:cannot find symbol\n  symbol\d   class BillEgg\n  location\d package com.girlkun.models.npc.specialnpc
ERROR:23:package com.girlkun.network.server does not exist
ERROR:24:package com.girlkun.network.session does not exist
ERROR:49:package org.json.simple does not exist
ERROR:50:package org.json.simple does not exist
ERROR:51:package org.json.simple does not exist
ERROR:55:cannot find symbol\n  symbol\d   class JSONArray\n  location\d class com.girlkun.jdbc.daos.GodGK
ERROR:55:cannot find symbol\n  symbol\d   class OptionCard\n  location\d class com.girlkun.jdbc.daos.GodGK
ERROR:56:cannot find symbol\n  symbol\d   class OptionCard\n  location\d class com.girlkun.jdbc.daos.GodGK
ERROR:59:cannot find symbol\n  symbol\d   class JSONObject\n  location\d class com.girlkun.jdbc.daos.GodGK
ERROR:59:cannot find symbol\n  symbol\d   class JSONObject\n  location\d class com.girlkun.jdbc.daos.GodGK
ERROR:61:cannot find symbol\n  symbol\d   class OptionCard\n  location\d class com.girlkun.jdbc.daos.GodGK
ERROR:71:cannot find symbol\n  symbol\d   class GirlkunResultSet\n  location\d class com.girlkun.jdbc.daos.GodGK
ERROR:73:cannot find symbol\n  symbol\d   variable GirlkunDB\n  location\d class com.girlkun.jdbc.daos.GodGK
ERROR:95:cannot find symbol\n  symbol\d   method gI()\n  location\d class com.girlkun.services.Service
ERROR:97:cannot find symbol\n  symbol\d   method gI()\n  location\d class com.girlkun.services.Service
ERROR:100:cannot find symbol\n  symbol\d   method gI()\n  location\d class com.girlkun.services.Service
ERROR:103:cannot find symbol\n  symbol\d   method gI()\n  location\d class com.girlkun.services.Service
ERROR:109:cannot find symbol\n  symbol\d   method gI()\n  location\d class com.girlkun.services.Service
ERROR:115:cannot find symbol\n  symbol\d   method gI()\n  location\d class com.girlkun.services.Service
ERROR:117:cannot find symbol\n  symbol\d   variable GirlkunDB\n  location\d class com.girlkun.jdbc.daos.GodGK
ERROR:119:cannot find symbol\n  symbol\d   method gI()\n  location\d class com.girlkun.services.Service
ERROR:123:cannot find symbol\n  symbol\d   method gI()\n  location\d class com.girlkun.services.Service
ERROR:132:cannot find symbol\n  symbol\d   class JSONValue\n  location\d class com.girlkun.jdbc.daos.GodGK
ERROR:132:cannot find symbol\n  symbol\d   class JSONValue\n  location\d class com.girlkun.jdbc.daos.GodGK
ERROR:133:cannot find symbol\n  symbol\d   class JSONArray\n  location\d class com.girlkun.jdbc.daos.GodGK
ERROR:161:cannot find symbol\n  symbol\d   class JSONArray\n  location\d class com.girlkun.jdbc.daos.GodGK
ERROR:179:cannot find symbol\n  symbol\d   class JSONArray\n  location\d class com.girlkun.jdbc.daos.GodGK
ERROR:181:cannot find symbol\n  symbol\d   class JSONObject\n  location\d class com.girlkun.jdbc.daos.GodGK
ERROR:181:cannot find symbol\n  symbol\d   class JSONObject\n  location\d class com.girlkun.jdbc.daos.GodGK
ERROR:182:cannot find symbol\n  symbol\d   class Card\n  location\d class com.girlkun.jdbc.daos.GodGK
ERROR:182:cannot find symbol\n  symbol\d   class JSONArray\n  location\d class com.girlkun.jdbc.daos.GodGK
ERROR:182:cannot find symbol\n  symbol\d   variable JSONValue\n  location\d class com.girlkun.jdbc.daos.GodGK
ERROR:188:cannot find symbol\n  symbol\d   class JSONArray\n  location\d class com.girlkun.jdbc.daos.GodGK
ERROR:206:cannot find symbol\n  symbol\d   class JSONArray\n  location\d class com.girlkun.jdbc.daos.GodGK
ERROR:223:cannot find symbol\n  symbol\d   class JSONArray\n  location\d class com.girlkun.jdbc.daos.GodGK
ERROR:233:cannot find symbol\n  symbol\d   class JSONArray\n  location\d class com.girlkun.jdbc.daos.GodGK
ERROR:234:cannot find symbol\n  symbol\d   class JSONArray\n  location\d class com.girlkun.jdbc.daos.GodGK
ERROR:236:cannot find symbol\n  symbol\d   class JSONArray\n  location\d class com.girlkun.jdbc.daos.GodGK
ERROR:249:cannot find symbol\n  symbol\d   class JSONArray\n  location\d class com.girlkun.jdbc.daos.GodGK
ERROR:252:cannot find symbol\n  symbol\d   class JSONArray\n  location\d class com.girlkun.jdbc.daos.GodGK
ERROR:252:cannot find symbol\n  symbol\d   class JSONArray\n  location\d class com.girlkun.jdbc.daos.GodGK
ERROR:256:cannot find symbol\n  symbol\d   class JSONArray\n  location\d class com.girlkun.jdbc.daos.GodGK
ERROR:256:cannot find symbol\n  symbol\d   class JSONArray\n  location\d class com.girlkun.jdbc.daos.GodGK
ERROR:258:cannot find symbol\n  symbol\d   class JSONArray\n  location\d class com.girlkun.jdbc.daos.GodGK
ERROR:258:cannot find symbol\n  symbol\d   class JSONArray\n  location\d class com.girlkun.jdbc.daos.GodGK
ERROR:277:cannot find symbol\n  symbol\d   class JSONArray\n  location\d class com.girlkun.jdbc.daos.GodGK
ERROR:280:cannot find symbol\n  symbol\d   class JSONArray\n  location\d class com.girlkun.jdbc.daos.GodGK
ERROR:280:cannot find symbol\n  symbol\d   class JSONArray\n  location\d class com.girlkun.jdbc.daos.GodGK
ERROR:284:cannot find symbol\n  symbol\d   class JSONArray\n  location\d class com.girlkun.jdbc.daos.GodGK
ERROR:284:cannot find symbol\n  symbol\d   class JSONArray\n  location\d class com.girlkun.jdbc.daos.GodGK
ERROR:286:cannot find symbol\n  symbol\d   class JSONArray\n  location\d class com.girlkun.jdbc.daos.GodGK
ERROR:286:cannot find symbol\n  symbol\d   class JSONArray\n  location\d class com.girlkun.jdbc.daos.GodGK
ERROR:302:cannot find symbol\n  symbol\d   class JSONArray\n  location\d class com.girlkun.jdbc.daos.GodGK
ERROR:305:cannot find symbol\n  symbol\d   class JSONArray\n  location\d class com.girlkun.jdbc.daos.GodGK
ERROR:305:cannot find symbol\n  symbol\d   class JSONArray\n  location\d class com.girlkun.jdbc.daos.GodGK
ERROR:309:cannot find symbol\n  symbol\d   class JSONArray\n  location\d class com.girlkun.jdbc.daos.GodGK
ERROR:309:cannot find symbol\n  symbol\d   class JSONArray\n  location\d class com.girlkun.jdbc.daos.GodGK
ERROR:311:cannot find symbol\n  symbol\d   class JSONArray\n  location\d class com.girlkun.jdbc.daos.GodGK
ERROR:311:cannot find symbol\n  symbol\d   class JSONArray\n  location\d class com.girlkun.jdbc.daos.GodGK
ERROR:327:cannot find symbol\n  symbol\d   class JSONArray\n  location\d class com.girlkun.jdbc.daos.GodGK
ERROR:330:cannot find symbol\n  symbol\d   class JSONArray\n  location\d class com.girlkun.jdbc.daos.GodGK
ERROR:330:cannot find symbol\n  symbol\d   class JSONArray\n  location\d class com.girlkun.jdbc.daos.GodGK
ERROR:334:cannot find symbol\n  symbol\d   class JSONArray\n  location\d class com.girlkun.jdbc.daos.GodGK
ERROR:334:cannot find symbol\n  symbol\d   class JSONArray\n  location\d class com.girlkun.jdbc.daos.GodGK
ERROR:336:cannot find symbol\n  symbol\d   class JSONArray\n  location\d class com.girlkun.jdbc.daos.GodGK
ERROR:336:cannot find symbol\n  symbol\d   class JSONArray\n  location\d class com.girlkun.jdbc.daos.GodGK
ERROR:346:cannot find symbol\n  symbol\d   class JSONArray\n  location\d class com.girlkun.jdbc.daos.GodGK
ERROR:349:cannot find symbol\n  symbol\d   class JSONArray\n  location\d class com.girlkun.jdbc.daos.GodGK
ERROR:349:cannot find symbol\n  symbol\d   class JSONArray\n  location\d class com.girlkun.jdbc.daos.GodGK
ERROR:365:cannot find symbol\n  symbol\d   class JSONArray\n  location\d class com.girlkun.jdbc.daos.GodGK
ERROR:368:cannot find symbol\n  symbol\d   class JSONArray\n  location\d class com.girlkun.jdbc.daos.GodGK
ERROR:368:cannot find symbol\n  symbol\d   class JSONArray\n  location\d class com.girlkun.jdbc.daos.GodGK
ERROR:384:cannot find symbol\n  symbol\d   class JSONArray\n  location\d class com.girlkun.jdbc.daos.GodGK
ERROR:393:cannot find symbol\n  symbol\d   class JSONArray\n  location\d class com.girlkun.jdbc.daos.GodGK
ERROR:457:cannot find symbol\n  symbol\d   class JSONArray\n  location\d class com.girlkun.jdbc.daos.GodGK
ERROR:465:cannot find symbol\n  symbol\d   class JSONArray\n  location\d class com.girlkun.jdbc.daos.GodGK
ERROR:479:cannot find symbol\n  symbol\d   class JSONArray\n  location\d class com.girlkun.jdbc.daos.GodGK
ERROR:487:cannot find symbol\n  symbol\d   class JSONArray\n  location\d class com.girlkun.jdbc.daos.GodGK
ERROR:489:cannot find symbol\n  symbol\d   variable billEgg\n  location\d variable player of type com.girlkun.models.player.Player
ERROR:489:cannot find symbol\n  symbol\d   class BillEgg\n  location\d class com.girlkun.jdbc.daos.GodGK
ERROR:495:cannot find symbol\n  symbol\d   class JSONArray\n  location\d class com.girlkun.jdbc.daos.GodGK
ERROR:509:cannot find symbol\n  symbol\d   class JSONArray\n  location\d class com.girlkun.jdbc.daos.GodGK
ERROR:511:cannot find symbol\n  symbol\d   class JSONArray\n  location\d class com.girlkun.jdbc.daos.GodGK
ERROR:511:cannot find symbol\n  symbol\d   class JSONArray\n  location\d class com.girlkun.jdbc.daos.GodGK
ERROR:526:cannot find symbol\n  symbol\d   class JSONArray\n  location\d class com.girlkun.jdbc.daos.GodGK
ERROR:543:cannot find symbol\n  symbol\d   class JSONArray\n  location\d class com.girlkun.jdbc.daos.GodGK
ERROR:543:cannot find symbol\n  symbol\d   class JSONArray\n  location\d class com.girlkun.jdbc.daos.GodGK
ERROR:545:cannot find symbol\n  symbol\d   class JSONArray\n  location\d class com.girlkun.jdbc.daos.GodGK
ERROR:562:cannot find symbol\n  symbol\d   class JSONArray\n  location\d class com.girlkun.jdbc.daos.GodGK
ERROR:577:cannot find symbol\n  symbol\d   class JSONArray\n  location\d class com.girlkun.jdbc.daos.GodGK
ERROR:580:cannot find symbol\n  symbol\d   class JSONArray\n  location\d class com.girlkun.jdbc.daos.GodGK
ERROR:580:cannot find symbol\n  symbol\d   class JSONArray\n  location\d class com.girlkun.jdbc.daos.GodGK
ERROR:584:cannot find symbol\n  symbol\d   class JSONArray\n  location\d class com.girlkun.jdbc.daos.GodGK
ERROR:584:cannot find symbol\n  symbol\d   class JSONArray\n  location\d class com.girlkun.jdbc.daos.GodGK
ERROR:586:cannot find symbol\n  symbol\d   class JSONArray\n  location\d class com.girlkun.jdbc.daos.GodGK
ERROR:586:cannot find symbol\n  symbol\d   class JSONArray\n  location\d class com.girlkun.jdbc.daos.GodGK
ERROR:602:cannot find symbol\n  symbol\d   class JSONArray\n  location\d class com.girlkun.jdbc.daos.GodGK
ERROR:604:cannot find symbol\n  symbol\d   class JSONArray\n  location\d class com.girlkun.jdbc.daos.GodGK
ERROR:604:cannot find symbol\n  symbol\d   class JSONArray\n  location\d class com.girlkun.jdbc.daos.GodGK
ERROR:632:cannot find symbol\n  symbol\d   method setLoadedAllDataPlayer(boolean)\n  location\d variable iDMark of type com.girlkun.models.player.IDMark
ERROR:633:cannot find symbol\n  symbol\d   variable GirlkunDB\n  location\d class com.girlkun.jdbc.daos.GodGK
ERROR:639:cannot find symbol\n  symbol\d   method gI()\n  location\d class com.girlkun.services.Service
ERROR:658:cannot find symbol\n  symbol\d   class JSONValue\n  location\d class com.girlkun.jdbc.daos.GodGK
ERROR:658:cannot find symbol\n  symbol\d   class JSONValue\n  location\d class com.girlkun.jdbc.daos.GodGK
ERROR:659:cannot find symbol\n  symbol\d   class JSONArray\n  location\d class com.girlkun.jdbc.daos.GodGK
ERROR:660:cannot find symbol\n  symbol\d   class JSONObject\n  location\d class com.girlkun.jdbc.daos.GodGK
ERROR:665:cannot find symbol\n  symbol\d   variable GirlkunDB\n  location\d class com.girlkun.jdbc.daos.GodGK
ERROR:679:cannot find symbol\n  symbol\d   class JSONArray\n  location\d class com.girlkun.jdbc.daos.GodGK
ERROR:679:cannot find symbol\n  symbol\d   variable JSONValue\n  location\d class com.girlkun.jdbc.daos.GodGK
ERROR:691:cannot find symbol\n  symbol\d   class JSONArray\n  location\d class com.girlkun.jdbc.daos.GodGK
ERROR:691:cannot find symbol\n  symbol\d   variable JSONValue\n  location\d class com.girlkun.jdbc.daos.GodGK
ERROR:708:cannot find symbol\n  symbol\d   class JSONArray\n  location\d class com.girlkun.jdbc.daos.GodGK
ERROR:708:cannot find symbol\n  symbol\d   variable JSONValue\n  location\d class com.girlkun.jdbc.daos.GodGK
ERROR:711:cannot find symbol\n  symbol\d   class JSONArray\n  location\d class com.girlkun.jdbc.daos.GodGK
ERROR:711:cannot find symbol\n  symbol\d   class JSONArray\n  location\d class com.girlkun.jdbc.daos.GodGK
ERROR:711:cannot find symbol\n  symbol\d   variable JSONValue\n  location\d class com.girlkun.jdbc.daos.GodGK
ERROR:715:cannot find symbol\n  symbol\d   class JSONArray\n  location\d class com.girlkun.jdbc.daos.GodGK
ERROR:715:cannot find symbol\n  symbol\d   class JSONArray\n  location\d class com.girlkun.jdbc.daos.GodGK
ERROR:715:cannot find symbol\n  symbol\d   variable JSONValue\n  location\d class com.girlkun.jdbc.daos.GodGK
ERROR:717:cannot find symbol\n  symbol\d   class JSONArray\n  location\d class com.girlkun.jdbc.daos.GodGK
ERROR:717:cannot find symbol\n  symbol\d   class JSONArray\n  location\d class com.girlkun.jdbc.daos.GodGK
ERROR:717:cannot find symbol\n  symbol\d   variable JSONValue\n  location\d class com.girlkun.jdbc.daos.GodGK
ERROR:735:cannot find symbol\n  symbol\d   class JSONArray\n  location\d class com.girlkun.jdbc.daos.GodGK
ERROR:735:cannot find symbol\n  symbol\d   variable JSONValue\n  location\d class com.girlkun.jdbc.daos.GodGK
ERROR:738:cannot find symbol\n  symbol\d   class JSONArray\n  location\d class com.girlkun.jdbc.daos.GodGK
ERROR:738:cannot find symbol\n  symbol\d   class JSONArray\n  location\d class com.girlkun.jdbc.daos.GodGK
ERROR:738:cannot find symbol\n  symbol\d   variable JSONValue\n  location\d class com.girlkun.jdbc.daos.GodGK
ERROR:742:cannot find symbol\n  symbol\d   class JSONArray\n  location\d class com.girlkun.jdbc.daos.GodGK
ERROR:742:cannot find symbol\n  symbol\d   class JSONArray\n  location\d class com.girlkun.jdbc.daos.GodGK
ERROR:742:cannot find symbol\n  symbol\d   variable JSONValue\n  location\d class com.girlkun.jdbc.daos.GodGK
ERROR:744:cannot find symbol\n  symbol\d   class JSONArray\n  location\d class com.girlkun.jdbc.daos.GodGK
ERROR:744:cannot find symbol\n  symbol\d   class JSONArray\n  location\d class com.girlkun.jdbc.daos.GodGK
ERROR:744:cannot find symbol\n  symbol\d   variable JSONValue\n  location\d class com.girlkun.jdbc.daos.GodGK
ERROR:761:cannot find symbol\n  symbol\d   class JSONArray\n  location\d class com.girlkun.jdbc.daos.GodGK
ERROR:761:cannot find symbol\n  symbol\d   variable JSONValue\n  location\d class com.girlkun.jdbc.daos.GodGK
ERROR:764:cannot find symbol\n  symbol\d   class JSONArray\n  location\d class com.girlkun.jdbc.daos.GodGK
ERROR:764:cannot find symbol\n  symbol\d   class JSONArray\n  location\d class com.girlkun.jdbc.daos.GodGK
ERROR:764:cannot find symbol\n  symbol\d   variable JSONValue\n  location\d class com.girlkun.jdbc.daos.GodGK
ERROR:768:cannot find symbol\n  symbol\d   class JSONArray\n  location\d class com.girlkun.jdbc.daos.GodGK
ERROR:768:cannot find symbol\n  symbol\d   class JSONArray\n  location\d class com.girlkun.jdbc.daos.GodGK
ERROR:768:cannot find symbol\n  symbol\d   variable JSONValue\n  location\d class com.girlkun.jdbc.daos.GodGK
ERROR:770:cannot find symbol\n  symbol\d   class JSONArray\n  location\d class com.girlkun.jdbc.daos.GodGK
ERROR:770:cannot find symbol\n  symbol\d   class JSONArray\n  location\d class com.girlkun.jdbc.daos.GodGK
ERROR:770:cannot find symbol\n  symbol\d   variable JSONValue\n  location\d class com.girlkun.jdbc.daos.GodGK
ERROR:787:cannot find symbol\n  symbol\d   class JSONArray\n  location\d class com.girlkun.jdbc.daos.GodGK
ERROR:787:cannot find symbol\n  symbol\d   variable JSONValue\n  location\d class com.girlkun.jdbc.daos.GodGK
ERROR:790:cannot find symbol\n  symbol\d   class JSONArray\n  location\d class com.girlkun.jdbc.daos.GodGK
ERROR:790:cannot find symbol\n  symbol\d   class JSONArray\n  location\d class com.girlkun.jdbc.daos.GodGK
ERROR:790:cannot find symbol\n  symbol\d   variable JSONValue\n  location\d class com.girlkun.jdbc.daos.GodGK
ERROR:794:cannot find symbol\n  symbol\d   class JSONArray\n  location\d class com.girlkun.jdbc.daos.GodGK
ERROR:794:cannot find symbol\n  symbol\d   class JSONArray\n  location\d class com.girlkun.jdbc.daos.GodGK
ERROR:794:cannot find symbol\n  symbol\d   variable JSONValue\n  location\d class com.girlkun.jdbc.daos.GodGK
ERROR:796:cannot find symbol\n  symbol\d   class JSONArray\n  location\d class com.girlkun.jdbc.daos.GodGK
ERROR:796:cannot find symbol\n  symbol\d   class JSONArray\n  location\d class com.girlkun.jdbc.daos.GodGK
ERROR:796:cannot find symbol\n  symbol\d   variable JSONValue\n  location\d class com.girlkun.jdbc.daos.GodGK
ERROR:806:cannot find symbol\n  symbol\d   class JSONArray\n  location\d class com.girlkun.jdbc.daos.GodGK
ERROR:806:cannot find symbol\n  symbol\d   class JSONArray\n  location\d class com.girlkun.jdbc.daos.GodGK
ERROR:808:cannot find symbol\n  symbol\d   class JSONArray\n  location\d class com.girlkun.jdbc.daos.GodGK
ERROR:820:cannot find symbol\n  symbol\d   class JSONArray\n  location\d class com.girlkun.jdbc.daos.GodGK
ERROR:835:cannot find symbol\n  symbol\d   class JSONArray\n  location\d class com.girlkun.jdbc.daos.GodGK
ERROR:838:cannot find symbol\n  symbol\d   class JSONArray\n  location\d class com.girlkun.jdbc.daos.GodGK
ERROR:838:cannot find symbol\n  symbol\d   class JSONArray\n  location\d class com.girlkun.jdbc.daos.GodGK
ERROR:842:cannot find symbol\n  symbol\d   class JSONArray\n  location\d class com.girlkun.jdbc.daos.GodGK
ERROR:842:cannot find symbol\n  symbol\d   class JSONArray\n  location\d class com.girlkun.jdbc.daos.GodGK
ERROR:844:cannot find symbol\n  symbol\d   class JSONArray\n  location\d class com.girlkun.jdbc.daos.GodGK
ERROR:844:cannot find symbol\n  symbol\d   class JSONArray\n  location\d class com.girlkun.jdbc.daos.GodGK
ERROR:873:cannot find symbol\n  symbol\d   class JSONValue\n  location\d class com.girlkun.jdbc.daos.GodGK
ERROR:873:cannot find symbol\n  symbol\d   class JSONValue\n  location\d class com.girlkun.jdbc.daos.GodGK
ERROR:874:cannot find symbol\n  symbol\d   class JSONArray\n  location\d class com.girlkun.jdbc.daos.GodGK
ERROR:875:cannot find symbol\n  symbol\d   class JSONObject\n  location\d class com.girlkun.jdbc.daos.GodGK
ERROR:880:cannot find symbol\n  symbol\d   variable GirlkunDB\n  location\d class com.girlkun.jdbc.daos.GodGK
ERROR:894:cannot find symbol\n  symbol\d   class JSONArray\n  location\d class com.girlkun.jdbc.daos.GodGK
ERROR:894:cannot find symbol\n  symbol\d   variable JSONValue\n  location\d class com.girlkun.jdbc.daos.GodGK
ERROR:906:cannot find symbol\n  symbol\d   class JSONArray\n  location\d class com.girlkun.jdbc.daos.GodGK
ERROR:906:cannot find symbol\n  symbol\d   variable JSONValue\n  location\d class com.girlkun.jdbc.daos.GodGK
ERROR:923:cannot find symbol\n  symbol\d   class JSONArray\n  location\d class com.girlkun.jdbc.daos.GodGK
ERROR:923:cannot find symbol\n  symbol\d   variable JSONValue\n  location\d class com.girlkun.jdbc.daos.GodGK
ERROR:926:cannot find symbol\n  symbol\d   class JSONArray\n  location\d class com.girlkun.jdbc.daos.GodGK
ERROR:926:cannot find symbol\n  symbol\d   class JSONArray\n  location\d class com.girlkun.jdbc.daos.GodGK
ERROR:926:cannot find symbol\n  symbol\d   variable JSONValue\n  location\d class com.girlkun.jdbc.daos.GodGK
ERROR:930:cannot find symbol\n  symbol\d   class JSONArray\n  location\d class com.girlkun.jdbc.daos.GodGK
ERROR:930:cannot find symbol\n  symbol\d   class JSONArray\n  location\d class com.girlkun.jdbc.daos.GodGK
ERROR:930:cannot find symbol\n  symbol\d   variable JSONValue\n  location\d class com.girlkun.jdbc.daos.GodGK
ERROR:932:cannot find symbol\n  symbol\d   class JSONArray\n  location\d class com.girlkun.jdbc.daos.GodGK
ERROR:932:cannot find symbol\n  symbol\d   class JSONArray\n  location\d class com.girlkun.jdbc.daos.GodGK
ERROR:932:cannot find symbol\n  symbol\d   variable JSONValue\n  location\d class com.girlkun.jdbc.daos.GodGK
ERROR:953:cannot find symbol\n  symbol\d   class JSONArray\n  location\d class com.girlkun.jdbc.daos.GodGK
ERROR:953:cannot find symbol\n  symbol\d   variable JSONValue\n  location\d class com.girlkun.jdbc.daos.GodGK
ERROR:956:cannot find symbol\n  symbol\d   class JSONArray\n  location\d class com.girlkun.jdbc.daos.GodGK
ERROR:956:cannot find symbol\n  symbol\d   class JSONArray\n  location\d class com.girlkun.jdbc.daos.GodGK
ERROR:956:cannot find symbol\n  symbol\d   variable JSONValue\n  location\d class com.girlkun.jdbc.daos.GodGK
ERROR:960:cannot find symbol\n  symbol\d   class JSONArray\n  location\d class com.girlkun.jdbc.daos.GodGK
ERROR:960:cannot find symbol\n  symbol\d   class JSONArray\n  location\d class com.girlkun.jdbc.daos.GodGK
ERROR:960:cannot find symbol\n  symbol\d   variable JSONValue\n  location\d class com.girlkun.jdbc.daos.GodGK
ERROR:962:cannot find symbol\n  symbol\d   class JSONArray\n  location\d class com.girlkun.jdbc.daos.GodGK
ERROR:962:cannot find symbol\n  symbol\d   class JSONArray\n  location\d class com.girlkun.jdbc.daos.GodGK
ERROR:962:cannot find symbol\n  symbol\d   variable JSONValue\n  location\d class com.girlkun.jdbc.daos.GodGK
ERROR:982:cannot find symbol\n  symbol\d   class JSONArray\n  location\d class com.girlkun.jdbc.daos.GodGK
ERROR:982:cannot find symbol\n  symbol\d   variable JSONValue\n  location\d class com.girlkun.jdbc.daos.GodGK
ERROR:985:cannot find symbol\n  symbol\d   class JSONArray\n  location\d class com.girlkun.jdbc.daos.GodGK
ERROR:985:cannot find symbol\n  symbol\d   class JSONArray\n  location\d class com.girlkun.jdbc.daos.GodGK
ERROR:985:cannot find symbol\n  symbol\d   variable JSONValue\n  location\d class com.girlkun.jdbc.daos.GodGK
ERROR:989:cannot find symbol\n  symbol\d   class JSONArray\n  location\d class com.girlkun.jdbc.daos.GodGK
ERROR:989:cannot find symbol\n  symbol\d   class JSONArray\n  location\d class com.girlkun.jdbc.daos.GodGK
ERROR:989:cannot find symbol\n  symbol\d   variable JSONValue\n  location\d class com.girlkun.jdbc.daos.GodGK
ERROR:991:cannot find symbol\n  symbol\d   class JSONArray\n  location\d class com.girlkun.jdbc.daos.GodGK
ERROR:991:cannot find symbol\n  symbol\d   class JSONArray\n  location\d class com.girlkun.jdbc.daos.GodGK
ERROR:991:cannot find symbol\n  symbol\d   variable JSONValue\n  location\d class com.girlkun.jdbc.daos.GodGK
ERROR:1025:cannot find symbol\n  symbol\d   class GirlkunResultSet\n  location\d class com.girlkun.jdbc.daos.GodGK
ERROR:1031:cannot find symbol\n  symbol\d   variable GirlkunDB\n  location\d class com.girlkun.jdbc.daos.GodGK
ERROR:1035:cannot find symbol\n  symbol\d   class JSONValue\n  location\d class com.girlkun.jdbc.daos.GodGK
ERROR:1035:cannot find symbol\n  symbol\d   class JSONValue\n  location\d class com.girlkun.jdbc.daos.GodGK
ERROR:1036:cannot find symbol\n  symbol\d   class JSONArray\n  location\d class com.girlkun.jdbc.daos.GodGK
ERROR:1061:cannot find symbol\n  symbol\d   class JSONArray\n  location\d class com.girlkun.jdbc.daos.GodGK
ERROR:1069:cannot find symbol\n  symbol\d   class JSONArray\n  location\d class com.girlkun.jdbc.daos.GodGK
ERROR:1086:cannot find symbol\n  symbol\d   class JSONArray\n  location\d class com.girlkun.jdbc.daos.GodGK
ERROR:1103:cannot find symbol\n  symbol\d   class JSONArray\n  location\d class com.girlkun.jdbc.daos.GodGK
ERROR:1113:cannot find symbol\n  symbol\d   class JSONArray\n  location\d class com.girlkun.jdbc.daos.GodGK
ERROR:1114:cannot find symbol\n  symbol\d   class JSONArray\n  location\d class com.girlkun.jdbc.daos.GodGK
ERROR:1116:cannot find symbol\n  symbol\d   class JSONArray\n  location\d class com.girlkun.jdbc.daos.GodGK
ERROR:1124:cannot find symbol\n  symbol\d   class JSONArray\n  location\d class com.girlkun.jdbc.daos.GodGK
ERROR:1127:cannot find symbol\n  symbol\d   class JSONArray\n  location\d class com.girlkun.jdbc.daos.GodGK
ERROR:1127:cannot find symbol\n  symbol\d   class JSONArray\n  location\d class com.girlkun.jdbc.daos.GodGK
ERROR:1131:cannot find symbol\n  symbol\d   class JSONArray\n  location\d class com.girlkun.jdbc.daos.GodGK
ERROR:1131:cannot find symbol\n  symbol\d   class JSONArray\n  location\d class com.girlkun.jdbc.daos.GodGK
ERROR:1133:cannot find symbol\n  symbol\d   class JSONArray\n  location\d class com.girlkun.jdbc.daos.GodGK
ERROR:1133:cannot find symbol\n  symbol\d   class JSONArray\n  location\d class com.girlkun.jdbc.daos.GodGK
ERROR:1149:cannot find symbol\n  symbol\d   class JSONArray\n  location\d class com.girlkun.jdbc.daos.GodGK
ERROR:1152:cannot find symbol\n  symbol\d   class JSONArray\n  location\d class com.girlkun.jdbc.daos.GodGK
ERROR:1152:cannot find symbol\n  symbol\d   class JSONArray\n  location\d class com.girlkun.jdbc.daos.GodGK
ERROR:1156:cannot find symbol\n  symbol\d   class JSONArray\n  location\d class com.girlkun.jdbc.daos.GodGK
ERROR:1156:cannot find symbol\n  symbol\d   class JSONArray\n  location\d class com.girlkun.jdbc.daos.GodGK
ERROR:1158:cannot find symbol\n  symbol\d   class JSONArray\n  location\d class com.girlkun.jdbc.daos.GodGK
ERROR:1158:cannot find symbol\n  symbol\d   class JSONArray\n  location\d class com.girlkun.jdbc.daos.GodGK
ERROR:1174:cannot find symbol\n  symbol\d   class JSONArray\n  location\d class com.girlkun.jdbc.daos.GodGK
ERROR:1177:cannot find symbol\n  symbol\d   class JSONArray\n  location\d class com.girlkun.jdbc.daos.GodGK
ERROR:1177:cannot find symbol\n  symbol\d   class JSONArray\n  location\d class com.girlkun.jdbc.daos.GodGK
ERROR:1181:cannot find symbol\n  symbol\d   class JSONArray\n  location\d class com.girlkun.jdbc.daos.GodGK
ERROR:1181:cannot find symbol\n  symbol\d   class JSONArray\n  location\d class com.girlkun.jdbc.daos.GodGK
ERROR:1183:cannot find symbol\n  symbol\d   class JSONArray\n  location\d class com.girlkun.jdbc.daos.GodGK
ERROR:1183:cannot find symbol\n  symbol\d   class JSONArray\n  location\d class com.girlkun.jdbc.daos.GodGK
ERROR:1199:cannot find symbol\n  symbol\d   class JSONArray\n  location\d class com.girlkun.jdbc.daos.GodGK
ERROR:1202:cannot find symbol\n  symbol\d   class JSONArray\n  location\d class com.girlkun.jdbc.daos.GodGK
ERROR:1202:cannot find symbol\n  symbol\d   class JSONArray\n  location\d class com.girlkun.jdbc.daos.GodGK
ERROR:1206:cannot find symbol\n  symbol\d   class JSONArray\n  location\d class com.girlkun.jdbc.daos.GodGK
ERROR:1206:cannot find symbol\n  symbol\d   class JSONArray\n  location\d class com.girlkun.jdbc.daos.GodGK
ERROR:1208:cannot find symbol\n  symbol\d   class JSONArray\n  location\d class com.girlkun.jdbc.daos.GodGK
ERROR:1208:cannot find symbol\n  symbol\d   class JSONArray\n  location\d class com.girlkun.jdbc.daos.GodGK
ERROR:1218:cannot find symbol\n  symbol\d   class JSONArray\n  location\d class com.girlkun.jdbc.daos.GodGK
ERROR:1221:cannot find symbol\n  symbol\d   class JSONArray\n  location\d class com.girlkun.jdbc.daos.GodGK
ERROR:1221:cannot find symbol\n  symbol\d   class JSONArray\n  location\d class com.girlkun.jdbc.daos.GodGK
ERROR:1236:cannot find symbol\n  symbol\d   class JSONArray\n  location\d class com.girlkun.jdbc.daos.GodGK
ERROR:1239:cannot find symbol\n  symbol\d   class JSONArray\n  location\d class com.girlkun.jdbc.daos.GodGK
ERROR:1239:cannot find symbol\n  symbol\d   class JSONArray\n  location\d class com.girlkun.jdbc.daos.GodGK
ERROR:1254:cannot find symbol\n  symbol\d   class JSONArray\n  location\d class com.girlkun.jdbc.daos.GodGK
ERROR:1263:cannot find symbol\n  symbol\d   class JSONArray\n  location\d class com.girlkun.jdbc.daos.GodGK
ERROR:1303:cannot find symbol\n  symbol\d   class JSONArray\n  location\d class com.girlkun.jdbc.daos.GodGK
ERROR:1311:cannot find symbol\n  symbol\d   class JSONArray\n  location\d class com.girlkun.jdbc.daos.GodGK
ERROR:1325:cannot find symbol\n  symbol\d   class JSONArray\n  location\d class com.girlkun.jdbc.daos.GodGK
ERROR:1337:cannot find symbol\n  symbol\d   class JSONArray\n  location\d class com.girlkun.jdbc.daos.GodGK
ERROR:1351:cannot find symbol\n  symbol\d   class JSONArray\n  location\d class com.girlkun.jdbc.daos.GodGK
ERROR:1353:cannot find symbol\n  symbol\d   class JSONArray\n  location\d class com.girlkun.jdbc.daos.GodGK
ERROR:1353:cannot find symbol\n  symbol\d   class JSONArray\n  location\d class com.girlkun.jdbc.daos.GodGK
ERROR:1368:cannot find symbol\n  symbol\d   class JSONArray\n  location\d class com.girlkun.jdbc.daos.GodGK
ERROR:1385:cannot find symbol\n  symbol\d   class JSONArray\n  location\d class com.girlkun.jdbc.daos.GodGK
ERROR:1385:cannot find symbol\n  symbol\d   class JSONArray\n  location\d class com.girlkun.jdbc.daos.GodGK
ERROR:1387:cannot find symbol\n  symbol\d   class JSONArray\n  location\d class com.girlkun.jdbc.daos.GodGK
ERROR:1399:cannot find symbol\n  symbol\d   class JSONArray\n  location\d class com.girlkun.jdbc.daos.GodGK
ERROR:1414:cannot find symbol\n  symbol\d   class JSONArray\n  location\d class com.girlkun.jdbc.daos.GodGK
ERROR:1417:cannot find symbol\n  symbol\d   class JSONArray\n  location\d class com.girlkun.jdbc.daos.GodGK
ERROR:1417:cannot find symbol\n  symbol\d   class JSONArray\n  location\d class com.girlkun.jdbc.daos.GodGK
ERROR:1421:cannot find symbol\n  symbol\d   class JSONArray\n  location\d class com.girlkun.jdbc.daos.GodGK
ERROR:1421:cannot find symbol\n  symbol\d   class JSONArray\n  location\d class com.girlkun.jdbc.daos.GodGK
ERROR:1423:cannot find symbol\n  symbol\d   class JSONArray\n  location\d class com.girlkun.jdbc.daos.GodGK
ERROR:1423:cannot find symbol\n  symbol\d   class JSONArray\n  location\d class com.girlkun.jdbc.daos.GodGK
ERROR:1438:cannot find symbol\n  symbol\d   class JSONArray\n  location\d class com.girlkun.jdbc.daos.GodGK
ERROR:1440:cannot find symbol\n  symbol\d   class JSONArray\n  location\d class com.girlkun.jdbc.daos.GodGK
ERROR:1440:cannot find symbol\n  symbol\d   class JSONArray\n  location\d class com.girlkun.jdbc.daos.GodGK
ERROR:1465:cannot find symbol\n  symbol\d   method setLoadedAllDataPlayer(boolean)\n  location\d variable iDMark of type com.girlkun.models.player.IDMark
