ERROR:366:cannot find symbol\n  symbol\d   method getIndexMenu()\n  location\d variable iDMark of type com.girlkun.models.player.IDMark
ERROR:379:cannot find symbol\n  symbol\d   method getIndexMenu()\n  location\d variable iDMark of type com.girlkun.models.player.IDMark
ERROR:453:cannot find symbol\n  symbol\d   method getIndexMenu()\n  location\d variable iDMark of type com.girlkun.models.player.IDMark
ERROR:673:cannot find symbol\n  symbol\d   method getIndexMenu()\n  location\d variable iDMark of type com.girlkun.models.player.IDMark
ERROR:702:cannot find symbol\n  symbol\d   method getIndexMenu()\n  location\d variable iDMark of type com.girlkun.models.player.IDMark
ERROR:731:cannot find symbol\n  symbol\d   method getIndexMenu()\n  location\d variable iDMark of type com.girlkun.models.player.IDMark
ERROR:810:cannot find symbol\n  symbol\d   method getIndexMenu()\n  location\d variable iDMark of type com.girlkun.models.player.IDMark
ERROR:826:cannot find symbol\n  symbol\d   method getIndexMenu()\n  location\d variable iDMark of type com.girlkun.models.player.IDMark
ERROR:850:cannot find symbol\n  symbol\d   method getIndexMenu()\n  location\d variable iDMark of type com.girlkun.models.player.IDMark
ERROR:873:cannot find symbol\n  symbol\d   method getIndexMenu()\n  location\d variable iDMark of type com.girlkun.models.player.IDMark
ERROR:897:cannot find symbol\n  symbol\d   method getIndexMenu()\n  location\d variable iDMark of type com.girlkun.models.player.IDMark
ERROR:1002:cannot find symbol\n  symbol\d   method getIndexMenu()\n  location\d variable iDMark of type com.girlkun.models.player.IDMark
ERROR:1055:cannot find symbol\n  symbol\d   method getIndexMenu()\n  location\d variable iDMark of type com.girlkun.models.player.IDMark
ERROR:1067:cannot find symbol\n  symbol\d   method getIndexMenu()\n  location\d variable iDMark of type com.girlkun.models.player.IDMark
ERROR:1082:cannot find symbol\n  symbol\d   method getIndexMenu()\n  location\d variable iDMark of type com.girlkun.models.player.IDMark
ERROR:1086:cannot find symbol\n  symbol\d   method getIndexMenu()\n  location\d variable iDMark of type com.girlkun.models.player.IDMark
ERROR:1191:cannot find symbol\n  symbol\d   method getIndexMenu()\n  location\d variable iDMark of type com.girlkun.models.player.IDMark
ERROR:1258:cannot find symbol\n  symbol\d   method setIndexMenu(int)\n  location\d variable iDMark of type com.girlkun.models.player.IDMark
ERROR:1382:cannot find symbol\n  symbol\d   method getIndexMenu()\n  location\d variable iDMark of type com.girlkun.models.player.IDMark
ERROR:1388:cannot find symbol\n  symbol\d   method getIndexMenu()\n  location\d variable iDMark of type com.girlkun.models.player.IDMark
ERROR:1470:cannot find symbol\n  symbol\d   method getIndexMenu()\n  location\d variable iDMark of type com.girlkun.models.player.IDMark
ERROR:1517:cannot find symbol\n  symbol\d   method getIndexMenu()\n  location\d variable iDMark of type com.girlkun.models.player.IDMark
ERROR:1652:cannot find symbol\n  symbol\d   method getIndexMenu()\n  location\d variable iDMark of type com.girlkun.models.player.IDMark
ERROR:1672:cannot find symbol\n  symbol\d   method getIndexMenu()\n  location\d variable iDMark of type com.girlkun.models.player.IDMark
ERROR:1685:cannot find symbol\n  symbol\d   method getIndexMenu()\n  location\d variable iDMark of type com.girlkun.models.player.IDMark
ERROR:1715:cannot find symbol\n  symbol\d   method getLastTimeOpen()\n  location\d variable doanhTrai of type com.girlkun.models.map.doanhtrai.DoanhTrai
ERROR:1757:cannot find symbol\n  symbol\d   method getIndexMenu()\n  location\d variable iDMark of type com.girlkun.models.player.IDMark
ERROR:1809:cannot find symbol\n  symbol\d   method getIndexMenu()\n  location\d variable iDMark of type com.girlkun.models.player.IDMark
ERROR:1864:cannot find symbol\n  symbol\d   method getIndexMenu()\n  location\d variable iDMark of type com.girlkun.models.player.IDMark
ERROR:1970:cannot find symbol\n  symbol\d   method getIndexMenu()\n  location\d variable iDMark of type com.girlkun.models.player.IDMark
ERROR:1988:cannot find symbol\n  symbol\d   method getIndexMenu()\n  location\d variable iDMark of type com.girlkun.models.player.IDMark
ERROR:2090:cannot find symbol\n  symbol\d   method getIndexMenu()\n  location\d variable iDMark of type com.girlkun.models.player.IDMark
ERROR:2102:cannot find symbol\n  symbol\d   method setTypeChangeMap(int)\n  location\d variable iDMark of type com.girlkun.models.player.IDMark
ERROR:2123:cannot find symbol\n  symbol\d   method isHoldBlackBall()\n  location\d variable iDMark of type com.girlkun.models.player.IDMark
ERROR:2128:cannot find symbol\n  symbol\d   method isHoldBlackBall()\n  location\d variable iDMark of type com.girlkun.models.player.IDMark
ERROR:2140:cannot find symbol\n  symbol\d   method getIndexMenu()\n  location\d variable iDMark of type com.girlkun.models.player.IDMark
ERROR:2150:cannot find symbol\n  symbol\d   method getIndexMenu()\n  location\d variable iDMark of type com.girlkun.models.player.IDMark
ERROR:2158:cannot find symbol\n  symbol\d   method getIndexMenu()\n  location\d variable iDMark of type com.girlkun.models.player.IDMark
ERROR:2290:cannot find symbol\n  symbol\d   method getIndexMenu()\n  location\d variable iDMark of type com.girlkun.models.player.IDMark
ERROR:2317:cannot find symbol\n  symbol\d   method getIndexMenu()\n  location\d variable iDMark of type com.girlkun.models.player.IDMark
ERROR:2375:cannot find symbol\n  symbol\d   method getIndexMenu()\n  location\d variable iDMark of type com.girlkun.models.player.IDMark
ERROR:2385:cannot find symbol\n  symbol\d   method getIndexMenu()\n  location\d variable iDMark of type com.girlkun.models.player.IDMark
ERROR:2460:cannot find symbol\n  symbol\d   method getIndexMenu()\n  location\d variable iDMark of type com.girlkun.models.player.IDMark
ERROR:2505:cannot find symbol\n  symbol\d   method getIndexMenu()\n  location\d variable iDMark of type com.girlkun.models.player.IDMark
ERROR:2631:cannot find symbol\n  symbol\d   method getIndexMenu()\n  location\d variable iDMark of type com.girlkun.models.player.IDMark
ERROR:2800:cannot find symbol\n  symbol\d   method getIndexMenu()\n  location\d variable iDMark of type com.girlkun.models.player.IDMark
ERROR:2815:cannot find symbol\n  symbol\d   method getIndexMenu()\n  location\d variable iDMark of type com.girlkun.models.player.IDMark
ERROR:2833:cannot find symbol\n  symbol\d   method getIndexMenu()\n  location\d variable iDMark of type com.girlkun.models.player.IDMark
ERROR:2880:cannot find symbol\n  symbol\d   method getIndexMenu()\n  location\d variable iDMark of type com.girlkun.models.player.IDMark
ERROR:2889:cannot find symbol\n  symbol\d   method getIndexMenu()\n  location\d variable iDMark of type com.girlkun.models.player.IDMark
ERROR:2922:cannot find symbol\n  symbol\d   method getIndexMenu()\n  location\d variable iDMark of type com.girlkun.models.player.IDMark
ERROR:3068:cannot find symbol\n  symbol\d   method getIndexMenu()\n  location\d variable iDMark of type com.girlkun.models.player.IDMark
ERROR:3080:cannot find symbol\n  symbol\d   method getIndexMenu()\n  location\d variable iDMark of type com.girlkun.models.player.IDMark
ERROR:3085:cannot find symbol\n  symbol\d   method getIndexMenu()\n  location\d variable iDMark of type com.girlkun.models.player.IDMark
ERROR:3090:cannot find symbol\n  symbol\d   method getIndexMenu()\n  location\d variable iDMark of type com.girlkun.models.player.IDMark
ERROR:3101:cannot find symbol\n  symbol\d   method getIndexMenu()\n  location\d variable iDMark of type com.girlkun.models.player.IDMark
ERROR:3156:cannot find symbol\n  symbol\d   method getIndexMenu()\n  location\d variable iDMark of type com.girlkun.models.player.IDMark
ERROR:3165:cannot find symbol\n  symbol\d   method getIndexMenu()\n  location\d variable iDMark of type com.girlkun.models.player.IDMark
ERROR:3172:cannot find symbol\n  symbol\d   method getIndexMenu()\n  location\d variable iDMark of type com.girlkun.models.player.IDMark
