-------------------------------------------------------------------------------
>Log Session: Thursday, December 25, 2025 at 4:14:05 PM Indochina Time
>System Info: 
  Product Version         = vsc dev-7d50fa34b643e25ee7416d8581a5bf6fe9100b02
  Operating System        = Windows 10 version 10.0 running on amd64
  Java; VM; Vendor        = 17.0.16; Java HotSpot(TM) 64-Bit Server VM 17.0.16+12-LTS-247; Oracle Corporation
  Runtime                 = Java(TM) SE Runtime Environment 17.0.16+12-LTS-247
  Java Home               = C:\Program Files\Java\jdk-17
  System Locale; Encoding = en (nbcode); UTF-8
  Home Directory          = C:\Users\ADMIN
  Current Directory       = c:\Users\ADMIN\.vscode\extensions\oracle.oracle-java-25.0.0\nbcode
  User Directory          = C:\Users\ADMIN\AppData\Roaming\Code\User\workspaceStorage\d0b361b12eba5c643414a58b1cb42894\Oracle.oracle-java\userdir
  Cache Directory         = C:\Users\ADMIN\AppData\Roaming\Code\User\workspaceStorage\d0b361b12eba5c643414a58b1cb42894\Oracle.oracle-java\userdir\var\cache
  Installation            = C:\Users\ADMIN\.vscode\extensions\oracle.oracle-java-25.0.0\nbcode\platform
                            C:\Users\ADMIN\.vscode\extensions\oracle.oracle-java-25.0.0\nbcode\ide
                            C:\Users\ADMIN\.vscode\extensions\oracle.oracle-java-25.0.0\nbcode\extide
                            C:\Users\ADMIN\.vscode\extensions\oracle.oracle-java-25.0.0\nbcode\webcommon
                            C:\Users\ADMIN\.vscode\extensions\oracle.oracle-java-25.0.0\nbcode\java
                            C:\Users\ADMIN\.vscode\extensions\oracle.oracle-java-25.0.0\nbcode\extra
                            C:\Users\ADMIN\.vscode\extensions\oracle.oracle-java-25.0.0\nbcode\nbcode
                            c:\Users\ADMIN\.vscode\extensions\oracle.oracle-java-25.0.0\nbcode\platform
  Boot & Ext. Classpath   = 
  Application Classpath   = c:\Users\ADMIN\.vscode\extensions\oracle.oracle-java-25.0.0\nbcode\platform\lib\boot.jar;c:\Users\ADMIN\.vscode\extensions\oracle.oracle-java-25.0.0\nbcode\platform\lib\org-openide-modules.jar;c:\Users\ADMIN\.vscode\extensions\oracle.oracle-java-25.0.0\nbcode\platform\lib\org-openide-util-lookup.jar;c:\Users\ADMIN\.vscode\extensions\oracle.oracle-java-25.0.0\nbcode\platform\lib\org-openide-util-ui.jar;c:\Users\ADMIN\.vscode\extensions\oracle.oracle-java-25.0.0\nbcode\platform\lib\org-openide-util.jar
  Startup Classpath       = c:\Users\ADMIN\.vscode\extensions\oracle.oracle-java-25.0.0\nbcode\platform\core\asm-9.8.jar;c:\Users\ADMIN\.vscode\extensions\oracle.oracle-java-25.0.0\nbcode\platform\core\asm-commons-9.8.jar;c:\Users\ADMIN\.vscode\extensions\oracle.oracle-java-25.0.0\nbcode\platform\core\asm-tree-9.8.jar;c:\Users\ADMIN\.vscode\extensions\oracle.oracle-java-25.0.0\nbcode\platform\core\core-base.jar;c:\Users\ADMIN\.vscode\extensions\oracle.oracle-java-25.0.0\nbcode\platform\core\core.jar;c:\Users\ADMIN\.vscode\extensions\oracle.oracle-java-25.0.0\nbcode\platform\core\org-netbeans-libs-asm.jar;c:\Users\ADMIN\.vscode\extensions\oracle.oracle-java-25.0.0\nbcode\platform\core\org-openide-filesystems-compat8.jar;c:\Users\ADMIN\.vscode\extensions\oracle.oracle-java-25.0.0\nbcode\platform\core\org-openide-filesystems.jar;c:\Users\ADMIN\.vscode\extensions\oracle.oracle-java-25.0.0\nbcode\nbcode\core\locale\core_nbcode.jar
  Java Boot Modules       = [java.base, java.compiler, java.datatransfer, java.desktop, java.instrument, java.logging, java.management, java.management.rmi, java.naming, java.net.http, java.prefs, java.rmi, java.scripting, java.security.jgss, java.security.sasl, java.smartcardio, java.sql, java.sql.rowset, java.transaction.xa, java.xml, java.xml.crypto, jdk.accessibility, jdk.attach, jdk.charsets, jdk.compiler, jdk.crypto.cryptoki, jdk.crypto.ec, jdk.crypto.mscapi, jdk.dynalink, jdk.editpad, jdk.httpserver, jdk.internal.ed, jdk.internal.jvmstat, jdk.internal.le, jdk.internal.opt, jdk.jartool, jdk.javadoc, jdk.jconsole, jdk.jdeps, jdk.jdi, jdk.jdwp.agent, jdk.jfr, jdk.jlink, jdk.jpackage, jdk.jshell, jdk.jsobject, jdk.jstatd, jdk.localedata, jdk.management, jdk.management.agent, jdk.management.jfr, jdk.naming.dns, jdk.naming.rmi, jdk.net, jdk.nio.mapmode, jdk.random, jdk.sctp, jdk.security.auth, jdk.security.jgss, jdk.unsupported, jdk.unsupported.desktop, jdk.xml.dom, jdk.zipfs]
-------------------------------------------------------------------------------
Warning - could not install some modules:
	org.netbeans.modules.j2ee.persistence - The module named org.netbeans.modules.dbapi was needed and not found.
	org.netbeans.modules.j2ee.persistence - The module named org.netbeans.modules.dbschema/1 was needed and not found.
	org.netbeans.modules.javadoc - The module named org.netbeans.modules.html.editor.lib/3 was needed and not found.
	org.netbeans.modules.javadoc - The module named org.netbeans.modules.html.parser/1 was needed and not found.
	org.netbeans.modules.svg - The module named org.netbeans.modules.xml was needed and not found.
	org.netbeans.modules.javascript2.vue - The module named org.netbeans.modules.html.lexer/1 was needed and not found.
	org.netbeans.modules.javascript2.vue - The module named org.netbeans.modules.javascript2.lexer/1 was needed and not found.
	org.netbeans.modules.javascript2.vue - The module named org.netbeans.modules.javascript2.jade/1 was needed and not found.
	org.netbeans.modules.javascript2.vue - The module named org.netbeans.modules.css.lib/2 was needed and not found.
Warning - could not install some modules:
	Java Persistence API Support - The module named org.netbeans.modules.dbapi was needed and not found.
	Java Persistence API Support - The module named org.netbeans.modules.dbschema/1 was needed and not found.
	Javadoc - The module named org.netbeans.modules.html.editor.lib/3 was needed and not found.
	Javadoc - The module named org.netbeans.modules.html.parser/1 was needed and not found.
	SVG Support - The module named org.netbeans.modules.xml was needed and not found.
	Javascript2 Vue - The module named org.netbeans.modules.html.lexer/1 was needed and not found.
	Javascript2 Vue - The module named org.netbeans.modules.javascript2.lexer/1 was needed and not found.
	Javascript2 Vue - The module named org.netbeans.modules.javascript2.jade/1 was needed and not found.
	Javascript2 Vue - The module named org.netbeans.modules.css.lib/2 was needed and not found.
INFO [org.netbeans.modules.netbinox]: Install area set to file:/c:/Users/ADMIN/.vscode/extensions/oracle.oracle-java-25.0.0/nbcode/
WARNING [org.netbeans.core.modules]: the modules [org.netbeans.modules.xml.text] use org.netbeans.modules.editor.deprecated.pre65formatting which is deprecated.
WARNING [org.netbeans.core.modules]: the modules [org.netbeans.modules.xml.text] use org.netbeans.modules.editor.structure which is deprecated.
WARNING [org.netbeans.core.modules]: the modules [org.netbeans.modules.java.hints, org.netbeans.modules.java.lsp.server, org.netbeans.modules.maven.hints] use org.netbeans.modules.java.hints.legacy.spi which is deprecated: Use Java Hints SPI (org.netbeans.spi.java.hints) instead.
INFO [org.netbeans.modules.nbcode.integration.UIDefaultsIconMetadata]: Icon not used: MSG_WaitScan
INFO [org.netbeans.modules.nbcode.integration.UIDefaultsIconMetadata]: Icon not used: Table.columnSelection
INFO [org.netbeans.modules.nbcode.integration.UIDefaultsIconMetadata]: Lazy-replacing icon: Tree.closedIcon
INFO [org.netbeans.modules.nbcode.integration.UIDefaultsIconMetadata]: Icon not used: nb.multitabs.button.dropdown.icon
INFO [org.netbeans.modules.nbcode.integration.UIDefaultsIconMetadata]: Icon not used: nb.close.tab.icon.enabled.icon
INFO [org.netbeans.modules.nbcode.integration.UIDefaultsIconMetadata]: Icon not used: nb.bigclose.tab.icon.pressed.icon
INFO [org.netbeans.modules.nbcode.integration.UIDefaultsIconMetadata]: Icon not used: Tree.gtk_expandedIcon
INFO [org.netbeans.modules.nbcode.integration.UIDefaultsIconMetadata]: Lazy-replacing icon: FileChooser.upFolderIcon
INFO [org.netbeans.modules.nbcode.integration.UIDefaultsIconMetadata]: Lazy-replacing icon: RadioButton.icon
INFO [org.netbeans.modules.nbcode.integration.UIDefaultsIconMetadata]: Icon not used: nb.close.tab.icon.pressed.icon
INFO [org.netbeans.modules.nbcode.integration.UIDefaultsIconMetadata]: Icon not used: nb.close.tab.icon.rollover.icon
INFO [org.netbeans.modules.nbcode.integration.UIDefaultsIconMetadata]: Icon not used: ComboBox.icon
INFO [org.netbeans.modules.nbcode.integration.UIDefaultsIconMetadata]: Icon not used: nb.bigclose.tab.icon.rollover.icon
INFO [org.netbeans.modules.nbcode.integration.UIDefaultsIconMetadata]: Icon not used: ETableHeader.ascendingIcon
INFO [org.netbeans.modules.nbcode.integration.UIDefaultsIconMetadata]: Lazy-replacing icon: Tree.leafIcon
INFO [org.netbeans.modules.nbcode.integration.UIDefaultsIconMetadata]: Lazy-replacing icon: Tree.openIcon
INFO [org.netbeans.modules.nbcode.integration.UIDefaultsIconMetadata]: Icon not used: nb.multitabs.button.left.icon
INFO [org.netbeans.modules.nbcode.integration.UIDefaultsIconMetadata]: Lazy-replacing icon: CheckBox.icon
INFO [org.netbeans.modules.nbcode.integration.UIDefaultsIconMetadata]: Lazy-replacing icon: OptionPane.informationIcon
INFO [org.netbeans.modules.nbcode.integration.UIDefaultsIconMetadata]: Lazy-replacing icon: Tree.expandedIcon
INFO [org.netbeans.modules.nbcode.integration.UIDefaultsIconMetadata]: Icon not used: ToolBar.handleIcon
INFO [org.netbeans.modules.nbcode.integration.UIDefaultsIconMetadata]: Lazy-replacing icon: FileChooser.homeFolderIcon
INFO [org.netbeans.modules.nbcode.integration.UIDefaultsIconMetadata]: Icon not used: nb.popupswitcher.closebutton.rolloverIcon
INFO [org.netbeans.modules.nbcode.integration.UIDefaultsIconMetadata]: Icon not used: nb.multitabs.button.right.icon
INFO [org.netbeans.modules.nbcode.integration.UIDefaultsIconMetadata]: Icon not used: Tree.gtk_collapsedIcon
INFO [org.netbeans.modules.nbcode.integration.UIDefaultsIconMetadata]: Icon not used: ETableHeader.descendingIcon
INFO [org.netbeans.modules.nbcode.integration.UIDefaultsIconMetadata]: Lazy-replacing icon: FileChooser.newFolderIcon
INFO [org.netbeans.modules.nbcode.integration.UIDefaultsIconMetadata]: Icon not used: nb.multitabs.button.maximize.icon
INFO [org.netbeans.modules.nbcode.integration.UIDefaultsIconMetadata]: Icon not used: Nb.Explorer.Folder.icon
INFO [org.netbeans.modules.nbcode.integration.UIDefaultsIconMetadata]: Icon not used: PropSheet.customButtonIcon
INFO [org.netbeans.modules.nbcode.integration.UIDefaultsIconMetadata]: Lazy-replacing icon: OptionPane.warningIcon
INFO [org.netbeans.modules.nbcode.integration.UIDefaultsIconMetadata]: Icon not used: Nb.Explorer.Folder.openedIcon
INFO [org.netbeans.modules.nbcode.integration.UIDefaultsIconMetadata]: Icon not used: nb.bigclose.tab.icon.enabled.icon
INFO [org.netbeans.modules.nbcode.integration.UIDefaultsIconMetadata]: Icon not used: nb.tabcontrol.busy.icon.selected
INFO [org.netbeans.modules.nbcode.integration.UIDefaultsIconMetadata]: Icon not used: nb.popupswitcher.closebutton.defaultIcon
INFO [org.netbeans.modules.nbcode.integration.UIDefaultsIconMetadata]: Lazy-replacing icon: Menu.arrowIcon
INFO [org.netbeans.modules.nbcode.integration.UIDefaultsIconMetadata]: Icon not used: nb.tabcontrol.busy.icon.normal
INFO [org.netbeans.modules.nbcode.integration.UIDefaultsIconMetadata]: Lazy-replacing icon: Tree.collapsedIcon
INFO [org.netbeans.core.startup.NbEvents]: Turning on modules:
	slf4j.jdk14 [1.7.36 1.7.36]
	slf4j.api [1.7.36 1.7.36]
	org.openide.util.lookup [8.63 dev-7d50fa34b643e25ee7416d8581a5bf6fe9100b02]
	org.openide.util [9.37 dev-7d50fa34b643e25ee7416d8581a5bf6fe9100b02]
	org.openide.util.ui [9.38 dev-7d50fa34b643e25ee7416d8581a5bf6fe9100b02]
	org.openide.modules [7.77 dev-7d50fa34b643e25ee7416d8581a5bf6fe9100b02]
	org.netbeans.api.annotations.common/1 [1.57 dev-7d50fa34b643e25ee7416d8581a5bf6fe9100b02]
	org.openide.filesystems [9.42 dev-7d50fa34b643e25ee7416d8581a5bf6fe9100b02]
	org.openide.awt [7.97 dev-7d50fa34b643e25ee7416d8581a5bf6fe9100b02]
	org.netbeans.api.progress/1 [1.77 dev-7d50fa34b643e25ee7416d8581a5bf6fe9100b02]
	org.netbeans.api.progress.nb [1.77 dev-7d50fa34b643e25ee7416d8581a5bf6fe9100b02]
	org.openide.dialogs [7.76 dev-7d50fa34b643e25ee7416d8581a5bf6fe9100b02]
	org.openide.nodes [7.74 dev-7d50fa34b643e25ee7416d8581a5bf6fe9100b02]
	org.openide.windows [6.106 dev-7d50fa34b643e25ee7416d8581a5bf6fe9100b02]
	org.netbeans.libs.jsvg/2 [2.1 1.7.1 dev-7d50fa34b643e25ee7416d8581a5bf6fe9100b02]
	org.openide.util.ui.svg [1.23 dev-7d50fa34b643e25ee7416d8581a5bf6fe9100b02]
	org.netbeans.modules.editor.mimelookup/1 [1.69 dev-7d50fa34b643e25ee7416d8581a5bf6fe9100b02]
	org.openide.text [6.98 dev-7d50fa34b643e25ee7416d8581a5bf6fe9100b02]
	org.netbeans.api.scripting [1.26 dev-7d50fa34b643e25ee7416d8581a5bf6fe9100b02]
	org.netbeans.swing.tabcontrol [1.86 dev-7d50fa34b643e25ee7416d8581a5bf6fe9100b02]
	org.netbeans.swing.outline [1.63 dev-7d50fa34b643e25ee7416d8581a5bf6fe9100b02]
	org.openide.explorer [6.91 dev-7d50fa34b643e25ee7416d8581a5bf6fe9100b02]
	org.openide.actions [6.68 dev-7d50fa34b643e25ee7416d8581a5bf6fe9100b02]
	org.netbeans.modules.queries/1 [1.72 dev-7d50fa34b643e25ee7416d8581a5bf6fe9100b02]
	org.netbeans.api.templates [1.37 dev-7d50fa34b643e25ee7416d8581a5bf6fe9100b02]
	org.openide.filesystems.nb [9.39 dev-7d50fa34b643e25ee7416d8581a5bf6fe9100b02]
	org.openide.loaders [7.99 dev-7d50fa34b643e25ee7416d8581a5bf6fe9100b02]
	org.netbeans.api.intent [1.31 dev-7d50fa34b643e25ee7416d8581a5bf6fe9100b02]
	org.netbeans.api.io [1.32 dev-7d50fa34b643e25ee7416d8581a5bf6fe9100b02]
	org.openide.io [1.78 dev-7d50fa34b643e25ee7416d8581a5bf6fe9100b02]
	org.openide.filesystems.compat8 [9.38 dev-7d50fa34b643e25ee7416d8581a5bf6fe9100b02]
	org.openide.execution [9.32 dev-7d50fa34b643e25ee7416d8581a5bf6fe9100b02]
	org.netbeans.swing.plaf [1.71 dev-7d50fa34b643e25ee7416d8581a5bf6fe9100b02]
	org.netbeans.modules.keyring [1.53 dev-7d50fa34b643e25ee7416d8581a5bf6fe9100b02]
	org.netbeans.libs.asm [5.32 dev-7d50fa34b643e25ee7416d8581a5bf6fe9100b02]
	org.netbeans.bootstrap/1 [2.108 dev-7d50fa34b643e25ee7416d8581a5bf6fe9100b02]
	org.netbeans.core.startup.base [1.91.0.1 1 dev-7d50fa34b643e25ee7416d8581a5bf6fe9100b02]
	org.netbeans.core.startup/1 [1.92.0.1 dev-7d50fa34b643e25ee7416d8581a5bf6fe9100b02]
	org.netbeans.modules.sampler [1.43 dev-7d50fa34b643e25ee7416d8581a5bf6fe9100b02]
	org.netbeans.core/2 [3.80 dev-7d50fa34b643e25ee7416d8581a5bf6fe9100b02]
	org.netbeans.spi.quicksearch [1.56 dev-7d50fa34b643e25ee7416d8581a5bf6fe9100b02]
	org.netbeans.modules.options.api/1 [1.74 dev-7d50fa34b643e25ee7416d8581a5bf6fe9100b02]
	org.netbeans.libs.flatlaf/1 [1.23 3.6.1 dev-7d50fa34b643e25ee7416d8581a5bf6fe9100b02]
	org.netbeans.swing.laf.flatlaf [1.22 dev-7d50fa34b643e25ee7416d8581a5bf6fe9100b02]
	org.netbeans.spi.viewmodel/2 [1.80 dev-7d50fa34b643e25ee7416d8581a5bf6fe9100b02]
	org.netbeans.spi.tasklist/1 [1.64.0.1 1 dev-7d50fa34b643e25ee7416d8581a5bf6fe9100b02]
	org.netbeans.spi.navigator/1 [1.67 dev-7d50fa34b643e25ee7416d8581a5bf6fe9100b02]
	org.netbeans.modules.editor.util/1 [1.94 dev-7d50fa34b643e25ee7416d8581a5bf6fe9100b02]
	org.netbeans.modules.editor.settings.lib [1.80.0.1 1 dev-7d50fa34b643e25ee7416d8581a5bf6fe9100b02]
	org.netbeans.modules.editor.settings/1 [1.86 dev-7d50fa34b643e25ee7416d8581a5bf6fe9100b02]
	org.netbeans.modules.lexer/2 [1.92.0.1 1 dev-7d50fa34b643e25ee7416d8581a5bf6fe9100b02]
	org.netbeans.modules.editor.fold/1 [1.74 dev-7d50fa34b643e25ee7416d8581a5bf6fe9100b02]
	org.netbeans.modules.editor.document [1.38.0.3 3 dev-7d50fa34b643e25ee7416d8581a5bf6fe9100b02]
	org.netbeans.modules.editor.lib2/1 [2.49.0.55.3 55 dev-7d50fa34b643e25ee7416d8581a5bf6fe9100b02]
	org.netbeans.modules.editor.guards/1 [1.62 dev-7d50fa34b643e25ee7416d8581a5bf6fe9100b02]
	org.netbeans.api.lsp/1 [1.35 dev-7d50fa34b643e25ee7416d8581a5bf6fe9100b02]
	org.netbeans.modules.editor.indent/2 [1.72 dev-7d50fa34b643e25ee7416d8581a5bf6fe9100b02]
	org.netbeans.modules.editor.lib/3 [4.36.0.23.3.55 23 dev-7d50fa34b643e25ee7416d8581a5bf6fe9100b02]
	org.netbeans.modules.options.keymap [1.66 dev-7d50fa34b643e25ee7416d8581a5bf6fe9100b02]
	org.netbeans.modules.editor.settings.storage/1 [1.81.0.1 dev-7d50fa34b643e25ee7416d8581a5bf6fe9100b02]
	org.netbeans.modules.editor.fold.nbui [1.41.0.55 dev-7d50fa34b643e25ee7416d8581a5bf6fe9100b02]
	org.netbeans.modules.editor/3 [1.116.0.6.3.23.55 6 dev-7d50fa34b643e25ee7416d8581a5bf6fe9100b02]
	org.netbeans.libs.javacapi [8.53.0.3 3 dev-7d50fa34b643e25ee7416d8581a5bf6fe9100b02]
	org.netbeans.lib.nbjavac [1.45.0.4.3 4 dev-7d50fa34b643e25ee7416d8581a5bf6fe9100b02]
	org.netbeans.modules.editor.errorstripe.api/1 [2.61.0.1 1 dev-7d50fa34b643e25ee7416d8581a5bf6fe9100b02]
	org.netbeans.api.java.classpath/1 [1.83 dev-7d50fa34b643e25ee7416d8581a5bf6fe9100b02]
	org.netbeans.api.java/1 [1.96 dev-7d50fa34b643e25ee7416d8581a5bf6fe9100b02]
	org.netbeans.modules.java.platform/1 [1.71 dev-7d50fa34b643e25ee7416d8581a5bf6fe9100b02]
	org.netbeans.modules.options.editor/1 [1.90 dev-7d50fa34b643e25ee7416d8581a5bf6fe9100b02]
	org.netbeans.modules.editor.errorstripe/2 [2.63.0.1.1 1 dev-7d50fa34b643e25ee7416d8581a5bf6fe9100b02]
	org.netbeans.modules.projectapi/1 [1.101 dev-7d50fa34b643e25ee7416d8581a5bf6fe9100b02]
	org.netbeans.modules.diff/1 [1.80.0.42.1 42 dev-7d50fa34b643e25ee7416d8581a5bf6fe9100b02]
	org.netbeans.libs.lucene/3 [3.48 dev-7d50fa34b643e25ee7416d8581a5bf6fe9100b02]
	org.netbeans.modules.masterfs/2 [2.84.0.2 2 dev-7d50fa34b643e25ee7416d8581a5bf6fe9100b02]
	org.netbeans.modules.parsing.lucene/2 [2.65.0.1 1 dev-7d50fa34b643e25ee7416d8581a5bf6fe9100b02]
	org.netbeans.modules.parsing.api/1 [9.36.0.8 8 dev-7d50fa34b643e25ee7416d8581a5bf6fe9100b02]
	org.netbeans.modules.projectuiapi.base/1 [1.115.0.9 9 dev-7d50fa34b643e25ee7416d8581a5bf6fe9100b02]
	org.netbeans.modules.project.indexingbridge [1.46 dev-7d50fa34b643e25ee7416d8581a5bf6fe9100b02]
	org.netbeans.modules.parsing.indexing [9.41.0.1.3.8 1 dev-7d50fa34b643e25ee7416d8581a5bf6fe9100b02]
	org.netbeans.modules.refactoring.api [1.76.0.1 1 dev-7d50fa34b643e25ee7416d8581a5bf6fe9100b02]
	org.netbeans.modules.classfile/1 [1.81 dev-7d50fa34b643e25ee7416d8581a5bf6fe9100b02]
	org.netbeans.modules.editor.indent.support [1.71 dev-7d50fa34b643e25ee7416d8581a5bf6fe9100b02]
	org.netbeans.modules.projectuiapi/1 [1.118.0.8 8 dev-7d50fa34b643e25ee7416d8581a5bf6fe9100b02]
	org.netbeans.modules.editor.indent.project/0 [1.51 dev-7d50fa34b643e25ee7416d8581a5bf6fe9100b02]
	org.netbeans.core.multiview/1 [1.73 dev-7d50fa34b643e25ee7416d8581a5bf6fe9100b02]
	org.netbeans.modules.java.lexer/1 [1.65 dev-7d50fa34b643e25ee7416d8581a5bf6fe9100b02]
	org.netbeans.modules.java.preprocessorbridge [1.78.0.1 1 dev-7d50fa34b643e25ee7416d8581a5bf6fe9100b02]
	org.netbeans.modules.java.source.base [2.79.0.6.4.3.8.1 6 dev-7d50fa34b643e25ee7416d8581a5bf6fe9100b02]
	org.netbeans.modules.autoupdate.services [1.85 dev-7d50fa34b643e25ee7416d8581a5bf6fe9100b02]
	org.netbeans.modules.java.source [0.194.0.32.4.3.6.1 32 dev-7d50fa34b643e25ee7416d8581a5bf6fe9100b02]
	org.netbeans.modules.project.spi.intern [1.32 dev-7d50fa34b643e25ee7416d8581a5bf6fe9100b02]
	org.netbeans.modules.project.libraries/1 [1.82 dev-7d50fa34b643e25ee7416d8581a5bf6fe9100b02]
	org.apache.xml.resolver [1.60.0.12 12 dev-7d50fa34b643e25ee7416d8581a5bf6fe9100b02]
	org.netbeans.api.xml/1 [1.73 dev-7d50fa34b643e25ee7416d8581a5bf6fe9100b02]
	org.netbeans.modules.xml.catalog/2 [3.33.0.4 4 dev-7d50fa34b643e25ee7416d8581a5bf6fe9100b02]
	org.netbeans.modules.project.ant/1 [1.96 dev-7d50fa34b643e25ee7416d8581a5bf6fe9100b02]
	org.netbeans.modules.java.project/1 [1.101 dev-7d50fa34b643e25ee7416d8581a5bf6fe9100b02]
	org.netbeans.modules.settings/1 [1.78 dev-7d50fa34b643e25ee7416d8581a5bf6fe9100b02]
	org.netbeans.spi.editor.hints/0 [1.71.0.8.55 8 dev-7d50fa34b643e25ee7416d8581a5bf6fe9100b02]
	org.netbeans.modules.code.analysis/0 [1.55 dev-7d50fa34b643e25ee7416d8581a5bf6fe9100b02]
	org.netbeans.spi.java.hints [1.63.0.13.4.3.32.6.8 13 dev-7d50fa34b643e25ee7416d8581a5bf6fe9100b02]
	org.netbeans.api.debugger/1 [1.84 dev-7d50fa34b643e25ee7416d8581a5bf6fe9100b02]
	org.netbeans.spi.debugger.ui/1 [2.88 dev-7d50fa34b643e25ee7416d8581a5bf6fe9100b02]
	org.netbeans.api.debugger.jpda/2 [3.39 dev-7d50fa34b643e25ee7416d8581a5bf6fe9100b02]
	org.netbeans.spi.debugger.jpda.ui [3.32 dev-7d50fa34b643e25ee7416d8581a5bf6fe9100b02]
	org.netbeans.modules.xml.core/2 [1.72.0.4 4 dev-7d50fa34b643e25ee7416d8581a5bf6fe9100b02]
	org.netbeans.modules.xml.xam/1 [1.61.0.1 1 dev-7d50fa34b643e25ee7416d8581a5bf6fe9100b02]
	org.netbeans.modules.xml.lexer [1.59 dev-7d50fa34b643e25ee7416d8581a5bf6fe9100b02]
	org.netbeans.modules.xml.xdm/1 [1.63.0.1 1 dev-7d50fa34b643e25ee7416d8581a5bf6fe9100b02]
	org.netbeans.modules.editor.breadcrumbs/0 [1.46 dev-7d50fa34b643e25ee7416d8581a5bf6fe9100b02]
	org.netbeans.modules.editor.bracesmatching/0 [1.68.0.55 dev-7d50fa34b643e25ee7416d8581a5bf6fe9100b02]
	org.netbeans.modules.editor.deprecated.pre65formatting/0 [1.60.0.1.6.23.55 1 dev-7d50fa34b643e25ee7416d8581a5bf6fe9100b02]
	org.netbeans.modules.editor.completion/1 [1.74.0.2 2 dev-7d50fa34b643e25ee7416d8581a5bf6fe9100b02]
	org.netbeans.modules.editor.codetemplates/1 [1.73.0.1 1 dev-7d50fa34b643e25ee7416d8581a5bf6fe9100b02]
	org.netbeans.modules.editor.actions/1 [1.60.0.55 dev-7d50fa34b643e25ee7416d8581a5bf6fe9100b02]
	org.netbeans.modules.csl.types/1 [1.29 dev-7d50fa34b643e25ee7416d8581a5bf6fe9100b02]
	org.netbeans.core.ui/1 [1.74 dev-7d50fa34b643e25ee7416d8581a5bf6fe9100b02]
	org.netbeans.api.search [1.50 dev-7d50fa34b643e25ee7416d8581a5bf6fe9100b02]
	org.netbeans.modules.jumpto/1 [1.84.0.1 1 dev-7d50fa34b643e25ee7416d8581a5bf6fe9100b02]
	org.netbeans.modules.csl.api/2 [2.87.0.2.1.1.8.1 2 dev-7d50fa34b643e25ee7416d8581a5bf6fe9100b02]
	org.netbeans.modules.editor.structure/1 [1.76.0.1 1 dev-7d50fa34b643e25ee7416d8581a5bf6fe9100b02]
	org.netbeans.modules.xml.text/2 [1.88.0.1 1 dev-7d50fa34b643e25ee7416d8581a5bf6fe9100b02]
	org.netbeans.modules.libs.corba.omgapi [1.24 dev-7d50fa34b643e25ee7416d8581a5bf6fe9100b02]
	org.netbeans.modules.whitelist [1.52 dev-7d50fa34b643e25ee7416d8581a5bf6fe9100b02]
	org.netbeans.libs.json_simple/1 [0.41 dev-7d50fa34b643e25ee7416d8581a5bf6fe9100b02]
	org.netbeans.modules.web.common [1.128 dev-7d50fa34b643e25ee7416d8581a5bf6fe9100b02]
	org.netbeans.modules.updatecenters/1 [1.69 dev-7d50fa34b643e25ee7416d8581a5bf6fe9100b02]
	org.netbeans.libs.flexmark [1.22 dev-7d50fa34b643e25ee7416d8581a5bf6fe9100b02]
	org.netbeans.modules.java.sourceui/1 [1.77.0.2.4.3.32.6 2 dev-7d50fa34b643e25ee7416d8581a5bf6fe9100b02]
	org.netbeans.modules.project.libraries.ui/1 [1.81 dev-7d50fa34b643e25ee7416d8581a5bf6fe9100b02]
	org.netbeans.modules.project.ant.ui/1 [1.94 dev-7d50fa34b643e25ee7416d8581a5bf6fe9100b02]
	org.netbeans.api.xml.ui/1 [1.73 dev-7d50fa34b643e25ee7416d8581a5bf6fe9100b02]
	org.netbeans.modules.options.java [1.43 dev-7d50fa34b643e25ee7416d8581a5bf6fe9100b02]
	org.apache.tools.ant.module/3 [3.113.0.2 2 dev-7d50fa34b643e25ee7416d8581a5bf6fe9100b02]
	org.netbeans.modules.java.platform.ui/1 [1.71 dev-7d50fa34b643e25ee7416d8581a5bf6fe9100b02]
	org.netbeans.modules.java.project.ui/1 [1.104 dev-7d50fa34b643e25ee7416d8581a5bf6fe9100b02]
	org.netbeans.modules.extexecution.base/2 [1.35 dev-7d50fa34b643e25ee7416d8581a5bf6fe9100b02]
	org.netbeans.modules.extexecution/2 [1.78 dev-7d50fa34b643e25ee7416d8581a5bf6fe9100b02]
	org.netbeans.modules.gsf.testrunner/2 [2.41 dev-7d50fa34b643e25ee7416d8581a5bf6fe9100b02]
	org.netbeans.modules.gsf.testrunner.ui [1.44.0.1 dev-7d50fa34b643e25ee7416d8581a5bf6fe9100b02]
	org.netbeans.modules.java.testrunner [1.49 dev-7d50fa34b643e25ee7416d8581a5bf6fe9100b02]
	org.netbeans.modules.java.testrunner.ui [1.33 dev-7d50fa34b643e25ee7416d8581a5bf6fe9100b02]
	org.netbeans.modules.gototest/1 [1.62 dev-7d50fa34b643e25ee7416d8581a5bf6fe9100b02]
	org.netbeans.libs.testng/1 [1.43 dev-7d50fa34b643e25ee7416d8581a5bf6fe9100b02]
	org.netbeans.modules.testng [2.49 dev-7d50fa34b643e25ee7416d8581a5bf6fe9100b02]
	org.netbeans.modules.testng.ui [1.38 dev-7d50fa34b643e25ee7416d8581a5bf6fe9100b02]
	org.netbeans.modules.templates/1 [1.36 dev-7d50fa34b643e25ee7416d8581a5bf6fe9100b02]
	org.netbeans.modules.swing.validation/2 [1.61 dev-7d50fa34b643e25ee7416d8581a5bf6fe9100b02]
	org.netbeans.modules.sendopts/2 [2.65 dev-7d50fa34b643e25ee7416d8581a5bf6fe9100b02]
	org.netbeans.modules.javahelp/1 [2.70 dev-7d50fa34b643e25ee7416d8581a5bf6fe9100b02]
	org.netbeans.modules.java.file.launcher [1.6 dev-7d50fa34b643e25ee7416d8581a5bf6fe9100b02]
	org.netbeans.modules.refactoring.java/1 [1.91.0.1.3 1 dev-7d50fa34b643e25ee7416d8581a5bf6fe9100b02]
	org.netbeans.modules.properties/1 [1.84 dev-7d50fa34b643e25ee7416d8581a5bf6fe9100b02]
	org.netbeans.modules.properties.syntax/1 [1.79 dev-7d50fa34b643e25ee7416d8581a5bf6fe9100b02]
	org.netbeans.api.dashboard/0 [0.6 dev-7d50fa34b643e25ee7416d8581a5bf6fe9100b02]
	org.netbeans.core.execution/1 [1.71 dev-7d50fa34b643e25ee7416d8581a5bf6fe9100b02]
	org.netbeans.modules.favorites/1 [1.75 dev-7d50fa34b643e25ee7416d8581a5bf6fe9100b02]
	org.netbeans.modules.projectui [1.88.0.8.9 dev-7d50fa34b643e25ee7416d8581a5bf6fe9100b02]
	org.netbeans.modules.projectapi.nb [1.33 dev-7d50fa34b643e25ee7416d8581a5bf6fe9100b02]
	org.netbeans.modules.project.dependency [1.14.0.1 1 dev-7d50fa34b643e25ee7416d8581a5bf6fe9100b02]
	org.netbeans.modules.progress.ui [1.62 dev-7d50fa34b643e25ee7416d8581a5bf6fe9100b02]
	org.netbeans.modules.print [7.55 dev-7d50fa34b643e25ee7416d8581a5bf6fe9100b02]
	org.netbeans.modules.parsing.nb [1.33.0.8.1 dev-7d50fa34b643e25ee7416d8581a5bf6fe9100b02]
	org.netbeans.libs.osgi [1.51 dev-7d50fa34b643e25ee7416d8581a5bf6fe9100b02]
	org.netbeans.core.netigso [1.60 dev-7d50fa34b643e25ee7416d8581a5bf6fe9100b02]
	org.netbeans.modules.netbinox [1.70 dev-7d50fa34b643e25ee7416d8581a5bf6fe9100b02]
	org.netbeans.html.xhr4j [1.8.1 1.8.1]
	net.java.html.json [1.8.1 1.8.1]
	net.java.html [1.8.1 1.8.1]
	net.java.html.boot [1.8.1 1.8.1]
	org.netbeans.html.ko4j [1.8.1 1.8.1]
	org.netbeans.api.htmlui [1.37 dev-7d50fa34b643e25ee7416d8581a5bf6fe9100b02]
	org.netbeans.modules.java.hints.legacy.spi/1 [1.46.0.1.13 1 dev-7d50fa34b643e25ee7416d8581a5bf6fe9100b02]
	com.google.gson [2.12.1 2.12.1]
	org.netbeans.modules.java.completion [2.15.0.2 2 dev-7d50fa34b643e25ee7416d8581a5bf6fe9100b02]
	org.netbeans.modules.nativeimage.api/0 [0.21 dev-7d50fa34b643e25ee7416d8581a5bf6fe9100b02]
	org.apache.commons.lang3 [3.17.0 3.17.0]
	org.netbeans.modules.java.editor.base [2.94.0.1 1 dev-7d50fa34b643e25ee7416d8581a5bf6fe9100b02]
	org.apache.commons.codec [1.18.0 1.18.0]
	org.apache.commons.logging [1.3.5 1.3.5]
	org.apache.commons.commons_io [2.20 dev-7d50fa34b643e25ee7416d8581a5bf6fe9100b02]
	org.netbeans.modules.java.nativeimage.debugger/0 [0.19 dev-7d50fa34b643e25ee7416d8581a5bf6fe9100b02]
	org.netbeans.modules.java.editor/1 [2.97.0.12.1.1.1 12 dev-7d50fa34b643e25ee7416d8581a5bf6fe9100b02]
	org.netbeans.core.ide/1 [1.70 dev-7d50fa34b643e25ee7416d8581a5bf6fe9100b02]
	org.netbeans.modules.db.metadata.model/1 [1.40 dev-7d50fa34b643e25ee7416d8581a5bf6fe9100b02]
	org.netbeans.modules.db/1 [1.98.0.30 30 dev-7d50fa34b643e25ee7416d8581a5bf6fe9100b02]
	org.netbeans.modules.javascript2.debug/1 [1.47 dev-7d50fa34b643e25ee7416d8581a5bf6fe9100b02]
	org.netbeans.libs.graalsdk [1.30 dev-7d50fa34b643e25ee7416d8581a5bf6fe9100b02]
	org.netbeans.libs.truffleapi [1.30 dev-7d50fa34b643e25ee7416d8581a5bf6fe9100b02]
	org.netbeans.modules.debugger.jpda.projects [1.69 dev-7d50fa34b643e25ee7416d8581a5bf6fe9100b02]
	org.netbeans.modules.debugger.jpda.projectsui [1.32 dev-7d50fa34b643e25ee7416d8581a5bf6fe9100b02]
	org.netbeans.modules.debugger.jpda/2 [1.138.0.80 80 dev-7d50fa34b643e25ee7416d8581a5bf6fe9100b02]
	org.netbeans.modules.debugger.jpda.ui/1 [1.83 dev-7d50fa34b643e25ee7416d8581a5bf6fe9100b02]
	org.netbeans.modules.debugger.jpda.truffle/1 [1.26 dev-7d50fa34b643e25ee7416d8581a5bf6fe9100b02]
	org.netbeans.html.presenters.spi [1.8.1 1.8.1]
	org.netbeans.modules.editor.tools.storage [1.37 dev-7d50fa34b643e25ee7416d8581a5bf6fe9100b02]
	org.netbeans.modules.java.hints/1 [1.112.0.17.3.12.1.1.32.6.1.1.13 17 dev-7d50fa34b643e25ee7416d8581a5bf6fe9100b02]
	org.netbeans.modules.java.lsp.server/2 [2.13.0.1.2.12.1.17.32.6.2.8.1.8.1.1.13 1 dev-7d50fa34b643e25ee7416d8581a5bf6fe9100b02]
	org.netbeans.modules.nbcode.java.notebook [1.0.1.1.6 1 251204]
	org.netbeans.modules.nbcode.java.lsp.server.telemetry [1.0.1.3.1 1 251204]
	org.netbeans.modules.nbcode.integration [1.0 251204]
	org.netbeans.libs.javax.inject/2 [2.64 dev-7d50fa34b643e25ee7416d8581a5bf6fe9100b02]
	org.netbeans.modules.maven.embedder/2 [2.84 dev-7d50fa34b643e25ee7416d8581a5bf6fe9100b02]
	org.netbeans.modules.maven.indexer/2 [2.69 dev-7d50fa34b643e25ee7416d8581a5bf6fe9100b02]
	org.netbeans.modules.maven.model/1 [1.73 dev-7d50fa34b643e25ee7416d8581a5bf6fe9100b02]
	org.netbeans.libs.antlr3.runtime [1.50.0.1 1 dev-7d50fa34b643e25ee7416d8581a5bf6fe9100b02]
	org.netbeans.modules.java.api.common/0 [1.152 dev-7d50fa34b643e25ee7416d8581a5bf6fe9100b02]
	org.netbeans.modules.maven.indexer.ui/2 [2.63 dev-7d50fa34b643e25ee7416d8581a5bf6fe9100b02]
	org.netbeans.modules.maven/2 [2.169.0.1.1 1 dev-7d50fa34b643e25ee7416d8581a5bf6fe9100b02]
	org.netbeans.modules.maven.refactoring [1.50.0.1 dev-7d50fa34b643e25ee7416d8581a5bf6fe9100b02]
	org.netbeans.modules.j2ee.metadata/0 [1.61 dev-7d50fa34b643e25ee7416d8581a5bf6fe9100b02]
	org.netbeans.modules.j2ee.metadata.model.support/1 [1.60 dev-7d50fa34b643e25ee7416d8581a5bf6fe9100b02]
	org.netbeans.modules.j2ee.persistenceapi/1 [1.65.0.1 1 dev-7d50fa34b643e25ee7416d8581a5bf6fe9100b02]
	org.netbeans.modules.maven.persistence/1 [1.58 dev-7d50fa34b643e25ee7416d8581a5bf6fe9100b02]
	org.netbeans.libs.junit4 [1.47 dev-7d50fa34b643e25ee7416d8581a5bf6fe9100b02]
	org.netbeans.modules.junitlib [1.34 dev-7d50fa34b643e25ee7416d8581a5bf6fe9100b02]
	org.netbeans.modules.junit/2 [2.103 dev-7d50fa34b643e25ee7416d8581a5bf6fe9100b02]
	org.netbeans.modules.junit.ui [1.36 dev-7d50fa34b643e25ee7416d8581a5bf6fe9100b02]
	org.netbeans.modules.maven.junit.ui [1.34 dev-7d50fa34b643e25ee7416d8581a5bf6fe9100b02]
	org.netbeans.modules.maven.junit/1 [1.64 dev-7d50fa34b643e25ee7416d8581a5bf6fe9100b02]
	org.netbeans.modules.maven.hints/1 [1.69 dev-7d50fa34b643e25ee7416d8581a5bf6fe9100b02]
	org.netbeans.modules.masterfs.ui [2.32.0.2 dev-7d50fa34b643e25ee7416d8581a5bf6fe9100b02]
	org.netbeans.modules.masterfs.nio2 [1.44 dev-7d50fa34b643e25ee7416d8581a5bf6fe9100b02]
	org.netbeans.modules.libs.gradle/8 [8.13 dev-7d50fa34b643e25ee7416d8581a5bf6fe9100b02]
	org.netbeans.modules.lexer.nbbridge/1 [1.61.0.1 dev-7d50fa34b643e25ee7416d8581a5bf6fe9100b02]
	org.netbeans.libs.antlr4.runtime/2 [1.30.0.1 1 dev-7d50fa34b643e25ee7416d8581a5bf6fe9100b02]
	org.netbeans.modules.lexer.antlr4 [1.11.0.1 1 dev-7d50fa34b643e25ee7416d8581a5bf6fe9100b02]
	org.netbeans.modules.languages.antlr [1.11 dev-7d50fa34b643e25ee7416d8581a5bf6fe9100b02]
	org.netbeans.libs.jna/2 [2.24 dev-7d50fa34b643e25ee7416d8581a5bf6fe9100b02]
	org.netbeans.modules.keyring.fallback [1.37 dev-7d50fa34b643e25ee7416d8581a5bf6fe9100b02]
	org.netbeans.modules.keyring.impl [1.53 dev-7d50fa34b643e25ee7416d8581a5bf6fe9100b02]
	org.netbeans.modules.javaee.injection [1.35 dev-7d50fa34b643e25ee7416d8581a5bf6fe9100b02]
	org.netbeans.modules.java.source.ant [1.60.0.1.6 1 dev-7d50fa34b643e25ee7416d8581a5bf6fe9100b02]
	org.netbeans.modules.java.j2seplatform/1 [1.72 dev-7d50fa34b643e25ee7416d8581a5bf6fe9100b02]
	org.netbeans.modules.java.openjdk.project/1 [1.26 dev-7d50fa34b643e25ee7416d8581a5bf6fe9100b02]
	org.netbeans.modules.java.mx.project [1.18 dev-7d50fa34b643e25ee7416d8581a5bf6fe9100b02]
	org.netbeans.modules.java.hints.declarative/1 [1.49.0.1.17.13 1 dev-7d50fa34b643e25ee7416d8581a5bf6fe9100b02]
	org.netbeans.libs.commons_compress/0 [0.35.0.181 181 dev-7d50fa34b643e25ee7416d8581a5bf6fe9100b02]
	org.netbeans.modules.java.disco [2.13 dev-7d50fa34b643e25ee7416d8581a5bf6fe9100b02]
	org.netbeans.modules.java.debug [1.67.0.1.3.6 1 dev-7d50fa34b643e25ee7416d8581a5bf6fe9100b02]
	org.netbeans.modules.j2ee.eclipselinkmodelgen/1 [1.61 dev-7d50fa34b643e25ee7416d8581a5bf6fe9100b02]
	org.netbeans.modules.ide.dashboard/0 [0.6 dev-7d50fa34b643e25ee7416d8581a5bf6fe9100b02]
	org.netbeans.modules.gradle/2 [2.47.0.1 1 dev-7d50fa34b643e25ee7416d8581a5bf6fe9100b02]
	org.netbeans.modules.gradle.java [1.32.0.1.1 1 dev-7d50fa34b643e25ee7416d8581a5bf6fe9100b02]
	org.netbeans.modules.gradle.test [1.26 dev-7d50fa34b643e25ee7416d8581a5bf6fe9100b02]
	org.netbeans.modules.gradle.persistence [1.25 dev-7d50fa34b643e25ee7416d8581a5bf6fe9100b02]
	org.netbeans.modules.gradle.editor [1.11 dev-7d50fa34b643e25ee7416d8581a5bf6fe9100b02]
	org.netbeans.modules.gradle.dists [1.17 dev-7d50fa34b643e25ee7416d8581a5bf6fe9100b02]
	org.netbeans.modules.gradle.dependencies [1.6.0.1.1.1 dev-7d50fa34b643e25ee7416d8581a5bf6fe9100b02]
	org.netbeans.modules.extexecution.process [1.57 dev-7d50fa34b643e25ee7416d8581a5bf6fe9100b02]
	org.netbeans.modules.editor.mimelookup.impl/1 [1.61 dev-7d50fa34b643e25ee7416d8581a5bf6fe9100b02]
	org.netbeans.modules.defaults/1 [1.60 dev-7d50fa34b643e25ee7416d8581a5bf6fe9100b02]
	org.netbeans.modules.autoupdate.cli [1.43 dev-7d50fa34b643e25ee7416d8581a5bf6fe9100b02]
	org.netbeans.libs.nbjavacapi [21.7 dev-7d50fa34b643e25ee7416d8581a5bf6fe9100b02]
	org.netbeans.libs.jna.platform/2 [2.24 dev-7d50fa34b643e25ee7416d8581a5bf6fe9100b02]
	org.netbeans.libs.graaljs/2 [1.30 dev-7d50fa34b643e25ee7416d8581a5bf6fe9100b02]
	org.netbeans.libs.freemarker/1 [2.63.0.239 239 dev-7d50fa34b643e25ee7416d8581a5bf6fe9100b02]
	org.netbeans.core.network [1.41 dev-7d50fa34b643e25ee7416d8581a5bf6fe9100b02]
	org.netbeans.core.io.ui/1 [1.59 dev-7d50fa34b643e25ee7416d8581a5bf6fe9100b02]
	org.netbeans.agent [1.1 dev-7d50fa34b643e25ee7416d8581a5bf6fe9100b02]
	org.apache.netbeans.l10n.zh_CN [0.0.1 251204]
	org.apache.netbeans.l10n.ja [0.0.1 251204]
INFO [org.netbeans.core.netigso.Netigso]: bundle com.google.guava.failureaccess@1.0.3 resolved
INFO [org.netbeans.core.netigso.Netigso]: bundle com.google.guava@33.4.6.jre resolved
INFO [org.netbeans.core.netigso.Netigso]: bundle net.java.html.boot.script@1.8.1 resolved
INFO [org.netbeans.core.netigso.Netigso]: bundle com.googlecode.javaewah.JavaEWAH@1.2.3 resolved
INFO [org.netbeans.core.netigso.Netigso]: bundle org.eclipse.jgit@7.2.0.202503040940-r resolved
INFO [org.netbeans.core.netigso.Netigso]: bundle org.eclipse.jgit.lfs@7.2.0.202503040940-r resolved
INFO [org.netbeans.core.netigso.Netigso]: bundle org.eclipse.osgi@3.9.1.v20140110-1610 started
INFO [org.netbeans.core.network.proxy.NetworkProxyReloader]: System network proxy resolver: Windows
INFO [org.netbeans.core.network.proxy.windows.WindowsNetworkProxy]: Windows system proxy resolver: auto detect
INFO [org.netbeans.core.network.proxy.windows.WindowsNetworkProxy]: Windows system proxy resolver: auto - PAC (http://wpad/wpad.dat)
INFO [org.netbeans.core.network.proxy.NetworkProxyReloader]: System network proxy reloading succeeded.
INFO [org.netbeans.modules.java.lsp.server.protocol.WorkspaceServiceImpl]: Project D:\tangu\Tin\New folder@3b276c95:11db7772: 0 test roots opened in 86ms
WARNING [org.openide.filesystems.Ordering]: Not all children in / marked with the position attribute: [org-netbeans-modules-refactoring-java-plugins-InstantRefactoringPerformer$UndoableWrapper.instance, org-netbeans-modules-testng-ui-actions-TestClassInfoTask$TestNGComputeTestMethodsImpl.instance, org-netbeans-modules-debugger-jpda-ui-values-InlineValueProviderImpl.instance, org-netbeans-modules-java-hints-spiimpl-hints-HintsTask$SuggestionsPositionRefresherHelper.instance, org-netbeans-modules-java-hints-spiimpl-options-HintsSettings$GlobalSettingsProvider.instance, org-netbeans-modules-editor-java-JavaKit$JavaTypedTextInterceptor$Factory.instance, org-netbeans-modules-java-hints-declarative-debugging-EvaluationSpanTask$FactoryImpl.instance, org-netbeans-modules-refactoring-java-ui-HighlightsLayerFactory.instance, org-netbeans-modules-java-editor-codegen-RemoveSurroundingCodePanel$UnwrapCodeHighlightsLayerFactory.instance, EditorKit.instance, org-netbeans-modules-java-hints-infrastructure-JavaErrorProvider.instance, org-netbeans-modules-java-hints-infrastructure-ErrorHintsFactory.instance, org-netbeans-modules-junit-ui-actions-TestClassInfoTask$JUnitComputeTestMethodsImpl.instance, org-netbeans-modules-java-editor-semantic-SemanticHighlighterFactory.instance, org-netbeans-modules-java-hints-infrastructure-EmbeddedLazyHintComputation$FactoryImpl.instance, Reformatter.instance, org-netbeans-modules-java-source-indexing-JavaCustomIndexer$Factory-register.instance, org-netbeans-modules-java-hints-infrastructure-ErrorPositionRefresherHelper.instance, org-netbeans-modules-java-hints-introduce-IntroduceHint$HLFImpl.instance, org-netbeans-modules-editor-java-CamelCaseOperations$JavaCamelCaseInterceptor$JavaFactory.instance, org-netbeans-modules-java-editor-whitelist-WhiteListCheckTask$Factory.instance, org-netbeans-modules-gsf-codecoverage-CoverageHighlightsLayerFactory.instance, SourcePathCheck.instance, org-netbeans-modules-editor-java-JavaKit$JavaDeletedTextInterceptor$Factory.instance, org-netbeans-modules-java-editor-fold-ResourceStringFoldProvider.instance, AutoIndenter.instance, org-netbeans-modules-whitelist-index-WhiteListIndexerPlugin$Factory.instance, org-netbeans-modules-java-debug-HighlightsLayerFactoryImpl.instance, org-netbeans-modules-debugger-jpda-ui-models-InlineValueComputerImpl-createHighlightsLayerFactory.instance, org-netbeans-modules-refactoring-java-plugins-InstantRefactoringPerformer$RenameDeletedTextInterceptor$Factory.instance, org-netbeans-modules-java-source-parsing-JavacParserFactory.instance, org-netbeans-modules-java-editor-semantic-HighlightsLayerFactoryImpl.instance, org-netbeans-modules-java-editor-rename-InstantRenamePerformer$RenameDeletedTextInterceptor$Factory.instance, org-netbeans-modules-java-editor-overridden-ComputeAnnotations$FactoryImpl.instance, org.netbeans.spi.editor.highlighting.HighlightsLayerFactory.instance, org-netbeans-modules-nbcode-java-lsp-server-telemetry-JavaLangFeaturesTelemetryProvider.instance, Reindenter.instance, org-netbeans-modules-java-editor-semantic-MarkOccurrencesHighlighterFactory.instance, org-netbeans-modules-debugger-jpda-projectsui-HighlightsLayerFactoryImpl.instance, org-netbeans-modules-java-source-parsing-VanillaPartialReparser$VerifyPartialReparse$FactoryImpl.instance, org-netbeans-modules-java-hints-spiimpl-hints-HintsTask$HintPositionRefresherHelper.instance, org-netbeans-modules-refactoring-java-callhierarchy-LspCallHierarchyProvider.instance, language.instance, org-netbeans-modules-editor-java-JavaKit$JavaTypedBreakInterceptor$JavaFactory.instance, org-netbeans-modules-java-hints-introduce-PositionRefresherHelperImpl.instance, org-netbeans-modules-java-hints-spiimpl-JavaHintsPositionRefresher.instance, org-netbeans-modules-editor-fold-ui-FoldingEditorSupport$F.instance, org-netbeans-modules-java-source-indexing-JavaBinaryIndexer$Factory-register.instance, org-netbeans-lib-editor-codetemplates-textsync-TextRegionManager$Highlighting$HLFactory.instance, org-netbeans-modules-merge-builtin-visualizer-MergeHighlightsLayerFactory.instance, org-netbeans-modules-csl-hints-infrastructure-SelectionHintsTaskFactory.instance, org-netbeans-modules-editor-hints-lsp-HintsDiagnosticsProvider.instance, org-netbeans-modules-java-hints-infrastructure-EmbeddedHintsCollector$Factory.instance, org-netbeans-modules-csl-core-CslCamelCaseInterceptor$Factory.instance, org-netbeans-modules-csl-editor-overridden-ComputeAnnotations$FactoryImpl.instance, org-netbeans-modules-editor-impl-DocumentFactoryImpl.instance, org-netbeans-modules-diff-builtin-visualizer-editable-DiffHighlightsLayerFactory.instance, org-netbeans-modules-csl-editor-fold-GsfFoldManagerTaskFactory.instance, org-netbeans-modules-editor-impl-highlighting-HLFactory.instance, org-netbeans-modules-editor-hints-HighlightsLayerFactoryImpl.instance, org-netbeans-modules-editor-bracesmatching-BracesMatchHighlighting$Factory.instance, org-netbeans-lib-editor-hyperlink-HyperlinkOperation$HighlightFactoryImpl.instance, org-netbeans-modules-csl-editor-semantic-MarkOccurrencesHighlighterFactory.instance, org-netbeans-modules-editor-lib2-highlighting-Factory.instance, org-netbeans-modules-csl-hints-infrastructure-HintsTaskFactory.instance, org-netbeans-modules-refactoring-spi-impl-UndoableWrapper.instance, COSSynchronizingIndexer.instance, org-netbeans-modules-gsf-testrunner-ui-TestMethodFinderImpl$Factory.instance, org-netbeans-modules-csl-hints-GsfHintsFactory.instance, org-netbeans-modules-csl-navigation-BreadCrumbsTask$TaskFactoryImpl.instance, org-netbeans-modules-editor-url-HighlightURLs$FactoryImpl.instance, org-netbeans-modules-csl-hints-infrastructure-SuggestionsTaskFactory.instance, org-netbeans-modules-java-lsp-server-protocol-Server$CustomIndexerTelemetryFactory-getDefault.instance, org-netbeans-modules-jumpto-file-FileIndexer$Factory.instance, org-netbeans-modules-csl-navigation-CaretListeningFactory.instance, org-netbeans-modules-csl-navigation-ClassMemberNavigatorSourceFactory.instance, org-netbeans-modules-csl-editor-semantic-SemanticHighlighterFactory.instance], but some are: [org-netbeans-modules-editor-java-JavaStructureProvider.instance, org-netbeans-modules-java-file-launcher-indexer-CompilerOptionsIndexer$FactoryImpl.instance]
INFO [org.netbeans.modules.gsf.testrunner.ui.TestMethodFinderImpl]: Listener added: org.netbeans.modules.java.lsp.server.protocol.WorkspaceServiceImpl$$Lambda$317/0x0000017fd03ca4b8@7cdcc00e
INFO [org.netbeans.modules.java.lsp.server.protocol.Server$LanguageServerImpl]: 0 projects opened in 527ms
INFO [org.netbeans.modules.java.lsp.server.explorer.NodeLookupContextValues]: Service class org.netbeans.modules.cloud.oracle.devops.BuildPipelineItem not found.
INFO [org.netbeans.modules.java.lsp.server.explorer.NodeLookupContextValues]: Service class org.netbeans.modules.cloud.oracle.devops.BuildRunFolderItem not found.
INFO [org.netbeans.core.network.proxy.ProxyAutoConfig]: PAC script http://wpad/wpad.dat unavailable, proxy disabled
INFO [org.netbeans.core.network.proxy.NetworkProxyReloader]: System network proxy - mode: auto
INFO [org.netbeans.core.network.proxy.NetworkProxyReloader]: System network proxy - pac url: http://wpad/wpad.dat
INFO [org.netbeans.core.network.proxy.NetworkProxyReloader]: System network proxy TEST - http host: 
INFO [org.netbeans.core.network.proxy.NetworkProxyReloader]: System network proxy TEST - http port: 0
