ERROR:5:package com.girlkun.database does not exist
ERROR:6:package com.girlkun.result does not exist
ERROR:23:package com.girlkun.network.server does not exist
ERROR:24:package com.girlkun.network.session does not exist
ERROR:49:package org.json.simple does not exist
ERROR:50:package org.json.simple does not exist
ERROR:51:package org.json.simple does not exist
ERROR:55:cannot find symbol\n  symbol\d   class JSONArray\n  location\d class com.girlkun.jdbc.daos.GodGK
ERROR:59:cannot find symbol\n  symbol\d   class JSONObject\n  location\d class com.girlkun.jdbc.daos.GodGK
ERROR:59:cannot find symbol\n  symbol\d   class JSONObject\n  location\d class com.girlkun.jdbc.daos.GodGK
ERROR:71:cannot find symbol\n  symbol\d   class GirlkunResultSet\n  location\d class com.girlkun.jdbc.daos.GodGK
ERROR:73:cannot find symbol\n  symbol\d   variable GirlkunDB\n  location\d class com.girlkun.jdbc.daos.GodGK
ERROR:117:cannot find symbol\n  symbol\d   variable GirlkunDB\n  location\d class com.girlkun.jdbc.daos.GodGK
ERROR:132:cannot find symbol\n  symbol\d   class JSONValue\n  location\d class com.girlkun.jdbc.daos.GodGK
ERROR:132:cannot find symbol\n  symbol\d   class JSONValue\n  location\d class com.girlkun.jdbc.daos.GodGK
ERROR:133:cannot find symbol\n  symbol\d   class JSONArray\n  location\d class com.girlkun.jdbc.daos.GodGK
ERROR:161:cannot find symbol\n  symbol\d   class JSONArray\n  location\d class com.girlkun.jdbc.daos.GodGK
ERROR:179:cannot find symbol\n  symbol\d   class JSONArray\n  location\d class com.girlkun.jdbc.daos.GodGK
ERROR:181:cannot find symbol\n  symbol\d   class JSONObject\n  location\d class com.girlkun.jdbc.daos.GodGK
ERROR:181:cannot find symbol\n  symbol\d   class JSONObject\n  location\d class com.girlkun.jdbc.daos.GodGK
ERROR:182:cannot find symbol\n  symbol\d   class JSONArray\n  location\d class com.girlkun.jdbc.daos.GodGK
ERROR:182:cannot find symbol\n  symbol\d   variable JSONValue\n  location\d class com.girlkun.jdbc.daos.GodGK
ERROR:188:cannot find symbol\n  symbol\d   class JSONArray\n  location\d class com.girlkun.jdbc.daos.GodGK
ERROR:206:cannot find symbol\n  symbol\d   class JSONArray\n  location\d class com.girlkun.jdbc.daos.GodGK
ERROR:223:cannot find symbol\n  symbol\d   class JSONArray\n  location\d class com.girlkun.jdbc.daos.GodGK
ERROR:233:cannot find symbol\n  symbol\d   class JSONArray\n  location\d class com.girlkun.jdbc.daos.GodGK
ERROR:234:cannot find symbol\n  symbol\d   class JSONArray\n  location\d class com.girlkun.jdbc.daos.GodGK
ERROR:236:cannot find symbol\n  symbol\d   class JSONArray\n  location\d class com.girlkun.jdbc.daos.GodGK
ERROR:249:cannot find symbol\n  symbol\d   class JSONArray\n  location\d class com.girlkun.jdbc.daos.GodGK
ERROR:252:cannot find symbol\n  symbol\d   class JSONArray\n  location\d class com.girlkun.jdbc.daos.GodGK
ERROR:252:cannot find symbol\n  symbol\d   class JSONArray\n  location\d class com.girlkun.jdbc.daos.GodGK
ERROR:256:cannot find symbol\n  symbol\d   class JSONArray\n  location\d class com.girlkun.jdbc.daos.GodGK
ERROR:256:cannot find symbol\n  symbol\d   class JSONArray\n  location\d class com.girlkun.jdbc.daos.GodGK
ERROR:258:cannot find symbol\n  symbol\d   class JSONArray\n  location\d class com.girlkun.jdbc.daos.GodGK
ERROR:258:cannot find symbol\n  symbol\d   class JSONArray\n  location\d class com.girlkun.jdbc.daos.GodGK
ERROR:277:cannot find symbol\n  symbol\d   class JSONArray\n  location\d class com.girlkun.jdbc.daos.GodGK
ERROR:280:cannot find symbol\n  symbol\d   class JSONArray\n  location\d class com.girlkun.jdbc.daos.GodGK
ERROR:280:cannot find symbol\n  symbol\d   class JSONArray\n  location\d class com.girlkun.jdbc.daos.GodGK
ERROR:284:cannot find symbol\n  symbol\d   class JSONArray\n  location\d class com.girlkun.jdbc.daos.GodGK
ERROR:284:cannot find symbol\n  symbol\d   class JSONArray\n  location\d class com.girlkun.jdbc.daos.GodGK
ERROR:286:cannot find symbol\n  symbol\d   class JSONArray\n  location\d class com.girlkun.jdbc.daos.GodGK
ERROR:286:cannot find symbol\n  symbol\d   class JSONArray\n  location\d class com.girlkun.jdbc.daos.GodGK
ERROR:302:cannot find symbol\n  symbol\d   class JSONArray\n  location\d class com.girlkun.jdbc.daos.GodGK
ERROR:305:cannot find symbol\n  symbol\d   class JSONArray\n  location\d class com.girlkun.jdbc.daos.GodGK
ERROR:305:cannot find symbol\n  symbol\d   class JSONArray\n  location\d class com.girlkun.jdbc.daos.GodGK
ERROR:309:cannot find symbol\n  symbol\d   class JSONArray\n  location\d class com.girlkun.jdbc.daos.GodGK
ERROR:309:cannot find symbol\n  symbol\d   class JSONArray\n  location\d class com.girlkun.jdbc.daos.GodGK
ERROR:311:cannot find symbol\n  symbol\d   class JSONArray\n  location\d class com.girlkun.jdbc.daos.GodGK
ERROR:311:cannot find symbol\n  symbol\d   class JSONArray\n  location\d class com.girlkun.jdbc.daos.GodGK
ERROR:327:cannot find symbol\n  symbol\d   class JSONArray\n  location\d class com.girlkun.jdbc.daos.GodGK
ERROR:330:cannot find symbol\n  symbol\d   class JSONArray\n  location\d class com.girlkun.jdbc.daos.GodGK
ERROR:330:cannot find symbol\n  symbol\d   class JSONArray\n  location\d class com.girlkun.jdbc.daos.GodGK
ERROR:334:cannot find symbol\n  symbol\d   class JSONArray\n  location\d class com.girlkun.jdbc.daos.GodGK
ERROR:334:cannot find symbol\n  symbol\d   class JSONArray\n  location\d class com.girlkun.jdbc.daos.GodGK
ERROR:336:cannot find symbol\n  symbol\d   class JSONArray\n  location\d class com.girlkun.jdbc.daos.GodGK
ERROR:336:cannot find symbol\n  symbol\d   class JSONArray\n  location\d class com.girlkun.jdbc.daos.GodGK
ERROR:346:cannot find symbol\n  symbol\d   class JSONArray\n  location\d class com.girlkun.jdbc.daos.GodGK
ERROR:349:cannot find symbol\n  symbol\d   class JSONArray\n  location\d class com.girlkun.jdbc.daos.GodGK
ERROR:349:cannot find symbol\n  symbol\d   class JSONArray\n  location\d class com.girlkun.jdbc.daos.GodGK
ERROR:365:cannot find symbol\n  symbol\d   class JSONArray\n  location\d class com.girlkun.jdbc.daos.GodGK
ERROR:368:cannot find symbol\n  symbol\d   class JSONArray\n  location\d class com.girlkun.jdbc.daos.GodGK
ERROR:368:cannot find symbol\n  symbol\d   class JSONArray\n  location\d class com.girlkun.jdbc.daos.GodGK
ERROR:384:cannot find symbol\n  symbol\d   class JSONArray\n  location\d class com.girlkun.jdbc.daos.GodGK
ERROR:393:cannot find symbol\n  symbol\d   class JSONArray\n  location\d class com.girlkun.jdbc.daos.GodGK
ERROR:454:cannot find symbol\n  symbol\d   class JSONArray\n  location\d class com.girlkun.jdbc.daos.GodGK
ERROR:480:cannot find symbol\n  symbol\d   class JSONArray\n  location\d class com.girlkun.jdbc.daos.GodGK
ERROR:488:cannot find symbol\n  symbol\d   class JSONArray\n  location\d class com.girlkun.jdbc.daos.GodGK
ERROR:502:cannot find symbol\n  symbol\d   class JSONArray\n  location\d class com.girlkun.jdbc.daos.GodGK
ERROR:510:cannot find symbol\n  symbol\d   class JSONArray\n  location\d class com.girlkun.jdbc.daos.GodGK
ERROR:518:cannot find symbol\n  symbol\d   class JSONArray\n  location\d class com.girlkun.jdbc.daos.GodGK
ERROR:532:cannot find symbol\n  symbol\d   class JSONArray\n  location\d class com.girlkun.jdbc.daos.GodGK
ERROR:534:cannot find symbol\n  symbol\d   class JSONArray\n  location\d class com.girlkun.jdbc.daos.GodGK
ERROR:534:cannot find symbol\n  symbol\d   class JSONArray\n  location\d class com.girlkun.jdbc.daos.GodGK
ERROR:549:cannot find symbol\n  symbol\d   class JSONArray\n  location\d class com.girlkun.jdbc.daos.GodGK
ERROR:566:cannot find symbol\n  symbol\d   class JSONArray\n  location\d class com.girlkun.jdbc.daos.GodGK
ERROR:566:cannot find symbol\n  symbol\d   class JSONArray\n  location\d class com.girlkun.jdbc.daos.GodGK
ERROR:568:cannot find symbol\n  symbol\d   class JSONArray\n  location\d class com.girlkun.jdbc.daos.GodGK
ERROR:585:cannot find symbol\n  symbol\d   class JSONArray\n  location\d class com.girlkun.jdbc.daos.GodGK
ERROR:600:cannot find symbol\n  symbol\d   class JSONArray\n  location\d class com.girlkun.jdbc.daos.GodGK
ERROR:603:cannot find symbol\n  symbol\d   class JSONArray\n  location\d class com.girlkun.jdbc.daos.GodGK
ERROR:603:cannot find symbol\n  symbol\d   class JSONArray\n  location\d class com.girlkun.jdbc.daos.GodGK
ERROR:607:cannot find symbol\n  symbol\d   class JSONArray\n  location\d class com.girlkun.jdbc.daos.GodGK
ERROR:607:cannot find symbol\n  symbol\d   class JSONArray\n  location\d class com.girlkun.jdbc.daos.GodGK
ERROR:609:cannot find symbol\n  symbol\d   class JSONArray\n  location\d class com.girlkun.jdbc.daos.GodGK
ERROR:609:cannot find symbol\n  symbol\d   class JSONArray\n  location\d class com.girlkun.jdbc.daos.GodGK
ERROR:625:cannot find symbol\n  symbol\d   class JSONArray\n  location\d class com.girlkun.jdbc.daos.GodGK
ERROR:627:cannot find symbol\n  symbol\d   class JSONArray\n  location\d class com.girlkun.jdbc.daos.GodGK
ERROR:627:cannot find symbol\n  symbol\d   class JSONArray\n  location\d class com.girlkun.jdbc.daos.GodGK
ERROR:655:cannot find symbol\n  symbol\d   method setLoadedAllDataPlayer(boolean)\n  location\d variable iDMark of type com.girlkun.models.player.IDMark
ERROR:656:cannot find symbol\n  symbol\d   variable GirlkunDB\n  location\d class com.girlkun.jdbc.daos.GodGK
ERROR:681:cannot find symbol\n  symbol\d   class JSONValue\n  location\d class com.girlkun.jdbc.daos.GodGK
ERROR:681:cannot find symbol\n  symbol\d   class JSONValue\n  location\d class com.girlkun.jdbc.daos.GodGK
ERROR:682:cannot find symbol\n  symbol\d   class JSONArray\n  location\d class com.girlkun.jdbc.daos.GodGK
ERROR:683:cannot find symbol\n  symbol\d   class JSONObject\n  location\d class com.girlkun.jdbc.daos.GodGK
ERROR:688:cannot find symbol\n  symbol\d   variable GirlkunDB\n  location\d class com.girlkun.jdbc.daos.GodGK
ERROR:702:cannot find symbol\n  symbol\d   class JSONArray\n  location\d class com.girlkun.jdbc.daos.GodGK
ERROR:702:cannot find symbol\n  symbol\d   variable JSONValue\n  location\d class com.girlkun.jdbc.daos.GodGK
ERROR:714:cannot find symbol\n  symbol\d   class JSONArray\n  location\d class com.girlkun.jdbc.daos.GodGK
ERROR:714:cannot find symbol\n  symbol\d   variable JSONValue\n  location\d class com.girlkun.jdbc.daos.GodGK
ERROR:731:cannot find symbol\n  symbol\d   class JSONArray\n  location\d class com.girlkun.jdbc.daos.GodGK
ERROR:731:cannot find symbol\n  symbol\d   variable JSONValue\n  location\d class com.girlkun.jdbc.daos.GodGK
ERROR:734:cannot find symbol\n  symbol\d   class JSONArray\n  location\d class com.girlkun.jdbc.daos.GodGK
ERROR:734:cannot find symbol\n  symbol\d   class JSONArray\n  location\d class com.girlkun.jdbc.daos.GodGK
ERROR:734:cannot find symbol\n  symbol\d   variable JSONValue\n  location\d class com.girlkun.jdbc.daos.GodGK
ERROR:738:cannot find symbol\n  symbol\d   class JSONArray\n  location\d class com.girlkun.jdbc.daos.GodGK
ERROR:738:cannot find symbol\n  symbol\d   class JSONArray\n  location\d class com.girlkun.jdbc.daos.GodGK
ERROR:738:cannot find symbol\n  symbol\d   variable JSONValue\n  location\d class com.girlkun.jdbc.daos.GodGK
ERROR:740:cannot find symbol\n  symbol\d   class JSONArray\n  location\d class com.girlkun.jdbc.daos.GodGK
ERROR:740:cannot find symbol\n  symbol\d   class JSONArray\n  location\d class com.girlkun.jdbc.daos.GodGK
ERROR:740:cannot find symbol\n  symbol\d   variable JSONValue\n  location\d class com.girlkun.jdbc.daos.GodGK
ERROR:758:cannot find symbol\n  symbol\d   class JSONArray\n  location\d class com.girlkun.jdbc.daos.GodGK
ERROR:758:cannot find symbol\n  symbol\d   variable JSONValue\n  location\d class com.girlkun.jdbc.daos.GodGK
ERROR:761:cannot find symbol\n  symbol\d   class JSONArray\n  location\d class com.girlkun.jdbc.daos.GodGK
ERROR:761:cannot find symbol\n  symbol\d   class JSONArray\n  location\d class com.girlkun.jdbc.daos.GodGK
ERROR:761:cannot find symbol\n  symbol\d   variable JSONValue\n  location\d class com.girlkun.jdbc.daos.GodGK
ERROR:765:cannot find symbol\n  symbol\d   class JSONArray\n  location\d class com.girlkun.jdbc.daos.GodGK
ERROR:765:cannot find symbol\n  symbol\d   class JSONArray\n  location\d class com.girlkun.jdbc.daos.GodGK
ERROR:765:cannot find symbol\n  symbol\d   variable JSONValue\n  location\d class com.girlkun.jdbc.daos.GodGK
ERROR:767:cannot find symbol\n  symbol\d   class JSONArray\n  location\d class com.girlkun.jdbc.daos.GodGK
ERROR:767:cannot find symbol\n  symbol\d   class JSONArray\n  location\d class com.girlkun.jdbc.daos.GodGK
ERROR:767:cannot find symbol\n  symbol\d   variable JSONValue\n  location\d class com.girlkun.jdbc.daos.GodGK
ERROR:784:cannot find symbol\n  symbol\d   class JSONArray\n  location\d class com.girlkun.jdbc.daos.GodGK
ERROR:784:cannot find symbol\n  symbol\d   variable JSONValue\n  location\d class com.girlkun.jdbc.daos.GodGK
ERROR:787:cannot find symbol\n  symbol\d   class JSONArray\n  location\d class com.girlkun.jdbc.daos.GodGK
ERROR:787:cannot find symbol\n  symbol\d   class JSONArray\n  location\d class com.girlkun.jdbc.daos.GodGK
ERROR:787:cannot find symbol\n  symbol\d   variable JSONValue\n  location\d class com.girlkun.jdbc.daos.GodGK
ERROR:791:cannot find symbol\n  symbol\d   class JSONArray\n  location\d class com.girlkun.jdbc.daos.GodGK
ERROR:791:cannot find symbol\n  symbol\d   class JSONArray\n  location\d class com.girlkun.jdbc.daos.GodGK
ERROR:791:cannot find symbol\n  symbol\d   variable JSONValue\n  location\d class com.girlkun.jdbc.daos.GodGK
ERROR:793:cannot find symbol\n  symbol\d   class JSONArray\n  location\d class com.girlkun.jdbc.daos.GodGK
ERROR:793:cannot find symbol\n  symbol\d   class JSONArray\n  location\d class com.girlkun.jdbc.daos.GodGK
ERROR:793:cannot find symbol\n  symbol\d   variable JSONValue\n  location\d class com.girlkun.jdbc.daos.GodGK
ERROR:810:cannot find symbol\n  symbol\d   class JSONArray\n  location\d class com.girlkun.jdbc.daos.GodGK
ERROR:810:cannot find symbol\n  symbol\d   variable JSONValue\n  location\d class com.girlkun.jdbc.daos.GodGK
ERROR:813:cannot find symbol\n  symbol\d   class JSONArray\n  location\d class com.girlkun.jdbc.daos.GodGK
ERROR:813:cannot find symbol\n  symbol\d   class JSONArray\n  location\d class com.girlkun.jdbc.daos.GodGK
ERROR:813:cannot find symbol\n  symbol\d   variable JSONValue\n  location\d class com.girlkun.jdbc.daos.GodGK
ERROR:817:cannot find symbol\n  symbol\d   class JSONArray\n  location\d class com.girlkun.jdbc.daos.GodGK
ERROR:817:cannot find symbol\n  symbol\d   class JSONArray\n  location\d class com.girlkun.jdbc.daos.GodGK
ERROR:817:cannot find symbol\n  symbol\d   variable JSONValue\n  location\d class com.girlkun.jdbc.daos.GodGK
ERROR:819:cannot find symbol\n  symbol\d   class JSONArray\n  location\d class com.girlkun.jdbc.daos.GodGK
ERROR:819:cannot find symbol\n  symbol\d   class JSONArray\n  location\d class com.girlkun.jdbc.daos.GodGK
ERROR:819:cannot find symbol\n  symbol\d   variable JSONValue\n  location\d class com.girlkun.jdbc.daos.GodGK
ERROR:829:cannot find symbol\n  symbol\d   class JSONArray\n  location\d class com.girlkun.jdbc.daos.GodGK
ERROR:829:cannot find symbol\n  symbol\d   class JSONArray\n  location\d class com.girlkun.jdbc.daos.GodGK
ERROR:831:cannot find symbol\n  symbol\d   class JSONArray\n  location\d class com.girlkun.jdbc.daos.GodGK
ERROR:843:cannot find symbol\n  symbol\d   class JSONArray\n  location\d class com.girlkun.jdbc.daos.GodGK
ERROR:858:cannot find symbol\n  symbol\d   class JSONArray\n  location\d class com.girlkun.jdbc.daos.GodGK
ERROR:861:cannot find symbol\n  symbol\d   class JSONArray\n  location\d class com.girlkun.jdbc.daos.GodGK
ERROR:861:cannot find symbol\n  symbol\d   class JSONArray\n  location\d class com.girlkun.jdbc.daos.GodGK
ERROR:865:cannot find symbol\n  symbol\d   class JSONArray\n  location\d class com.girlkun.jdbc.daos.GodGK
ERROR:865:cannot find symbol\n  symbol\d   class JSONArray\n  location\d class com.girlkun.jdbc.daos.GodGK
ERROR:867:cannot find symbol\n  symbol\d   class JSONArray\n  location\d class com.girlkun.jdbc.daos.GodGK
ERROR:867:cannot find symbol\n  symbol\d   class JSONArray\n  location\d class com.girlkun.jdbc.daos.GodGK
ERROR:896:cannot find symbol\n  symbol\d   class JSONValue\n  location\d class com.girlkun.jdbc.daos.GodGK
ERROR:896:cannot find symbol\n  symbol\d   class JSONValue\n  location\d class com.girlkun.jdbc.daos.GodGK
ERROR:897:cannot find symbol\n  symbol\d   class JSONArray\n  location\d class com.girlkun.jdbc.daos.GodGK
ERROR:898:cannot find symbol\n  symbol\d   class JSONObject\n  location\d class com.girlkun.jdbc.daos.GodGK
ERROR:903:cannot find symbol\n  symbol\d   variable GirlkunDB\n  location\d class com.girlkun.jdbc.daos.GodGK
ERROR:917:cannot find symbol\n  symbol\d   class JSONArray\n  location\d class com.girlkun.jdbc.daos.GodGK
ERROR:917:cannot find symbol\n  symbol\d   variable JSONValue\n  location\d class com.girlkun.jdbc.daos.GodGK
ERROR:929:cannot find symbol\n  symbol\d   class JSONArray\n  location\d class com.girlkun.jdbc.daos.GodGK
ERROR:929:cannot find symbol\n  symbol\d   variable JSONValue\n  location\d class com.girlkun.jdbc.daos.GodGK
ERROR:946:cannot find symbol\n  symbol\d   class JSONArray\n  location\d class com.girlkun.jdbc.daos.GodGK
ERROR:946:cannot find symbol\n  symbol\d   variable JSONValue\n  location\d class com.girlkun.jdbc.daos.GodGK
ERROR:949:cannot find symbol\n  symbol\d   class JSONArray\n  location\d class com.girlkun.jdbc.daos.GodGK
ERROR:949:cannot find symbol\n  symbol\d   class JSONArray\n  location\d class com.girlkun.jdbc.daos.GodGK
ERROR:949:cannot find symbol\n  symbol\d   variable JSONValue\n  location\d class com.girlkun.jdbc.daos.GodGK
ERROR:953:cannot find symbol\n  symbol\d   class JSONArray\n  location\d class com.girlkun.jdbc.daos.GodGK
ERROR:953:cannot find symbol\n  symbol\d   class JSONArray\n  location\d class com.girlkun.jdbc.daos.GodGK
ERROR:953:cannot find symbol\n  symbol\d   variable JSONValue\n  location\d class com.girlkun.jdbc.daos.GodGK
ERROR:955:cannot find symbol\n  symbol\d   class JSONArray\n  location\d class com.girlkun.jdbc.daos.GodGK
ERROR:955:cannot find symbol\n  symbol\d   class JSONArray\n  location\d class com.girlkun.jdbc.daos.GodGK
ERROR:955:cannot find symbol\n  symbol\d   variable JSONValue\n  location\d class com.girlkun.jdbc.daos.GodGK
ERROR:976:cannot find symbol\n  symbol\d   class JSONArray\n  location\d class com.girlkun.jdbc.daos.GodGK
ERROR:976:cannot find symbol\n  symbol\d   variable JSONValue\n  location\d class com.girlkun.jdbc.daos.GodGK
ERROR:979:cannot find symbol\n  symbol\d   class JSONArray\n  location\d class com.girlkun.jdbc.daos.GodGK
ERROR:979:cannot find symbol\n  symbol\d   class JSONArray\n  location\d class com.girlkun.jdbc.daos.GodGK
ERROR:979:cannot find symbol\n  symbol\d   variable JSONValue\n  location\d class com.girlkun.jdbc.daos.GodGK
ERROR:983:cannot find symbol\n  symbol\d   class JSONArray\n  location\d class com.girlkun.jdbc.daos.GodGK
ERROR:983:cannot find symbol\n  symbol\d   class JSONArray\n  location\d class com.girlkun.jdbc.daos.GodGK
ERROR:983:cannot find symbol\n  symbol\d   variable JSONValue\n  location\d class com.girlkun.jdbc.daos.GodGK
ERROR:985:cannot find symbol\n  symbol\d   class JSONArray\n  location\d class com.girlkun.jdbc.daos.GodGK
ERROR:985:cannot find symbol\n  symbol\d   class JSONArray\n  location\d class com.girlkun.jdbc.daos.GodGK
ERROR:985:cannot find symbol\n  symbol\d   variable JSONValue\n  location\d class com.girlkun.jdbc.daos.GodGK
ERROR:1005:cannot find symbol\n  symbol\d   class JSONArray\n  location\d class com.girlkun.jdbc.daos.GodGK
ERROR:1005:cannot find symbol\n  symbol\d   variable JSONValue\n  location\d class com.girlkun.jdbc.daos.GodGK
ERROR:1008:cannot find symbol\n  symbol\d   class JSONArray\n  location\d class com.girlkun.jdbc.daos.GodGK
ERROR:1008:cannot find symbol\n  symbol\d   class JSONArray\n  location\d class com.girlkun.jdbc.daos.GodGK
ERROR:1008:cannot find symbol\n  symbol\d   variable JSONValue\n  location\d class com.girlkun.jdbc.daos.GodGK
ERROR:1012:cannot find symbol\n  symbol\d   class JSONArray\n  location\d class com.girlkun.jdbc.daos.GodGK
ERROR:1012:cannot find symbol\n  symbol\d   class JSONArray\n  location\d class com.girlkun.jdbc.daos.GodGK
ERROR:1012:cannot find symbol\n  symbol\d   variable JSONValue\n  location\d class com.girlkun.jdbc.daos.GodGK
ERROR:1014:cannot find symbol\n  symbol\d   class JSONArray\n  location\d class com.girlkun.jdbc.daos.GodGK
ERROR:1014:cannot find symbol\n  symbol\d   class JSONArray\n  location\d class com.girlkun.jdbc.daos.GodGK
ERROR:1014:cannot find symbol\n  symbol\d   variable JSONValue\n  location\d class com.girlkun.jdbc.daos.GodGK
ERROR:1048:cannot find symbol\n  symbol\d   class GirlkunResultSet\n  location\d class com.girlkun.jdbc.daos.GodGK
ERROR:1054:cannot find symbol\n  symbol\d   variable GirlkunDB\n  location\d class com.girlkun.jdbc.daos.GodGK
ERROR:1058:cannot find symbol\n  symbol\d   class JSONValue\n  location\d class com.girlkun.jdbc.daos.GodGK
ERROR:1058:cannot find symbol\n  symbol\d   class JSONValue\n  location\d class com.girlkun.jdbc.daos.GodGK
ERROR:1059:cannot find symbol\n  symbol\d   class JSONArray\n  location\d class com.girlkun.jdbc.daos.GodGK
ERROR:1084:cannot find symbol\n  symbol\d   class JSONArray\n  location\d class com.girlkun.jdbc.daos.GodGK
ERROR:1092:cannot find symbol\n  symbol\d   class JSONArray\n  location\d class com.girlkun.jdbc.daos.GodGK
ERROR:1109:cannot find symbol\n  symbol\d   class JSONArray\n  location\d class com.girlkun.jdbc.daos.GodGK
ERROR:1126:cannot find symbol\n  symbol\d   class JSONArray\n  location\d class com.girlkun.jdbc.daos.GodGK
ERROR:1136:cannot find symbol\n  symbol\d   class JSONArray\n  location\d class com.girlkun.jdbc.daos.GodGK
ERROR:1137:cannot find symbol\n  symbol\d   class JSONArray\n  location\d class com.girlkun.jdbc.daos.GodGK
ERROR:1139:cannot find symbol\n  symbol\d   class JSONArray\n  location\d class com.girlkun.jdbc.daos.GodGK
ERROR:1147:cannot find symbol\n  symbol\d   class JSONArray\n  location\d class com.girlkun.jdbc.daos.GodGK
ERROR:1150:cannot find symbol\n  symbol\d   class JSONArray\n  location\d class com.girlkun.jdbc.daos.GodGK
ERROR:1150:cannot find symbol\n  symbol\d   class JSONArray\n  location\d class com.girlkun.jdbc.daos.GodGK
ERROR:1154:cannot find symbol\n  symbol\d   class JSONArray\n  location\d class com.girlkun.jdbc.daos.GodGK
ERROR:1154:cannot find symbol\n  symbol\d   class JSONArray\n  location\d class com.girlkun.jdbc.daos.GodGK
ERROR:1156:cannot find symbol\n  symbol\d   class JSONArray\n  location\d class com.girlkun.jdbc.daos.GodGK
ERROR:1156:cannot find symbol\n  symbol\d   class JSONArray\n  location\d class com.girlkun.jdbc.daos.GodGK
ERROR:1172:cannot find symbol\n  symbol\d   class JSONArray\n  location\d class com.girlkun.jdbc.daos.GodGK
ERROR:1175:cannot find symbol\n  symbol\d   class JSONArray\n  location\d class com.girlkun.jdbc.daos.GodGK
ERROR:1175:cannot find symbol\n  symbol\d   class JSONArray\n  location\d class com.girlkun.jdbc.daos.GodGK
ERROR:1179:cannot find symbol\n  symbol\d   class JSONArray\n  location\d class com.girlkun.jdbc.daos.GodGK
ERROR:1179:cannot find symbol\n  symbol\d   class JSONArray\n  location\d class com.girlkun.jdbc.daos.GodGK
ERROR:1181:cannot find symbol\n  symbol\d   class JSONArray\n  location\d class com.girlkun.jdbc.daos.GodGK
ERROR:1181:cannot find symbol\n  symbol\d   class JSONArray\n  location\d class com.girlkun.jdbc.daos.GodGK
ERROR:1197:cannot find symbol\n  symbol\d   class JSONArray\n  location\d class com.girlkun.jdbc.daos.GodGK
ERROR:1200:cannot find symbol\n  symbol\d   class JSONArray\n  location\d class com.girlkun.jdbc.daos.GodGK
ERROR:1200:cannot find symbol\n  symbol\d   class JSONArray\n  location\d class com.girlkun.jdbc.daos.GodGK
ERROR:1204:cannot find symbol\n  symbol\d   class JSONArray\n  location\d class com.girlkun.jdbc.daos.GodGK
ERROR:1204:cannot find symbol\n  symbol\d   class JSONArray\n  location\d class com.girlkun.jdbc.daos.GodGK
ERROR:1206:cannot find symbol\n  symbol\d   class JSONArray\n  location\d class com.girlkun.jdbc.daos.GodGK
ERROR:1206:cannot find symbol\n  symbol\d   class JSONArray\n  location\d class com.girlkun.jdbc.daos.GodGK
ERROR:1222:cannot find symbol\n  symbol\d   class JSONArray\n  location\d class com.girlkun.jdbc.daos.GodGK
ERROR:1225:cannot find symbol\n  symbol\d   class JSONArray\n  location\d class com.girlkun.jdbc.daos.GodGK
ERROR:1225:cannot find symbol\n  symbol\d   class JSONArray\n  location\d class com.girlkun.jdbc.daos.GodGK
ERROR:1229:cannot find symbol\n  symbol\d   class JSONArray\n  location\d class com.girlkun.jdbc.daos.GodGK
ERROR:1229:cannot find symbol\n  symbol\d   class JSONArray\n  location\d class com.girlkun.jdbc.daos.GodGK
ERROR:1231:cannot find symbol\n  symbol\d   class JSONArray\n  location\d class com.girlkun.jdbc.daos.GodGK
ERROR:1231:cannot find symbol\n  symbol\d   class JSONArray\n  location\d class com.girlkun.jdbc.daos.GodGK
ERROR:1241:cannot find symbol\n  symbol\d   class JSONArray\n  location\d class com.girlkun.jdbc.daos.GodGK
ERROR:1244:cannot find symbol\n  symbol\d   class JSONArray\n  location\d class com.girlkun.jdbc.daos.GodGK
ERROR:1244:cannot find symbol\n  symbol\d   class JSONArray\n  location\d class com.girlkun.jdbc.daos.GodGK
ERROR:1259:cannot find symbol\n  symbol\d   class JSONArray\n  location\d class com.girlkun.jdbc.daos.GodGK
ERROR:1262:cannot find symbol\n  symbol\d   class JSONArray\n  location\d class com.girlkun.jdbc.daos.GodGK
ERROR:1262:cannot find symbol\n  symbol\d   class JSONArray\n  location\d class com.girlkun.jdbc.daos.GodGK
ERROR:1277:cannot find symbol\n  symbol\d   class JSONArray\n  location\d class com.girlkun.jdbc.daos.GodGK
ERROR:1286:cannot find symbol\n  symbol\d   class JSONArray\n  location\d class com.girlkun.jdbc.daos.GodGK
ERROR:1326:cannot find symbol\n  symbol\d   class JSONArray\n  location\d class com.girlkun.jdbc.daos.GodGK
ERROR:1334:cannot find symbol\n  symbol\d   class JSONArray\n  location\d class com.girlkun.jdbc.daos.GodGK
ERROR:1348:cannot find symbol\n  symbol\d   class JSONArray\n  location\d class com.girlkun.jdbc.daos.GodGK
ERROR:1360:cannot find symbol\n  symbol\d   class JSONArray\n  location\d class com.girlkun.jdbc.daos.GodGK
ERROR:1374:cannot find symbol\n  symbol\d   class JSONArray\n  location\d class com.girlkun.jdbc.daos.GodGK
ERROR:1376:cannot find symbol\n  symbol\d   class JSONArray\n  location\d class com.girlkun.jdbc.daos.GodGK
ERROR:1376:cannot find symbol\n  symbol\d   class JSONArray\n  location\d class com.girlkun.jdbc.daos.GodGK
ERROR:1391:cannot find symbol\n  symbol\d   class JSONArray\n  location\d class com.girlkun.jdbc.daos.GodGK
ERROR:1408:cannot find symbol\n  symbol\d   class JSONArray\n  location\d class com.girlkun.jdbc.daos.GodGK
ERROR:1408:cannot find symbol\n  symbol\d   class JSONArray\n  location\d class com.girlkun.jdbc.daos.GodGK
ERROR:1410:cannot find symbol\n  symbol\d   class JSONArray\n  location\d class com.girlkun.jdbc.daos.GodGK
ERROR:1422:cannot find symbol\n  symbol\d   class JSONArray\n  location\d class com.girlkun.jdbc.daos.GodGK
ERROR:1437:cannot find symbol\n  symbol\d   class JSONArray\n  location\d class com.girlkun.jdbc.daos.GodGK
ERROR:1440:cannot find symbol\n  symbol\d   class JSONArray\n  location\d class com.girlkun.jdbc.daos.GodGK
ERROR:1440:cannot find symbol\n  symbol\d   class JSONArray\n  location\d class com.girlkun.jdbc.daos.GodGK
ERROR:1444:cannot find symbol\n  symbol\d   class JSONArray\n  location\d class com.girlkun.jdbc.daos.GodGK
ERROR:1444:cannot find symbol\n  symbol\d   class JSONArray\n  location\d class com.girlkun.jdbc.daos.GodGK
ERROR:1446:cannot find symbol\n  symbol\d   class JSONArray\n  location\d class com.girlkun.jdbc.daos.GodGK
ERROR:1446:cannot find symbol\n  symbol\d   class JSONArray\n  location\d class com.girlkun.jdbc.daos.GodGK
ERROR:1461:cannot find symbol\n  symbol\d   class JSONArray\n  location\d class com.girlkun.jdbc.daos.GodGK
ERROR:1463:cannot find symbol\n  symbol\d   class JSONArray\n  location\d class com.girlkun.jdbc.daos.GodGK
ERROR:1463:cannot find symbol\n  symbol\d   class JSONArray\n  location\d class com.girlkun.jdbc.daos.GodGK
ERROR:1488:cannot find symbol\n  symbol\d   method setLoadedAllDataPlayer(boolean)\n  location\d variable iDMark of type com.girlkun.models.player.IDMark
