ERROR:3:package com.girlkun.database does not exist
ERROR:12:package com.girlkun.network.io does not exist
ERROR:13:package com.girlkun.network.session does not exist
ERROR:66:cannot find symbol\n  symbol\d   class Message\n  location\d class com.girlkun.services.func.Input
ERROR:357:cannot find symbol\n  symbol\d   class ISession\n  location\d class com.girlkun.services.func.Input
ERROR:72:cannot find symbol\n  symbol\d   method getTypeInput()\n  location\d variable iDMark of type com.girlkun.models.player.IDMark
ERROR:147:cannot find symbol\n  symbol\d   variable GirlkunDB\n  location\d class com.girlkun.services.func.Input
ERROR:151:cannot find symbol\n  symbol\d   variable GirlkunDB\n  location\d class com.girlkun.services.func.Input
ERROR:165:cannot find symbol\n  symbol\d   variable GirlkunDB\n  location\d class com.girlkun.services.func.Input
ERROR:175:cannot find symbol\n  symbol\d   variable GirlkunDB\n  location\d class com.girlkun.services.func.Input
ERROR:341:cannot find symbol\n  symbol\d   method setTypeInput(int)\n  location\d variable iDMark of type com.girlkun.models.player.IDMark
ERROR:342:cannot find symbol\n  symbol\d   class Message\n  location\d class com.girlkun.services.func.Input
ERROR:344:cannot find symbol\n  symbol\d   class Message\n  location\d class com.girlkun.services.func.Input
ERROR:358:cannot find symbol\n  symbol\d   class Message\n  location\d class com.girlkun.services.func.Input
ERROR:360:cannot find symbol\n  symbol\d   class Message\n  location\d class com.girlkun.services.func.Input
ERROR:374:reference to createForm is ambiguous\n  both method createForm(com.girlkun.models.player.Player,int,java.lang.String,com.girlkun.services.func.Input.SubInput...) in com.girlkun.services.func.Input and method createForm(java.lang.Object,int,java.lang.String,com.girlkun.services.func.Input.SubInput...) in com.girlkun.services.func.Input match
ERROR:380:reference to createForm is ambiguous\n  both method createForm(com.girlkun.models.player.Player,int,java.lang.String,com.girlkun.services.func.Input.SubInput...) in com.girlkun.services.func.Input and method createForm(java.lang.Object,int,java.lang.String,com.girlkun.services.func.Input.SubInput...) in com.girlkun.services.func.Input match
ERROR:384:reference to createForm is ambiguous\n  both method createForm(com.girlkun.models.player.Player,int,java.lang.String,com.girlkun.services.func.Input.SubInput...) in com.girlkun.services.func.Input and method createForm(java.lang.Object,int,java.lang.String,com.girlkun.services.func.Input.SubInput...) in com.girlkun.services.func.Input match
ERROR:388:reference to createForm is ambiguous\n  both method createForm(com.girlkun.models.player.Player,int,java.lang.String,com.girlkun.services.func.Input.SubInput...) in com.girlkun.services.func.Input and method createForm(java.lang.Object,int,java.lang.String,com.girlkun.services.func.Input.SubInput...) in com.girlkun.services.func.Input match
ERROR:392:reference to createForm is ambiguous\n  both method createForm(com.girlkun.models.player.Player,int,java.lang.String,com.girlkun.services.func.Input.SubInput...) in com.girlkun.services.func.Input and method createForm(java.lang.Object,int,java.lang.String,com.girlkun.services.func.Input.SubInput...) in com.girlkun.services.func.Input match
ERROR:396:reference to createForm is ambiguous\n  both method createForm(com.girlkun.models.player.Player,int,java.lang.String,com.girlkun.services.func.Input.SubInput...) in com.girlkun.services.func.Input and method createForm(java.lang.Object,int,java.lang.String,com.girlkun.services.func.Input.SubInput...) in com.girlkun.services.func.Input match
ERROR:402:reference to createForm is ambiguous\n  both method createForm(com.girlkun.models.player.Player,int,java.lang.String,com.girlkun.services.func.Input.SubInput...) in com.girlkun.services.func.Input and method createForm(java.lang.Object,int,java.lang.String,com.girlkun.services.func.Input.SubInput...) in com.girlkun.services.func.Input match
ERROR:405:reference to createForm is ambiguous\n  both method createForm(com.girlkun.models.player.Player,int,java.lang.String,com.girlkun.services.func.Input.SubInput...) in com.girlkun.services.func.Input and method createForm(java.lang.Object,int,java.lang.String,com.girlkun.services.func.Input.SubInput...) in com.girlkun.services.func.Input match
ERROR:415:reference to createForm is ambiguous\n  both method createForm(com.girlkun.models.player.Player,int,java.lang.String,com.girlkun.services.func.Input.SubInput...) in com.girlkun.services.func.Input and method createForm(java.lang.Object,int,java.lang.String,com.girlkun.services.func.Input.SubInput...) in com.girlkun.services.func.Input match
ERROR:426:reference to createForm is ambiguous\n  both method createForm(com.girlkun.models.player.Player,int,java.lang.String,com.girlkun.services.func.Input.SubInput...) in com.girlkun.services.func.Input and method createForm(java.lang.Object,int,java.lang.String,com.girlkun.services.func.Input.SubInput...) in com.girlkun.services.func.Input match
ERROR:431:reference to createForm is ambiguous\n  both method createForm(com.girlkun.models.player.Player,int,java.lang.String,com.girlkun.services.func.Input.SubInput...) in com.girlkun.services.func.Input and method createForm(java.lang.Object,int,java.lang.String,com.girlkun.services.func.Input.SubInput...) in com.girlkun.services.func.Input match
ERROR:435:reference to createForm is ambiguous\n  both method createForm(com.girlkun.models.player.Player,int,java.lang.String,com.girlkun.services.func.Input.SubInput...) in com.girlkun.services.func.Input and method createForm(java.lang.Object,int,java.lang.String,com.girlkun.services.func.Input.SubInput...) in com.girlkun.services.func.Input match
ERROR:439:reference to createForm is ambiguous\n  both method createForm(com.girlkun.models.player.Player,int,java.lang.String,com.girlkun.services.func.Input.SubInput...) in com.girlkun.services.func.Input and method createForm(java.lang.Object,int,java.lang.String,com.girlkun.services.func.Input.SubInput...) in com.girlkun.services.func.Input match
