ERROR:3:package com.arriety.card does not exist
ERROR:4:package com.arriety.card does not exist
ERROR:5:package com.girlkun.database does not exist
ERROR:6:package com.girlkun.result does not exist
ERROR:7:package com.girlkun.consts does not exist
ERROR:8:package com.girlkun.data does not exist
ERROR:9:package com.girlkun.models.clan does not exist
ERROR:10:package com.girlkun.models.clan does not exist
ERROR:11:package com.girlkun.models.item does not exist
ERROR:12:package com.girlkun.models.item does not exist
ERROR:13:package com.girlkun.models.npc.specialnpc does not exist
ERROR:14:package com.girlkun.models.npc.specialnpc does not exist
ERROR:15:package com.girlkun.models.npc.specialnpc does not exist
ERROR:16:package com.girlkun.models.player does not exist
ERROR:17:package com.girlkun.models.player does not exist
ERROR:18:package com.girlkun.models.player does not exist
ERROR:19:package com.girlkun.models.player does not exist
ERROR:20:package com.girlkun.models.player does not exist
ERROR:21:package com.girlkun.models.skill does not exist
ERROR:22:package com.girlkun.models.task does not exist
ERROR:23:package com.girlkun.network.server does not exist
ERROR:24:package com.girlkun.network.session does not exist
ERROR:25:package com.girlkun.server does not exist
ERROR:26:package com.girlkun.server does not exist
ERROR:27:package com.girlkun.server.io does not exist
ERROR:28:package com.girlkun.server.model does not exist
ERROR:29:package com.girlkun.services does not exist
ERROR:30:package com.girlkun.services does not exist
ERROR:31:package com.girlkun.services does not exist
ERROR:32:package com.girlkun.services does not exist
ERROR:33:package com.girlkun.services does not exist
ERROR:34:package com.girlkun.services does not exist
ERROR:35:package com.girlkun.utils does not exist
ERROR:36:package com.girlkun.utils does not exist
ERROR:37:package com.girlkun.utils does not exist
ERROR:48:package com.girlkun.utils does not exist
ERROR:49:package org.json.simple does not exist
ERROR:50:package org.json.simple does not exist
ERROR:51:package org.json.simple does not exist
ERROR:55:cannot find symbol\n  symbol\d   class JSONArray\n  location\d class com.girlkun.jdbc.daos.GodGK
ERROR:55:cannot find symbol\n  symbol\d   class OptionCard\n  location\d class com.girlkun.jdbc.daos.GodGK
ERROR:69:cannot find symbol\n  symbol\d   class MySession\n  location\d class com.girlkun.jdbc.daos.GodGK
ERROR:69:cannot find symbol\n  symbol\d   class AntiLogin\n  location\d class com.girlkun.jdbc.daos.GodGK
ERROR:69:cannot find symbol\n  symbol\d   class Player\n  location\d class com.girlkun.jdbc.daos.GodGK
ERROR:1023:cannot find symbol\n  symbol\d   class Player\n  location\d class com.girlkun.jdbc.daos.GodGK
ERROR:56:cannot find symbol\n  symbol\d   class OptionCard\n  location\d class com.girlkun.jdbc.daos.GodGK
ERROR:59:cannot find symbol\n  symbol\d   class JSONObject\n  location\d class com.girlkun.jdbc.daos.GodGK
ERROR:59:cannot find symbol\n  symbol\d   class JSONObject\n  location\d class com.girlkun.jdbc.daos.GodGK
ERROR:61:cannot find symbol\n  symbol\d   class OptionCard\n  location\d class com.girlkun.jdbc.daos.GodGK
ERROR:70:cannot find symbol\n  symbol\d   class Player\n  location\d class com.girlkun.jdbc.daos.GodGK
ERROR:71:cannot find symbol\n  symbol\d   class GirlkunResultSet\n  location\d class com.girlkun.jdbc.daos.GodGK
ERROR:73:cannot find symbol\n  symbol\d   variable GirlkunDB\n  location\d class com.girlkun.jdbc.daos.GodGK
ERROR:95:cannot find symbol\n  symbol\d   variable Service\n  location\d class com.girlkun.jdbc.daos.GodGK
ERROR:97:cannot find symbol\n  symbol\d   variable Service\n  location\d class com.girlkun.jdbc.daos.GodGK
ERROR:98:cannot find symbol\n  symbol\d   variable Manager\n  location\d class com.girlkun.jdbc.daos.GodGK
ERROR:100:cannot find symbol\n  symbol\d   variable Manager\n  location\d class com.girlkun.jdbc.daos.GodGK
ERROR:100:cannot find symbol\n  symbol\d   variable Service\n  location\d class com.girlkun.jdbc.daos.GodGK
ERROR:103:cannot find symbol\n  symbol\d   variable Manager\n  location\d class com.girlkun.jdbc.daos.GodGK
ERROR:103:cannot find symbol\n  symbol\d   variable Service\n  location\d class com.girlkun.jdbc.daos.GodGK
ERROR:106:cannot find symbol\n  symbol\d   class Player\n  location\d class com.girlkun.jdbc.daos.GodGK
ERROR:106:cannot find symbol\n  symbol\d   variable Client\n  location\d class com.girlkun.jdbc.daos.GodGK
ERROR:108:cannot find symbol\n  symbol\d   variable Client\n  location\d class com.girlkun.jdbc.daos.GodGK
ERROR:109:cannot find symbol\n  symbol\d   variable Service\n  location\d class com.girlkun.jdbc.daos.GodGK
ERROR:114:cannot find symbol\n  symbol\d   variable Manager\n  location\d class com.girlkun.jdbc.daos.GodGK
ERROR:115:cannot find symbol\n  symbol\d   variable Manager\n  location\d class com.girlkun.jdbc.daos.GodGK
ERROR:115:cannot find symbol\n  symbol\d   variable Service\n  location\d class com.girlkun.jdbc.daos.GodGK
ERROR:117:cannot find symbol\n  symbol\d   variable GirlkunDB\n  location\d class com.girlkun.jdbc.daos.GodGK
ERROR:119:cannot find symbol\n  symbol\d   variable Service\n  location\d class com.girlkun.jdbc.daos.GodGK
ERROR:120:cannot find symbol\n  symbol\d   variable DataGame\n  location\d class com.girlkun.jdbc.daos.GodGK
ERROR:121:cannot find symbol\n  symbol\d   variable DataGame\n  location\d class com.girlkun.jdbc.daos.GodGK
ERROR:122:cannot find symbol\n  symbol\d   variable DataGame\n  location\d class com.girlkun.jdbc.daos.GodGK
ERROR:123:cannot find symbol\n  symbol\d   variable Service\n  location\d class com.girlkun.jdbc.daos.GodGK
ERROR:124:cannot find symbol\n  symbol\d   variable DataGame\n  location\d class com.girlkun.jdbc.daos.GodGK
ERROR:126:cannot find symbol\n  symbol\d   class Player\n  location\d class com.girlkun.jdbc.daos.GodGK
ERROR:126:cannot find symbol\n  symbol\d   variable Client\n  location\d class com.girlkun.jdbc.daos.GodGK
ERROR:128:cannot find symbol\n  symbol\d   variable Client\n  location\d class com.girlkun.jdbc.daos.GodGK
ERROR:132:cannot find symbol\n  symbol\d   class JSONValue\n  location\d class com.girlkun.jdbc.daos.GodGK
ERROR:132:cannot find symbol\n  symbol\d   class JSONValue\n  location\d class com.girlkun.jdbc.daos.GodGK
ERROR:133:cannot find symbol\n  symbol\d   class JSONArray\n  location\d class com.girlkun.jdbc.daos.GodGK
ERROR:135:cannot find symbol\n  symbol\d   class Player\n  location\d class com.girlkun.jdbc.daos.GodGK
ERROR:147:cannot find symbol\n  symbol\d   variable Manager\n  location\d class com.girlkun.jdbc.daos.GodGK
ERROR:149:cannot find symbol\n  symbol\d   class Clan\n  location\d class com.girlkun.jdbc.daos.GodGK
ERROR:149:cannot find symbol\n  symbol\d   variable ClanService\n  location\d class com.girlkun.jdbc.daos.GodGK
ERROR:150:cannot find symbol\n  symbol\d   class ClanMember\n  location\d class com.girlkun.jdbc.daos.GodGK
ERROR:161:cannot find symbol\n  symbol\d   class JSONArray\n  location\d class com.girlkun.jdbc.daos.GodGK
ERROR:179:cannot find symbol\n  symbol\d   class JSONArray\n  location\d class com.girlkun.jdbc.daos.GodGK
ERROR:181:cannot find symbol\n  symbol\d   class JSONObject\n  location\d class com.girlkun.jdbc.daos.GodGK
ERROR:181:cannot find symbol\n  symbol\d   class JSONObject\n  location\d class com.girlkun.jdbc.daos.GodGK
ERROR:182:cannot find symbol\n  symbol\d   class Card\n  location\d class com.girlkun.jdbc.daos.GodGK
ERROR:182:cannot find symbol\n  symbol\d   class JSONArray\n  location\d class com.girlkun.jdbc.daos.GodGK
ERROR:182:cannot find symbol\n  symbol\d   variable JSONValue\n  location\d class com.girlkun.jdbc.daos.GodGK
ERROR:188:cannot find symbol\n  symbol\d   class JSONArray\n  location\d class com.girlkun.jdbc.daos.GodGK
ERROR:193:cannot find symbol\n  symbol\d   variable MapService\n  location\d class com.girlkun.jdbc.daos.GodGK
ERROR:193:cannot find symbol\n  symbol\d   variable MapService\n  location\d class com.girlkun.jdbc.daos.GodGK
ERROR:194:cannot find symbol\n  symbol\d   variable MapService\n  location\d class com.girlkun.jdbc.daos.GodGK
ERROR:194:cannot find symbol\n  symbol\d   variable MapService\n  location\d class com.girlkun.jdbc.daos.GodGK
ERROR:199:cannot find symbol\n  symbol\d   variable MapService\n  location\d class com.girlkun.jdbc.daos.GodGK
ERROR:206:cannot find symbol\n  symbol\d   class JSONArray\n  location\d class com.girlkun.jdbc.daos.GodGK
ERROR:223:cannot find symbol\n  symbol\d   class JSONArray\n  location\d class com.girlkun.jdbc.daos.GodGK
ERROR:229:cannot find symbol\n  symbol\d   class MagicTree\n  location\d class com.girlkun.jdbc.daos.GodGK
ERROR:233:cannot find symbol\n  symbol\d   class JSONArray\n  location\d class com.girlkun.jdbc.daos.GodGK
ERROR:234:cannot find symbol\n  symbol\d   class JSONArray\n  location\d class com.girlkun.jdbc.daos.GodGK
ERROR:236:cannot find symbol\n  symbol\d   class JSONArray\n  location\d class com.girlkun.jdbc.daos.GodGK
ERROR:249:cannot find symbol\n  symbol\d   class JSONArray\n  location\d class com.girlkun.jdbc.daos.GodGK
ERROR:251:cannot find symbol\n  symbol\d   class Item\n  location\d class com.girlkun.jdbc.daos.GodGK
ERROR:252:cannot find symbol\n  symbol\d   class JSONArray\n  location\d class com.girlkun.jdbc.daos.GodGK
ERROR:252:cannot find symbol\n  symbol\d   class JSONArray\n  location\d class com.girlkun.jdbc.daos.GodGK
ERROR:255:cannot find symbol\n  symbol\d   variable ItemService\n  location\d class com.girlkun.jdbc.daos.GodGK
ERROR:256:cannot find symbol\n  symbol\d   class JSONArray\n  location\d class com.girlkun.jdbc.daos.GodGK
ERROR:256:cannot find symbol\n  symbol\d   class JSONArray\n  location\d class com.girlkun.jdbc.daos.GodGK
ERROR:258:cannot find symbol\n  symbol\d   class JSONArray\n  location\d class com.girlkun.jdbc.daos.GodGK
ERROR:258:cannot find symbol\n  symbol\d   class JSONArray\n  location\d class com.girlkun.jdbc.daos.GodGK
ERROR:259:package Item does not exist
ERROR:263:cannot find symbol\n  symbol\d   variable ItemService\n  location\d class com.girlkun.jdbc.daos.GodGK
ERROR:264:cannot find symbol\n  symbol\d   variable ItemService\n  location\d class com.girlkun.jdbc.daos.GodGK
ERROR:267:cannot find symbol\n  symbol\d   variable ItemService\n  location\d class com.girlkun.jdbc.daos.GodGK
ERROR:272:cannot find symbol\n  symbol\d   variable ItemService\n  location\d class com.girlkun.jdbc.daos.GodGK
ERROR:277:cannot find symbol\n  symbol\d   class JSONArray\n  location\d class com.girlkun.jdbc.daos.GodGK
ERROR:279:cannot find symbol\n  symbol\d   class Item\n  location\d class com.girlkun.jdbc.daos.GodGK
ERROR:280:cannot find symbol\n  symbol\d   class JSONArray\n  location\d class com.girlkun.jdbc.daos.GodGK
ERROR:280:cannot find symbol\n  symbol\d   class JSONArray\n  location\d class com.girlkun.jdbc.daos.GodGK
ERROR:283:cannot find symbol\n  symbol\d   variable ItemService\n  location\d class com.girlkun.jdbc.daos.GodGK
ERROR:284:cannot find symbol\n  symbol\d   class JSONArray\n  location\d class com.girlkun.jdbc.daos.GodGK
ERROR:284:cannot find symbol\n  symbol\d   class JSONArray\n  location\d class com.girlkun.jdbc.daos.GodGK
ERROR:286:cannot find symbol\n  symbol\d   class JSONArray\n  location\d class com.girlkun.jdbc.daos.GodGK
ERROR:286:cannot find symbol\n  symbol\d   class JSONArray\n  location\d class com.girlkun.jdbc.daos.GodGK
ERROR:287:package Item does not exist
ERROR:291:cannot find symbol\n  symbol\d   variable ItemService\n  location\d class com.girlkun.jdbc.daos.GodGK
ERROR:292:cannot find symbol\n  symbol\d   variable ItemService\n  location\d class com.girlkun.jdbc.daos.GodGK
ERROR:295:cannot find symbol\n  symbol\d   variable ItemService\n  location\d class com.girlkun.jdbc.daos.GodGK
ERROR:302:cannot find symbol\n  symbol\d   class JSONArray\n  location\d class com.girlkun.jdbc.daos.GodGK
ERROR:304:cannot find symbol\n  symbol\d   class Item\n  location\d class com.girlkun.jdbc.daos.GodGK
ERROR:305:cannot find symbol\n  symbol\d   class JSONArray\n  location\d class com.girlkun.jdbc.daos.GodGK
ERROR:305:cannot find symbol\n  symbol\d   class JSONArray\n  location\d class com.girlkun.jdbc.daos.GodGK
ERROR:308:cannot find symbol\n  symbol\d   variable ItemService\n  location\d class com.girlkun.jdbc.daos.GodGK
ERROR:309:cannot find symbol\n  symbol\d   class JSONArray\n  location\d class com.girlkun.jdbc.daos.GodGK
ERROR:309:cannot find symbol\n  symbol\d   class JSONArray\n  location\d class com.girlkun.jdbc.daos.GodGK
ERROR:311:cannot find symbol\n  symbol\d   class JSONArray\n  location\d class com.girlkun.jdbc.daos.GodGK
ERROR:311:cannot find symbol\n  symbol\d   class JSONArray\n  location\d class com.girlkun.jdbc.daos.GodGK
ERROR:312:package Item does not exist
ERROR:316:cannot find symbol\n  symbol\d   variable ItemService\n  location\d class com.girlkun.jdbc.daos.GodGK
ERROR:317:cannot find symbol\n  symbol\d   variable ItemService\n  location\d class com.girlkun.jdbc.daos.GodGK
ERROR:320:cannot find symbol\n  symbol\d   variable ItemService\n  location\d class com.girlkun.jdbc.daos.GodGK
ERROR:327:cannot find symbol\n  symbol\d   class JSONArray\n  location\d class com.girlkun.jdbc.daos.GodGK
ERROR:329:cannot find symbol\n  symbol\d   class Item\n  location\d class com.girlkun.jdbc.daos.GodGK
ERROR:330:cannot find symbol\n  symbol\d   class JSONArray\n  location\d class com.girlkun.jdbc.daos.GodGK
ERROR:330:cannot find symbol\n  symbol\d   class JSONArray\n  location\d class com.girlkun.jdbc.daos.GodGK
ERROR:333:cannot find symbol\n  symbol\d   variable ItemService\n  location\d class com.girlkun.jdbc.daos.GodGK
ERROR:334:cannot find symbol\n  symbol\d   class JSONArray\n  location\d class com.girlkun.jdbc.daos.GodGK
ERROR:334:cannot find symbol\n  symbol\d   class JSONArray\n  location\d class com.girlkun.jdbc.daos.GodGK
ERROR:336:cannot find symbol\n  symbol\d   class JSONArray\n  location\d class com.girlkun.jdbc.daos.GodGK
ERROR:336:cannot find symbol\n  symbol\d   class JSONArray\n  location\d class com.girlkun.jdbc.daos.GodGK
ERROR:337:package Item does not exist
ERROR:346:cannot find symbol\n  symbol\d   class JSONArray\n  location\d class com.girlkun.jdbc.daos.GodGK
ERROR:349:cannot find symbol\n  symbol\d   class JSONArray\n  location\d class com.girlkun.jdbc.daos.GodGK
ERROR:349:cannot find symbol\n  symbol\d   class JSONArray\n  location\d class com.girlkun.jdbc.daos.GodGK
ERROR:350:cannot find symbol\n  symbol\d   class Friend\n  location\d class com.girlkun.jdbc.daos.GodGK
ERROR:350:cannot find symbol\n  symbol\d   class Friend\n  location\d class com.girlkun.jdbc.daos.GodGK
ERROR:365:cannot find symbol\n  symbol\d   class JSONArray\n  location\d class com.girlkun.jdbc.daos.GodGK
ERROR:368:cannot find symbol\n  symbol\d   class JSONArray\n  location\d class com.girlkun.jdbc.daos.GodGK
ERROR:368:cannot find symbol\n  symbol\d   class JSONArray\n  location\d class com.girlkun.jdbc.daos.GodGK
ERROR:369:cannot find symbol\n  symbol\d   class Enemy\n  location\d class com.girlkun.jdbc.daos.GodGK
ERROR:369:cannot find symbol\n  symbol\d   class Enemy\n  location\d class com.girlkun.jdbc.daos.GodGK
ERROR:384:cannot find symbol\n  symbol\d   class JSONArray\n  location\d class com.girlkun.jdbc.daos.GodGK
ERROR:386:cannot find symbol\n  symbol\d   variable IntrinsicService\n  location\d class com.girlkun.jdbc.daos.GodGK
ERROR:393:cannot find symbol\n  symbol\d   class JSONArray\n  location\d class com.girlkun.jdbc.daos.GodGK
ERROR:419:cannot find symbol\n  symbol\d   variable ItemTime\n  location\d class com.girlkun.jdbc.daos.GodGK
ERROR:420:cannot find symbol\n  symbol\d   variable ItemTime\n  location\d class com.girlkun.jdbc.daos.GodGK
ERROR:421:cannot find symbol\n  symbol\d   variable ItemTime\n  location\d class com.girlkun.jdbc.daos.GodGK
ERROR:422:cannot find symbol\n  symbol\d   variable ItemTime\n  location\d class com.girlkun.jdbc.daos.GodGK
ERROR:423:cannot find symbol\n  symbol\d   variable ItemTime\n  location\d class com.girlkun.jdbc.daos.GodGK
ERROR:424:cannot find symbol\n  symbol\d   variable ItemTime\n  location\d class com.girlkun.jdbc.daos.GodGK
ERROR:425:cannot find symbol\n  symbol\d   variable ItemTime\n  location\d class com.girlkun.jdbc.daos.GodGK
ERROR:426:cannot find symbol\n  symbol\d   variable ItemTime\n  location\d class com.girlkun.jdbc.daos.GodGK
ERROR:427:cannot find symbol\n  symbol\d   variable ItemTime\n  location\d class com.girlkun.jdbc.daos.GodGK
ERROR:428:cannot find symbol\n  symbol\d   variable ItemTime\n  location\d class com.girlkun.jdbc.daos.GodGK
ERROR:429:cannot find symbol\n  symbol\d   variable ItemTime\n  location\d class com.girlkun.jdbc.daos.GodGK
ERROR:430:cannot find symbol\n  symbol\d   variable ItemTime\n  location\d class com.girlkun.jdbc.daos.GodGK
ERROR:431:cannot find symbol\n  symbol\d   variable ItemTime\n  location\d class com.girlkun.jdbc.daos.GodGK
ERROR:433:cannot find symbol\n  symbol\d   variable ItemTime\n  location\d class com.girlkun.jdbc.daos.GodGK
ERROR:457:cannot find symbol\n  symbol\d   class JSONArray\n  location\d class com.girlkun.jdbc.daos.GodGK
ERROR:458:cannot find symbol\n  symbol\d   class TaskMain\n  location\d class com.girlkun.jdbc.daos.GodGK
ERROR:458:cannot find symbol\n  symbol\d   variable TaskService\n  location\d class com.girlkun.jdbc.daos.GodGK
ERROR:465:cannot find symbol\n  symbol\d   class JSONArray\n  location\d class com.girlkun.jdbc.daos.GodGK
ERROR:469:cannot find symbol\n  symbol\d   variable TimeUtil\n  location\d class com.girlkun.jdbc.daos.GodGK
ERROR:469:cannot find symbol\n  symbol\d   variable TimeUtil\n  location\d class com.girlkun.jdbc.daos.GodGK
ERROR:470:cannot find symbol\n  symbol\d   variable TaskService\n  location\d class com.girlkun.jdbc.daos.GodGK
ERROR:479:cannot find symbol\n  symbol\d   class JSONArray\n  location\d class com.girlkun.jdbc.daos.GodGK
ERROR:481:cannot find symbol\n  symbol\d   class MabuEgg\n  location\d class com.girlkun.jdbc.daos.GodGK
ERROR:487:cannot find symbol\n  symbol\d   class JSONArray\n  location\d class com.girlkun.jdbc.daos.GodGK
ERROR:489:cannot find symbol\n  symbol\d   class BillEgg\n  location\d class com.girlkun.jdbc.daos.GodGK
ERROR:495:cannot find symbol\n  symbol\d   class JSONArray\n  location\d class com.girlkun.jdbc.daos.GodGK
ERROR:509:cannot find symbol\n  symbol\d   class JSONArray\n  location\d class com.girlkun.jdbc.daos.GodGK
ERROR:511:cannot find symbol\n  symbol\d   class JSONArray\n  location\d class com.girlkun.jdbc.daos.GodGK
ERROR:511:cannot find symbol\n  symbol\d   class JSONArray\n  location\d class com.girlkun.jdbc.daos.GodGK
ERROR:514:cannot find symbol\n  symbol\d   class Skill\n  location\d class com.girlkun.jdbc.daos.GodGK
ERROR:516:cannot find symbol\n  symbol\d   variable SkillUtil\n  location\d class com.girlkun.jdbc.daos.GodGK
ERROR:518:cannot find symbol\n  symbol\d   variable SkillUtil\n  location\d class com.girlkun.jdbc.daos.GodGK
ERROR:526:cannot find symbol\n  symbol\d   class JSONArray\n  location\d class com.girlkun.jdbc.daos.GodGK
ERROR:537:cannot find symbol\n  symbol\d   variable ConstPlayer\n  location\d class com.girlkun.jdbc.daos.GodGK
ERROR:538:cannot find symbol\n  symbol\d   variable Skill\n  location\d class com.girlkun.jdbc.daos.GodGK
ERROR:538:cannot find symbol\n  symbol\d   variable ConstPlayer\n  location\d class com.girlkun.jdbc.daos.GodGK
ERROR:538:cannot find symbol\n  symbol\d   variable Skill\n  location\d class com.girlkun.jdbc.daos.GodGK
ERROR:538:cannot find symbol\n  symbol\d   variable Skill\n  location\d class com.girlkun.jdbc.daos.GodGK
ERROR:543:cannot find symbol\n  symbol\d   class JSONArray\n  location\d class com.girlkun.jdbc.daos.GodGK
ERROR:543:cannot find symbol\n  symbol\d   class JSONArray\n  location\d class com.girlkun.jdbc.daos.GodGK
ERROR:545:cannot find symbol\n  symbol\d   class JSONArray\n  location\d class com.girlkun.jdbc.daos.GodGK
ERROR:546:cannot find symbol\n  symbol\d   class Pet\n  location\d class com.girlkun.jdbc.daos.GodGK
ERROR:546:cannot find symbol\n  symbol\d   class Pet\n  location\d class com.girlkun.jdbc.daos.GodGK
ERROR:553:cannot find symbol\n  symbol\d   variable Fusion\n  location\d class com.girlkun.jdbc.daos.GodGK
ERROR:562:cannot find symbol\n  symbol\d   class JSONArray\n  location\d class com.girlkun.jdbc.daos.GodGK
ERROR:577:cannot find symbol\n  symbol\d   class JSONArray\n  location\d class com.girlkun.jdbc.daos.GodGK
ERROR:579:cannot find symbol\n  symbol\d   class Item\n  location\d class com.girlkun.jdbc.daos.GodGK
ERROR:580:cannot find symbol\n  symbol\d   class JSONArray\n  location\d class com.girlkun.jdbc.daos.GodGK
ERROR:580:cannot find symbol\n  symbol\d   class JSONArray\n  location\d class com.girlkun.jdbc.daos.GodGK
ERROR:583:cannot find symbol\n  symbol\d   variable ItemService\n  location\d class com.girlkun.jdbc.daos.GodGK
ERROR:584:cannot find symbol\n  symbol\d   class JSONArray\n  location\d class com.girlkun.jdbc.daos.GodGK
ERROR:584:cannot find symbol\n  symbol\d   class JSONArray\n  location\d class com.girlkun.jdbc.daos.GodGK
ERROR:586:cannot find symbol\n  symbol\d   class JSONArray\n  location\d class com.girlkun.jdbc.daos.GodGK
ERROR:586:cannot find symbol\n  symbol\d   class JSONArray\n  location\d class com.girlkun.jdbc.daos.GodGK
ERROR:587:package Item does not exist
ERROR:591:cannot find symbol\n  symbol\d   variable ItemService\n  location\d class com.girlkun.jdbc.daos.GodGK
ERROR:592:cannot find symbol\n  symbol\d   variable ItemService\n  location\d class com.girlkun.jdbc.daos.GodGK
ERROR:595:cannot find symbol\n  symbol\d   variable ItemService\n  location\d class com.girlkun.jdbc.daos.GodGK
ERROR:602:cannot find symbol\n  symbol\d   class JSONArray\n  location\d class com.girlkun.jdbc.daos.GodGK
ERROR:604:cannot find symbol\n  symbol\d   class JSONArray\n  location\d class com.girlkun.jdbc.daos.GodGK
ERROR:604:cannot find symbol\n  symbol\d   class JSONArray\n  location\d class com.girlkun.jdbc.daos.GodGK
ERROR:607:cannot find symbol\n  symbol\d   class Skill\n  location\d class com.girlkun.jdbc.daos.GodGK
ERROR:609:cannot find symbol\n  symbol\d   variable SkillUtil\n  location\d class com.girlkun.jdbc.daos.GodGK
ERROR:611:cannot find symbol\n  symbol\d   variable SkillUtil\n  location\d class com.girlkun.jdbc.daos.GodGK
ERROR:614:package Skill does not exist
ERROR:615:package Skill does not exist
ERROR:616:package Skill does not exist
ERROR:623:cannot find symbol\n  symbol\d   variable SkillUtil\n  location\d class com.girlkun.jdbc.daos.GodGK
ERROR:633:cannot find symbol\n  symbol\d   variable GirlkunDB\n  location\d class com.girlkun.jdbc.daos.GodGK
ERROR:639:cannot find symbol\n  symbol\d   variable Service\n  location\d class com.girlkun.jdbc.daos.GodGK
ERROR:644:cannot find symbol\n  symbol\d   variable Logger\n  location\d class com.girlkun.jdbc.daos.GodGK
ERROR:647:cannot find symbol\n  symbol\d   variable Logger\n  location\d class com.girlkun.jdbc.daos.GodGK
ERROR:658:cannot find symbol\n  symbol\d   class JSONValue\n  location\d class com.girlkun.jdbc.daos.GodGK
ERROR:658:cannot find symbol\n  symbol\d   class JSONValue\n  location\d class com.girlkun.jdbc.daos.GodGK
ERROR:659:cannot find symbol\n  symbol\d   class JSONArray\n  location\d class com.girlkun.jdbc.daos.GodGK
ERROR:660:cannot find symbol\n  symbol\d   class JSONObject\n  location\d class com.girlkun.jdbc.daos.GodGK
ERROR:661:cannot find symbol\n  symbol\d   class Player\n  location\d class com.girlkun.jdbc.daos.GodGK
ERROR:665:cannot find symbol\n  symbol\d   variable GirlkunDB\n  location\d class com.girlkun.jdbc.daos.GodGK
ERROR:671:cannot find symbol\n  symbol\d   class Player\n  location\d class com.girlkun.jdbc.daos.GodGK
ERROR:679:cannot find symbol\n  symbol\d   class JSONArray\n  location\d class com.girlkun.jdbc.daos.GodGK
ERROR:679:cannot find symbol\n  symbol\d   variable JSONValue\n  location\d class com.girlkun.jdbc.daos.GodGK
ERROR:691:cannot find symbol\n  symbol\d   class JSONArray\n  location\d class com.girlkun.jdbc.daos.GodGK
ERROR:691:cannot find symbol\n  symbol\d   variable JSONValue\n  location\d class com.girlkun.jdbc.daos.GodGK
ERROR:708:cannot find symbol\n  symbol\d   class JSONArray\n  location\d class com.girlkun.jdbc.daos.GodGK
ERROR:708:cannot find symbol\n  symbol\d   variable JSONValue\n  location\d class com.girlkun.jdbc.daos.GodGK
ERROR:710:cannot find symbol\n  symbol\d   class Item\n  location\d class com.girlkun.jdbc.daos.GodGK
ERROR:711:cannot find symbol\n  symbol\d   class JSONArray\n  location\d class com.girlkun.jdbc.daos.GodGK
ERROR:711:cannot find symbol\n  symbol\d   class JSONArray\n  location\d class com.girlkun.jdbc.daos.GodGK
ERROR:711:cannot find symbol\n  symbol\d   variable JSONValue\n  location\d class com.girlkun.jdbc.daos.GodGK
ERROR:714:cannot find symbol\n  symbol\d   variable ItemService\n  location\d class com.girlkun.jdbc.daos.GodGK
ERROR:715:cannot find symbol\n  symbol\d   class JSONArray\n  location\d class com.girlkun.jdbc.daos.GodGK
ERROR:715:cannot find symbol\n  symbol\d   class JSONArray\n  location\d class com.girlkun.jdbc.daos.GodGK
ERROR:715:cannot find symbol\n  symbol\d   variable JSONValue\n  location\d class com.girlkun.jdbc.daos.GodGK
ERROR:717:cannot find symbol\n  symbol\d   class JSONArray\n  location\d class com.girlkun.jdbc.daos.GodGK
ERROR:717:cannot find symbol\n  symbol\d   class JSONArray\n  location\d class com.girlkun.jdbc.daos.GodGK
ERROR:717:cannot find symbol\n  symbol\d   variable JSONValue\n  location\d class com.girlkun.jdbc.daos.GodGK
ERROR:718:package Item does not exist
ERROR:723:cannot find symbol\n  symbol\d   variable ItemService\n  location\d class com.girlkun.jdbc.daos.GodGK
ERROR:724:cannot find symbol\n  symbol\d   variable ItemService\n  location\d class com.girlkun.jdbc.daos.GodGK
ERROR:727:cannot find symbol\n  symbol\d   variable ItemService\n  location\d class com.girlkun.jdbc.daos.GodGK
ERROR:729:cannot find symbol\n  symbol\d   variable Util\n  location\d class com.girlkun.jdbc.daos.GodGK
ERROR:735:cannot find symbol\n  symbol\d   class JSONArray\n  location\d class com.girlkun.jdbc.daos.GodGK
ERROR:735:cannot find symbol\n  symbol\d   variable JSONValue\n  location\d class com.girlkun.jdbc.daos.GodGK
ERROR:737:cannot find symbol\n  symbol\d   class Item\n  location\d class com.girlkun.jdbc.daos.GodGK
ERROR:738:cannot find symbol\n  symbol\d   class JSONArray\n  location\d class com.girlkun.jdbc.daos.GodGK
ERROR:738:cannot find symbol\n  symbol\d   class JSONArray\n  location\d class com.girlkun.jdbc.daos.GodGK
ERROR:738:cannot find symbol\n  symbol\d   variable JSONValue\n  location\d class com.girlkun.jdbc.daos.GodGK
ERROR:741:cannot find symbol\n  symbol\d   variable ItemService\n  location\d class com.girlkun.jdbc.daos.GodGK
ERROR:742:cannot find symbol\n  symbol\d   class JSONArray\n  location\d class com.girlkun.jdbc.daos.GodGK
ERROR:742:cannot find symbol\n  symbol\d   class JSONArray\n  location\d class com.girlkun.jdbc.daos.GodGK
ERROR:742:cannot find symbol\n  symbol\d   variable JSONValue\n  location\d class com.girlkun.jdbc.daos.GodGK
ERROR:744:cannot find symbol\n  symbol\d   class JSONArray\n  location\d class com.girlkun.jdbc.daos.GodGK
ERROR:744:cannot find symbol\n  symbol\d   class JSONArray\n  location\d class com.girlkun.jdbc.daos.GodGK
ERROR:744:cannot find symbol\n  symbol\d   variable JSONValue\n  location\d class com.girlkun.jdbc.daos.GodGK
ERROR:745:package Item does not exist
ERROR:749:cannot find symbol\n  symbol\d   variable ItemService\n  location\d class com.girlkun.jdbc.daos.GodGK
ERROR:750:cannot find symbol\n  symbol\d   variable ItemService\n  location\d class com.girlkun.jdbc.daos.GodGK
ERROR:753:cannot find symbol\n  symbol\d   variable ItemService\n  location\d class com.girlkun.jdbc.daos.GodGK
ERROR:755:cannot find symbol\n  symbol\d   variable Util\n  location\d class com.girlkun.jdbc.daos.GodGK
ERROR:761:cannot find symbol\n  symbol\d   class JSONArray\n  location\d class com.girlkun.jdbc.daos.GodGK
ERROR:761:cannot find symbol\n  symbol\d   variable JSONValue\n  location\d class com.girlkun.jdbc.daos.GodGK
ERROR:763:cannot find symbol\n  symbol\d   class Item\n  location\d class com.girlkun.jdbc.daos.GodGK
ERROR:764:cannot find symbol\n  symbol\d   class JSONArray\n  location\d class com.girlkun.jdbc.daos.GodGK
ERROR:764:cannot find symbol\n  symbol\d   class JSONArray\n  location\d class com.girlkun.jdbc.daos.GodGK
ERROR:764:cannot find symbol\n  symbol\d   variable JSONValue\n  location\d class com.girlkun.jdbc.daos.GodGK
ERROR:767:cannot find symbol\n  symbol\d   variable ItemService\n  location\d class com.girlkun.jdbc.daos.GodGK
ERROR:768:cannot find symbol\n  symbol\d   class JSONArray\n  location\d class com.girlkun.jdbc.daos.GodGK
ERROR:768:cannot find symbol\n  symbol\d   class JSONArray\n  location\d class com.girlkun.jdbc.daos.GodGK
ERROR:768:cannot find symbol\n  symbol\d   variable JSONValue\n  location\d class com.girlkun.jdbc.daos.GodGK
ERROR:770:cannot find symbol\n  symbol\d   class JSONArray\n  location\d class com.girlkun.jdbc.daos.GodGK
ERROR:770:cannot find symbol\n  symbol\d   class JSONArray\n  location\d class com.girlkun.jdbc.daos.GodGK
ERROR:770:cannot find symbol\n  symbol\d   variable JSONValue\n  location\d class com.girlkun.jdbc.daos.GodGK
ERROR:771:package Item does not exist
ERROR:775:cannot find symbol\n  symbol\d   variable ItemService\n  location\d class com.girlkun.jdbc.daos.GodGK
ERROR:776:cannot find symbol\n  symbol\d   variable ItemService\n  location\d class com.girlkun.jdbc.daos.GodGK
ERROR:779:cannot find symbol\n  symbol\d   variable ItemService\n  location\d class com.girlkun.jdbc.daos.GodGK
ERROR:781:cannot find symbol\n  symbol\d   variable Util\n  location\d class com.girlkun.jdbc.daos.GodGK
ERROR:787:cannot find symbol\n  symbol\d   class JSONArray\n  location\d class com.girlkun.jdbc.daos.GodGK
ERROR:787:cannot find symbol\n  symbol\d   variable JSONValue\n  location\d class com.girlkun.jdbc.daos.GodGK
ERROR:789:cannot find symbol\n  symbol\d   class Item\n  location\d class com.girlkun.jdbc.daos.GodGK
ERROR:790:cannot find symbol\n  symbol\d   class JSONArray\n  location\d class com.girlkun.jdbc.daos.GodGK
ERROR:790:cannot find symbol\n  symbol\d   class JSONArray\n  location\d class com.girlkun.jdbc.daos.GodGK
ERROR:790:cannot find symbol\n  symbol\d   variable JSONValue\n  location\d class com.girlkun.jdbc.daos.GodGK
ERROR:793:cannot find symbol\n  symbol\d   variable ItemService\n  location\d class com.girlkun.jdbc.daos.GodGK
ERROR:794:cannot find symbol\n  symbol\d   class JSONArray\n  location\d class com.girlkun.jdbc.daos.GodGK
ERROR:794:cannot find symbol\n  symbol\d   class JSONArray\n  location\d class com.girlkun.jdbc.daos.GodGK
ERROR:794:cannot find symbol\n  symbol\d   variable JSONValue\n  location\d class com.girlkun.jdbc.daos.GodGK
ERROR:796:cannot find symbol\n  symbol\d   class JSONArray\n  location\d class com.girlkun.jdbc.daos.GodGK
ERROR:796:cannot find symbol\n  symbol\d   class JSONArray\n  location\d class com.girlkun.jdbc.daos.GodGK
ERROR:796:cannot find symbol\n  symbol\d   variable JSONValue\n  location\d class com.girlkun.jdbc.daos.GodGK
ERROR:797:package Item does not exist
ERROR:806:cannot find symbol\n  symbol\d   class JSONArray\n  location\d class com.girlkun.jdbc.daos.GodGK
ERROR:806:cannot find symbol\n  symbol\d   class JSONArray\n  location\d class com.girlkun.jdbc.daos.GodGK
ERROR:808:cannot find symbol\n  symbol\d   class JSONArray\n  location\d class com.girlkun.jdbc.daos.GodGK
ERROR:809:cannot find symbol\n  symbol\d   class Pet\n  location\d class com.girlkun.jdbc.daos.GodGK
ERROR:809:cannot find symbol\n  symbol\d   class Pet\n  location\d class com.girlkun.jdbc.daos.GodGK
ERROR:816:cannot find symbol\n  symbol\d   variable Fusion\n  location\d class com.girlkun.jdbc.daos.GodGK
ERROR:820:cannot find symbol\n  symbol\d   class JSONArray\n  location\d class com.girlkun.jdbc.daos.GodGK
ERROR:835:cannot find symbol\n  symbol\d   class JSONArray\n  location\d class com.girlkun.jdbc.daos.GodGK
ERROR:837:cannot find symbol\n  symbol\d   class Item\n  location\d class com.girlkun.jdbc.daos.GodGK
ERROR:838:cannot find symbol\n  symbol\d   class JSONArray\n  location\d class com.girlkun.jdbc.daos.GodGK
ERROR:838:cannot find symbol\n  symbol\d   class JSONArray\n  location\d class com.girlkun.jdbc.daos.GodGK
ERROR:841:cannot find symbol\n  symbol\d   variable ItemService\n  location\d class com.girlkun.jdbc.daos.GodGK
ERROR:842:cannot find symbol\n  symbol\d   class JSONArray\n  location\d class com.girlkun.jdbc.daos.GodGK
ERROR:842:cannot find symbol\n  symbol\d   class JSONArray\n  location\d class com.girlkun.jdbc.daos.GodGK
ERROR:844:cannot find symbol\n  symbol\d   class JSONArray\n  location\d class com.girlkun.jdbc.daos.GodGK
ERROR:844:cannot find symbol\n  symbol\d   class JSONArray\n  location\d class com.girlkun.jdbc.daos.GodGK
ERROR:845:package Item does not exist
ERROR:849:cannot find symbol\n  symbol\d   variable ItemService\n  location\d class com.girlkun.jdbc.daos.GodGK
ERROR:850:cannot find symbol\n  symbol\d   variable ItemService\n  location\d class com.girlkun.jdbc.daos.GodGK
ERROR:853:cannot find symbol\n  symbol\d   variable ItemService\n  location\d class com.girlkun.jdbc.daos.GodGK
ERROR:855:cannot find symbol\n  symbol\d   variable Util\n  location\d class com.girlkun.jdbc.daos.GodGK
ERROR:865:cannot find symbol\n  symbol\d   class Manager\n  location\d class com.girlkun.jdbc.daos.GodGK
ERROR:865:cannot find symbol\n  symbol\d   variable Logger\n  location\d class com.girlkun.jdbc.daos.GodGK
ERROR:873:cannot find symbol\n  symbol\d   class JSONValue\n  location\d class com.girlkun.jdbc.daos.GodGK
ERROR:873:cannot find symbol\n  symbol\d   class JSONValue\n  location\d class com.girlkun.jdbc.daos.GodGK
ERROR:874:cannot find symbol\n  symbol\d   class JSONArray\n  location\d class com.girlkun.jdbc.daos.GodGK
ERROR:875:cannot find symbol\n  symbol\d   class JSONObject\n  location\d class com.girlkun.jdbc.daos.GodGK
ERROR:876:cannot find symbol\n  symbol\d   class Player\n  location\d class com.girlkun.jdbc.daos.GodGK
ERROR:880:cannot find symbol\n  symbol\d   variable GirlkunDB\n  location\d class com.girlkun.jdbc.daos.GodGK
ERROR:886:cannot find symbol\n  symbol\d   class Player\n  location\d class com.girlkun.jdbc.daos.GodGK
ERROR:894:cannot find symbol\n  symbol\d   class JSONArray\n  location\d class com.girlkun.jdbc.daos.GodGK
ERROR:894:cannot find symbol\n  symbol\d   variable JSONValue\n  location\d class com.girlkun.jdbc.daos.GodGK
ERROR:906:cannot find symbol\n  symbol\d   class JSONArray\n  location\d class com.girlkun.jdbc.daos.GodGK
ERROR:906:cannot find symbol\n  symbol\d   variable JSONValue\n  location\d class com.girlkun.jdbc.daos.GodGK
ERROR:923:cannot find symbol\n  symbol\d   class JSONArray\n  location\d class com.girlkun.jdbc.daos.GodGK
ERROR:923:cannot find symbol\n  symbol\d   variable JSONValue\n  location\d class com.girlkun.jdbc.daos.GodGK
ERROR:925:cannot find symbol\n  symbol\d   class Item\n  location\d class com.girlkun.jdbc.daos.GodGK
ERROR:926:cannot find symbol\n  symbol\d   class JSONArray\n  location\d class com.girlkun.jdbc.daos.GodGK
ERROR:926:cannot find symbol\n  symbol\d   class JSONArray\n  location\d class com.girlkun.jdbc.daos.GodGK
ERROR:926:cannot find symbol\n  symbol\d   variable JSONValue\n  location\d class com.girlkun.jdbc.daos.GodGK
ERROR:929:cannot find symbol\n  symbol\d   variable ItemService\n  location\d class com.girlkun.jdbc.daos.GodGK
ERROR:930:cannot find symbol\n  symbol\d   class JSONArray\n  location\d class com.girlkun.jdbc.daos.GodGK
ERROR:930:cannot find symbol\n  symbol\d   class JSONArray\n  location\d class com.girlkun.jdbc.daos.GodGK
ERROR:930:cannot find symbol\n  symbol\d   variable JSONValue\n  location\d class com.girlkun.jdbc.daos.GodGK
ERROR:932:cannot find symbol\n  symbol\d   class JSONArray\n  location\d class com.girlkun.jdbc.daos.GodGK
ERROR:932:cannot find symbol\n  symbol\d   class JSONArray\n  location\d class com.girlkun.jdbc.daos.GodGK
ERROR:932:cannot find symbol\n  symbol\d   variable JSONValue\n  location\d class com.girlkun.jdbc.daos.GodGK
ERROR:933:package Item does not exist
ERROR:938:cannot find symbol\n  symbol\d   variable ItemService\n  location\d class com.girlkun.jdbc.daos.GodGK
ERROR:939:cannot find symbol\n  symbol\d   variable ItemService\n  location\d class com.girlkun.jdbc.daos.GodGK
ERROR:942:cannot find symbol\n  symbol\d   variable ItemService\n  location\d class com.girlkun.jdbc.daos.GodGK
ERROR:944:cannot find symbol\n  symbol\d   variable Util\n  location\d class com.girlkun.jdbc.daos.GodGK
ERROR:953:cannot find symbol\n  symbol\d   class JSONArray\n  location\d class com.girlkun.jdbc.daos.GodGK
ERROR:953:cannot find symbol\n  symbol\d   variable JSONValue\n  location\d class com.girlkun.jdbc.daos.GodGK
ERROR:955:cannot find symbol\n  symbol\d   class Item\n  location\d class com.girlkun.jdbc.daos.GodGK
ERROR:956:cannot find symbol\n  symbol\d   class JSONArray\n  location\d class com.girlkun.jdbc.daos.GodGK
ERROR:956:cannot find symbol\n  symbol\d   class JSONArray\n  location\d class com.girlkun.jdbc.daos.GodGK
ERROR:956:cannot find symbol\n  symbol\d   variable JSONValue\n  location\d class com.girlkun.jdbc.daos.GodGK
ERROR:959:cannot find symbol\n  symbol\d   variable ItemService\n  location\d class com.girlkun.jdbc.daos.GodGK
ERROR:960:cannot find symbol\n  symbol\d   class JSONArray\n  location\d class com.girlkun.jdbc.daos.GodGK
ERROR:960:cannot find symbol\n  symbol\d   class JSONArray\n  location\d class com.girlkun.jdbc.daos.GodGK
ERROR:960:cannot find symbol\n  symbol\d   variable JSONValue\n  location\d class com.girlkun.jdbc.daos.GodGK
ERROR:962:cannot find symbol\n  symbol\d   class JSONArray\n  location\d class com.girlkun.jdbc.daos.GodGK
ERROR:962:cannot find symbol\n  symbol\d   class JSONArray\n  location\d class com.girlkun.jdbc.daos.GodGK
ERROR:962:cannot find symbol\n  symbol\d   variable JSONValue\n  location\d class com.girlkun.jdbc.daos.GodGK
ERROR:963:package Item does not exist
ERROR:967:cannot find symbol\n  symbol\d   variable ItemService\n  location\d class com.girlkun.jdbc.daos.GodGK
ERROR:968:cannot find symbol\n  symbol\d   variable ItemService\n  location\d class com.girlkun.jdbc.daos.GodGK
ERROR:971:cannot find symbol\n  symbol\d   variable ItemService\n  location\d class com.girlkun.jdbc.daos.GodGK
ERROR:973:cannot find symbol\n  symbol\d   variable Util\n  location\d class com.girlkun.jdbc.daos.GodGK
ERROR:982:cannot find symbol\n  symbol\d   class JSONArray\n  location\d class com.girlkun.jdbc.daos.GodGK
ERROR:982:cannot find symbol\n  symbol\d   variable JSONValue\n  location\d class com.girlkun.jdbc.daos.GodGK
ERROR:984:cannot find symbol\n  symbol\d   class Item\n  location\d class com.girlkun.jdbc.daos.GodGK
ERROR:985:cannot find symbol\n  symbol\d   class JSONArray\n  location\d class com.girlkun.jdbc.daos.GodGK
ERROR:985:cannot find symbol\n  symbol\d   class JSONArray\n  location\d class com.girlkun.jdbc.daos.GodGK
ERROR:985:cannot find symbol\n  symbol\d   variable JSONValue\n  location\d class com.girlkun.jdbc.daos.GodGK
ERROR:988:cannot find symbol\n  symbol\d   variable ItemService\n  location\d class com.girlkun.jdbc.daos.GodGK
ERROR:989:cannot find symbol\n  symbol\d   class JSONArray\n  location\d class com.girlkun.jdbc.daos.GodGK
ERROR:989:cannot find symbol\n  symbol\d   class JSONArray\n  location\d class com.girlkun.jdbc.daos.GodGK
ERROR:989:cannot find symbol\n  symbol\d   variable JSONValue\n  location\d class com.girlkun.jdbc.daos.GodGK
ERROR:991:cannot find symbol\n  symbol\d   class JSONArray\n  location\d class com.girlkun.jdbc.daos.GodGK
ERROR:991:cannot find symbol\n  symbol\d   class JSONArray\n  location\d class com.girlkun.jdbc.daos.GodGK
ERROR:991:cannot find symbol\n  symbol\d   variable JSONValue\n  location\d class com.girlkun.jdbc.daos.GodGK
ERROR:992:package Item does not exist
ERROR:996:cannot find symbol\n  symbol\d   variable ItemService\n  location\d class com.girlkun.jdbc.daos.GodGK
ERROR:997:cannot find symbol\n  symbol\d   variable ItemService\n  location\d class com.girlkun.jdbc.daos.GodGK
ERROR:1000:cannot find symbol\n  symbol\d   variable ItemService\n  location\d class com.girlkun.jdbc.daos.GodGK
ERROR:1002:cannot find symbol\n  symbol\d   variable Util\n  location\d class com.girlkun.jdbc.daos.GodGK
ERROR:1010:cannot find symbol\n  symbol\d   variable Logger\n  location\d class com.girlkun.jdbc.daos.GodGK
ERROR:1011:cannot find symbol\n  symbol\d   variable Logger\n  location\d class com.girlkun.jdbc.daos.GodGK
ERROR:1019:cannot find symbol\n  symbol\d   class Manager\n  location\d class com.girlkun.jdbc.daos.GodGK
ERROR:1019:cannot find symbol\n  symbol\d   variable Logger\n  location\d class com.girlkun.jdbc.daos.GodGK
ERROR:1024:cannot find symbol\n  symbol\d   class Player\n  location\d class com.girlkun.jdbc.daos.GodGK
ERROR:1025:cannot find symbol\n  symbol\d   class GirlkunResultSet\n  location\d class com.girlkun.jdbc.daos.GodGK
ERROR:1026:cannot find symbol\n  symbol\d   variable Client\n  location\d class com.girlkun.jdbc.daos.GodGK
ERROR:1027:cannot find symbol\n  symbol\d   variable Client\n  location\d class com.girlkun.jdbc.daos.GodGK
ERROR:1031:cannot find symbol\n  symbol\d   variable GirlkunDB\n  location\d class com.girlkun.jdbc.daos.GodGK
ERROR:1035:cannot find symbol\n  symbol\d   class JSONValue\n  location\d class com.girlkun.jdbc.daos.GodGK
ERROR:1035:cannot find symbol\n  symbol\d   class JSONValue\n  location\d class com.girlkun.jdbc.daos.GodGK
ERROR:1036:cannot find symbol\n  symbol\d   class JSONArray\n  location\d class com.girlkun.jdbc.daos.GodGK
ERROR:1038:cannot find symbol\n  symbol\d   class Player\n  location\d class com.girlkun.jdbc.daos.GodGK
ERROR:1047:cannot find symbol\n  symbol\d   variable Manager\n  location\d class com.girlkun.jdbc.daos.GodGK
ERROR:1049:cannot find symbol\n  symbol\d   class Clan\n  location\d class com.girlkun.jdbc.daos.GodGK
ERROR:1049:cannot find symbol\n  symbol\d   variable ClanService\n  location\d class com.girlkun.jdbc.daos.GodGK
ERROR:1050:cannot find symbol\n  symbol\d   class ClanMember\n  location\d class com.girlkun.jdbc.daos.GodGK
ERROR:1061:cannot find symbol\n  symbol\d   class JSONArray\n  location\d class com.girlkun.jdbc.daos.GodGK
ERROR:1069:cannot find symbol\n  symbol\d   class JSONArray\n  location\d class com.girlkun.jdbc.daos.GodGK
ERROR:1073:cannot find symbol\n  symbol\d   variable MapService\n  location\d class com.girlkun.jdbc.daos.GodGK
ERROR:1073:cannot find symbol\n  symbol\d   variable MapService\n  location\d class com.girlkun.jdbc.daos.GodGK
ERROR:1074:cannot find symbol\n  symbol\d   variable MapService\n  location\d class com.girlkun.jdbc.daos.GodGK
ERROR:1079:cannot find symbol\n  symbol\d   variable MapService\n  location\d class com.girlkun.jdbc.daos.GodGK
ERROR:1086:cannot find symbol\n  symbol\d   class JSONArray\n  location\d class com.girlkun.jdbc.daos.GodGK
ERROR:1103:cannot find symbol\n  symbol\d   class JSONArray\n  location\d class com.girlkun.jdbc.daos.GodGK
ERROR:1109:cannot find symbol\n  symbol\d   class MagicTree\n  location\d class com.girlkun.jdbc.daos.GodGK
ERROR:1113:cannot find symbol\n  symbol\d   class JSONArray\n  location\d class com.girlkun.jdbc.daos.GodGK
ERROR:1114:cannot find symbol\n  symbol\d   class JSONArray\n  location\d class com.girlkun.jdbc.daos.GodGK
ERROR:1116:cannot find symbol\n  symbol\d   class JSONArray\n  location\d class com.girlkun.jdbc.daos.GodGK
ERROR:1124:cannot find symbol\n  symbol\d   class JSONArray\n  location\d class com.girlkun.jdbc.daos.GodGK
ERROR:1126:cannot find symbol\n  symbol\d   class Item\n  location\d class com.girlkun.jdbc.daos.GodGK
ERROR:1127:cannot find symbol\n  symbol\d   class JSONArray\n  location\d class com.girlkun.jdbc.daos.GodGK
ERROR:1127:cannot find symbol\n  symbol\d   class JSONArray\n  location\d class com.girlkun.jdbc.daos.GodGK
ERROR:1130:cannot find symbol\n  symbol\d   variable ItemService\n  location\d class com.girlkun.jdbc.daos.GodGK
ERROR:1131:cannot find symbol\n  symbol\d   class JSONArray\n  location\d class com.girlkun.jdbc.daos.GodGK
ERROR:1131:cannot find symbol\n  symbol\d   class JSONArray\n  location\d class com.girlkun.jdbc.daos.GodGK
ERROR:1133:cannot find symbol\n  symbol\d   class JSONArray\n  location\d class com.girlkun.jdbc.daos.GodGK
ERROR:1133:cannot find symbol\n  symbol\d   class JSONArray\n  location\d class com.girlkun.jdbc.daos.GodGK
ERROR:1134:package Item does not exist
ERROR:1138:cannot find symbol\n  symbol\d   variable ItemService\n  location\d class com.girlkun.jdbc.daos.GodGK
ERROR:1139:cannot find symbol\n  symbol\d   variable ItemService\n  location\d class com.girlkun.jdbc.daos.GodGK
ERROR:1142:cannot find symbol\n  symbol\d   variable ItemService\n  location\d class com.girlkun.jdbc.daos.GodGK
ERROR:1149:cannot find symbol\n  symbol\d   class JSONArray\n  location\d class com.girlkun.jdbc.daos.GodGK
ERROR:1151:cannot find symbol\n  symbol\d   class Item\n  location\d class com.girlkun.jdbc.daos.GodGK
ERROR:1152:cannot find symbol\n  symbol\d   class JSONArray\n  location\d class com.girlkun.jdbc.daos.GodGK
ERROR:1152:cannot find symbol\n  symbol\d   class JSONArray\n  location\d class com.girlkun.jdbc.daos.GodGK
ERROR:1155:cannot find symbol\n  symbol\d   variable ItemService\n  location\d class com.girlkun.jdbc.daos.GodGK
ERROR:1156:cannot find symbol\n  symbol\d   class JSONArray\n  location\d class com.girlkun.jdbc.daos.GodGK
ERROR:1156:cannot find symbol\n  symbol\d   class JSONArray\n  location\d class com.girlkun.jdbc.daos.GodGK
ERROR:1158:cannot find symbol\n  symbol\d   class JSONArray\n  location\d class com.girlkun.jdbc.daos.GodGK
ERROR:1158:cannot find symbol\n  symbol\d   class JSONArray\n  location\d class com.girlkun.jdbc.daos.GodGK
ERROR:1159:package Item does not exist
ERROR:1163:cannot find symbol\n  symbol\d   variable ItemService\n  location\d class com.girlkun.jdbc.daos.GodGK
ERROR:1164:cannot find symbol\n  symbol\d   variable ItemService\n  location\d class com.girlkun.jdbc.daos.GodGK
ERROR:1167:cannot find symbol\n  symbol\d   variable ItemService\n  location\d class com.girlkun.jdbc.daos.GodGK
ERROR:1174:cannot find symbol\n  symbol\d   class JSONArray\n  location\d class com.girlkun.jdbc.daos.GodGK
ERROR:1176:cannot find symbol\n  symbol\d   class Item\n  location\d class com.girlkun.jdbc.daos.GodGK
ERROR:1177:cannot find symbol\n  symbol\d   class JSONArray\n  location\d class com.girlkun.jdbc.daos.GodGK
ERROR:1177:cannot find symbol\n  symbol\d   class JSONArray\n  location\d class com.girlkun.jdbc.daos.GodGK
ERROR:1180:cannot find symbol\n  symbol\d   variable ItemService\n  location\d class com.girlkun.jdbc.daos.GodGK
ERROR:1181:cannot find symbol\n  symbol\d   class JSONArray\n  location\d class com.girlkun.jdbc.daos.GodGK
ERROR:1181:cannot find symbol\n  symbol\d   class JSONArray\n  location\d class com.girlkun.jdbc.daos.GodGK
ERROR:1183:cannot find symbol\n  symbol\d   class JSONArray\n  location\d class com.girlkun.jdbc.daos.GodGK
ERROR:1183:cannot find symbol\n  symbol\d   class JSONArray\n  location\d class com.girlkun.jdbc.daos.GodGK
ERROR:1184:package Item does not exist
ERROR:1188:cannot find symbol\n  symbol\d   variable ItemService\n  location\d class com.girlkun.jdbc.daos.GodGK
ERROR:1189:cannot find symbol\n  symbol\d   variable ItemService\n  location\d class com.girlkun.jdbc.daos.GodGK
ERROR:1192:cannot find symbol\n  symbol\d   variable ItemService\n  location\d class com.girlkun.jdbc.daos.GodGK
ERROR:1199:cannot find symbol\n  symbol\d   class JSONArray\n  location\d class com.girlkun.jdbc.daos.GodGK
ERROR:1201:cannot find symbol\n  symbol\d   class Item\n  location\d class com.girlkun.jdbc.daos.GodGK
ERROR:1202:cannot find symbol\n  symbol\d   class JSONArray\n  location\d class com.girlkun.jdbc.daos.GodGK
ERROR:1202:cannot find symbol\n  symbol\d   class JSONArray\n  location\d class com.girlkun.jdbc.daos.GodGK
ERROR:1205:cannot find symbol\n  symbol\d   variable ItemService\n  location\d class com.girlkun.jdbc.daos.GodGK
ERROR:1206:cannot find symbol\n  symbol\d   class JSONArray\n  location\d class com.girlkun.jdbc.daos.GodGK
ERROR:1206:cannot find symbol\n  symbol\d   class JSONArray\n  location\d class com.girlkun.jdbc.daos.GodGK
ERROR:1208:cannot find symbol\n  symbol\d   class JSONArray\n  location\d class com.girlkun.jdbc.daos.GodGK
ERROR:1208:cannot find symbol\n  symbol\d   class JSONArray\n  location\d class com.girlkun.jdbc.daos.GodGK
ERROR:1209:package Item does not exist
ERROR:1218:cannot find symbol\n  symbol\d   class JSONArray\n  location\d class com.girlkun.jdbc.daos.GodGK
ERROR:1221:cannot find symbol\n  symbol\d   class JSONArray\n  location\d class com.girlkun.jdbc.daos.GodGK
ERROR:1221:cannot find symbol\n  symbol\d   class JSONArray\n  location\d class com.girlkun.jdbc.daos.GodGK
ERROR:1222:cannot find symbol\n  symbol\d   class Friend\n  location\d class com.girlkun.jdbc.daos.GodGK
ERROR:1222:cannot find symbol\n  symbol\d   class Friend\n  location\d class com.girlkun.jdbc.daos.GodGK
ERROR:1236:cannot find symbol\n  symbol\d   class JSONArray\n  location\d class com.girlkun.jdbc.daos.GodGK
ERROR:1239:cannot find symbol\n  symbol\d   class JSONArray\n  location\d class com.girlkun.jdbc.daos.GodGK
ERROR:1239:cannot find symbol\n  symbol\d   class JSONArray\n  location\d class com.girlkun.jdbc.daos.GodGK
ERROR:1240:cannot find symbol\n  symbol\d   class Enemy\n  location\d class com.girlkun.jdbc.daos.GodGK
ERROR:1240:cannot find symbol\n  symbol\d   class Enemy\n  location\d class com.girlkun.jdbc.daos.GodGK
ERROR:1254:cannot find symbol\n  symbol\d   class JSONArray\n  location\d class com.girlkun.jdbc.daos.GodGK
ERROR:1256:cannot find symbol\n  symbol\d   variable IntrinsicService\n  location\d class com.girlkun.jdbc.daos.GodGK
ERROR:1263:cannot find symbol\n  symbol\d   class JSONArray\n  location\d class com.girlkun.jdbc.daos.GodGK
ERROR:1281:cannot find symbol\n  symbol\d   variable ItemTime\n  location\d class com.girlkun.jdbc.daos.GodGK
ERROR:1282:cannot find symbol\n  symbol\d   variable ItemTime\n  location\d class com.girlkun.jdbc.daos.GodGK
ERROR:1283:cannot find symbol\n  symbol\d   variable ItemTime\n  location\d class com.girlkun.jdbc.daos.GodGK
ERROR:1284:cannot find symbol\n  symbol\d   variable ItemTime\n  location\d class com.girlkun.jdbc.daos.GodGK
ERROR:1285:cannot find symbol\n  symbol\d   variable ItemTime\n  location\d class com.girlkun.jdbc.daos.GodGK
ERROR:1286:cannot find symbol\n  symbol\d   variable ItemTime\n  location\d class com.girlkun.jdbc.daos.GodGK
ERROR:1287:cannot find symbol\n  symbol\d   variable ItemTime\n  location\d class com.girlkun.jdbc.daos.GodGK
ERROR:1288:cannot find symbol\n  symbol\d   variable ItemTime\n  location\d class com.girlkun.jdbc.daos.GodGK
ERROR:1289:cannot find symbol\n  symbol\d   variable ItemTime\n  location\d class com.girlkun.jdbc.daos.GodGK
ERROR:1303:cannot find symbol\n  symbol\d   class JSONArray\n  location\d class com.girlkun.jdbc.daos.GodGK
ERROR:1304:cannot find symbol\n  symbol\d   class TaskMain\n  location\d class com.girlkun.jdbc.daos.GodGK
ERROR:1304:cannot find symbol\n  symbol\d   variable TaskService\n  location\d class com.girlkun.jdbc.daos.GodGK
ERROR:1311:cannot find symbol\n  symbol\d   class JSONArray\n  location\d class com.girlkun.jdbc.daos.GodGK
ERROR:1315:cannot find symbol\n  symbol\d   variable TimeUtil\n  location\d class com.girlkun.jdbc.daos.GodGK
ERROR:1315:cannot find symbol\n  symbol\d   variable TimeUtil\n  location\d class com.girlkun.jdbc.daos.GodGK
ERROR:1316:cannot find symbol\n  symbol\d   variable TaskService\n  location\d class com.girlkun.jdbc.daos.GodGK
ERROR:1325:cannot find symbol\n  symbol\d   class JSONArray\n  location\d class com.girlkun.jdbc.daos.GodGK
ERROR:1327:cannot find symbol\n  symbol\d   class MabuEgg\n  location\d class com.girlkun.jdbc.daos.GodGK
ERROR:1337:cannot find symbol\n  symbol\d   class JSONArray\n  location\d class com.girlkun.jdbc.daos.GodGK
ERROR:1351:cannot find symbol\n  symbol\d   class JSONArray\n  location\d class com.girlkun.jdbc.daos.GodGK
ERROR:1353:cannot find symbol\n  symbol\d   class JSONArray\n  location\d class com.girlkun.jdbc.daos.GodGK
ERROR:1353:cannot find symbol\n  symbol\d   class JSONArray\n  location\d class com.girlkun.jdbc.daos.GodGK
ERROR:1356:cannot find symbol\n  symbol\d   class Skill\n  location\d class com.girlkun.jdbc.daos.GodGK
ERROR:1358:cannot find symbol\n  symbol\d   variable SkillUtil\n  location\d class com.girlkun.jdbc.daos.GodGK
ERROR:1360:cannot find symbol\n  symbol\d   variable SkillUtil\n  location\d class com.girlkun.jdbc.daos.GodGK
ERROR:1368:cannot find symbol\n  symbol\d   class JSONArray\n  location\d class com.girlkun.jdbc.daos.GodGK
ERROR:1379:cannot find symbol\n  symbol\d   variable ConstPlayer\n  location\d class com.girlkun.jdbc.daos.GodGK
ERROR:1380:cannot find symbol\n  symbol\d   variable Skill\n  location\d class com.girlkun.jdbc.daos.GodGK
ERROR:1380:cannot find symbol\n  symbol\d   variable ConstPlayer\n  location\d class com.girlkun.jdbc.daos.GodGK
ERROR:1380:cannot find symbol\n  symbol\d   variable Skill\n  location\d class com.girlkun.jdbc.daos.GodGK
ERROR:1380:cannot find symbol\n  symbol\d   variable Skill\n  location\d class com.girlkun.jdbc.daos.GodGK
ERROR:1385:cannot find symbol\n  symbol\d   class JSONArray\n  location\d class com.girlkun.jdbc.daos.GodGK
ERROR:1385:cannot find symbol\n  symbol\d   class JSONArray\n  location\d class com.girlkun.jdbc.daos.GodGK
ERROR:1387:cannot find symbol\n  symbol\d   class JSONArray\n  location\d class com.girlkun.jdbc.daos.GodGK
ERROR:1388:cannot find symbol\n  symbol\d   class Pet\n  location\d class com.girlkun.jdbc.daos.GodGK
ERROR:1388:cannot find symbol\n  symbol\d   class Pet\n  location\d class com.girlkun.jdbc.daos.GodGK
ERROR:1395:cannot find symbol\n  symbol\d   variable Fusion\n  location\d class com.girlkun.jdbc.daos.GodGK
ERROR:1399:cannot find symbol\n  symbol\d   class JSONArray\n  location\d class com.girlkun.jdbc.daos.GodGK
ERROR:1414:cannot find symbol\n  symbol\d   class JSONArray\n  location\d class com.girlkun.jdbc.daos.GodGK
ERROR:1416:cannot find symbol\n  symbol\d   class Item\n  location\d class com.girlkun.jdbc.daos.GodGK
ERROR:1417:cannot find symbol\n  symbol\d   class JSONArray\n  location\d class com.girlkun.jdbc.daos.GodGK
ERROR:1417:cannot find symbol\n  symbol\d   class JSONArray\n  location\d class com.girlkun.jdbc.daos.GodGK
ERROR:1420:cannot find symbol\n  symbol\d   variable ItemService\n  location\d class com.girlkun.jdbc.daos.GodGK
ERROR:1421:cannot find symbol\n  symbol\d   class JSONArray\n  location\d class com.girlkun.jdbc.daos.GodGK
ERROR:1421:cannot find symbol\n  symbol\d   class JSONArray\n  location\d class com.girlkun.jdbc.daos.GodGK
ERROR:1423:cannot find symbol\n  symbol\d   class JSONArray\n  location\d class com.girlkun.jdbc.daos.GodGK
ERROR:1423:cannot find symbol\n  symbol\d   class JSONArray\n  location\d class com.girlkun.jdbc.daos.GodGK
ERROR:1424:package Item does not exist
ERROR:1428:cannot find symbol\n  symbol\d   variable ItemService\n  location\d class com.girlkun.jdbc.daos.GodGK
ERROR:1429:cannot find symbol\n  symbol\d   variable ItemService\n  location\d class com.girlkun.jdbc.daos.GodGK
ERROR:1432:cannot find symbol\n  symbol\d   variable ItemService\n  location\d class com.girlkun.jdbc.daos.GodGK
ERROR:1438:cannot find symbol\n  symbol\d   class JSONArray\n  location\d class com.girlkun.jdbc.daos.GodGK
ERROR:1440:cannot find symbol\n  symbol\d   class JSONArray\n  location\d class com.girlkun.jdbc.daos.GodGK
ERROR:1440:cannot find symbol\n  symbol\d   class JSONArray\n  location\d class com.girlkun.jdbc.daos.GodGK
ERROR:1443:cannot find symbol\n  symbol\d   class Skill\n  location\d class com.girlkun.jdbc.daos.GodGK
ERROR:1445:cannot find symbol\n  symbol\d   variable SkillUtil\n  location\d class com.girlkun.jdbc.daos.GodGK
ERROR:1447:cannot find symbol\n  symbol\d   variable SkillUtil\n  location\d class com.girlkun.jdbc.daos.GodGK
ERROR:1450:package Skill does not exist
ERROR:1451:package Skill does not exist
ERROR:1452:package Skill does not exist
ERROR:1471:cannot find symbol\n  symbol\d   variable Logger\n  location\d class com.girlkun.jdbc.daos.GodGK
