ERROR:6:package com.girlkun.database does not exist
ERROR:8:package com.girlkun.result does not exist
ERROR:31:package com.girlkun.network.handler does not exist
ERROR:32:package com.girlkun.network.io does not exist
ERROR:33:package com.girlkun.network.session does not exist
ERROR:44:cannot find symbol\n  symbol\d class IMessageHandler
ERROR:56:cannot find symbol\n  symbol\d   class ISession\n  location\d class com.girlkun.server.Controller
ERROR:56:cannot find symbol\n  symbol\d   class Message\n  location\d class com.girlkun.server.Controller
ERROR:504:cannot find symbol\n  symbol\d   class Message\n  location\d class com.girlkun.server.Controller
ERROR:528:cannot find symbol\n  symbol\d   class Message\n  location\d class com.girlkun.server.Controller
ERROR:579:cannot find symbol\n  symbol\d   class Message\n  location\d class com.girlkun.server.Controller
ERROR:607:cannot find symbol\n  symbol\d   class Message\n  location\d class com.girlkun.server.Controller
ERROR:652:cannot find symbol\n  symbol\d   class Message\n  location\d class com.girlkun.server.Controller
ERROR:55:method does not override or implement a method from a supertype
ERROR:395:cannot find symbol\n  symbol\d   method getTypeChangeMap()\n  location\d variable iDMark of type com.girlkun.models.player.IDMark
ERROR:609:cannot find symbol\n  symbol\d   class GirlkunResultSet\n  location\d class com.girlkun.server.Controller
ERROR:616:cannot find symbol\n  symbol\d   variable GirlkunDB\n  location\d class com.girlkun.server.Controller
ERROR:522:exception java.io.IOException is never thrown in body of corresponding try statement
ERROR:573:exception java.io.IOException is never thrown in body of corresponding try statement
ERROR:601:exception java.io.IOException is never thrown in body of corresponding try statement
